{
  "stats": {
    "suites": 1,
    "tests": 1,
    "passes": 1,
    "pending": 0,
    "failures": 0,
    "start": "2021-03-08T04:13:56.046Z",
    "end": "2021-03-08T04:14:01.536Z",
    "duration": 5490,
    "testsRegistered": 1,
    "passPercent": 100,
    "pendingPercent": 0,
    "other": 0,
    "hasOther": false,
    "skipped": 0,
    "hasSkipped": false
  },
  "results": [
    {
      "uuid": "2ad6d524-a11e-4284-8970-28098f4fedf1",
      "title": "",
      "fullFile": "cypress/integration/login.spec.js",
      "file": "cypress/integration/login.spec.js",
      "beforeHooks": [],
      "afterHooks": [],
      "tests": [],
      "suites": [
        {
          "uuid": "d165258c-fca2-427f-8a34-19b282969c1c",
          "title": "Login to the admin panel",
          "fullFile": "",
          "file": "",
          "beforeHooks": [],
          "afterHooks": [],
          "tests": [
            {
              "title": "see the manage and settings menu",
              "fullTitle": "Login to the admin panel see the manage and settings menu",
              "timedOut": null,
              "duration": 5285,
              "state": "passed",
              "speed": "slow",
              "pass": true,
              "fail": false,
              "pending": false,
              "context": null,
              "code": "cy.visit('signin');\ncy.get('.email').type('deyvidm18@gmail.com').should('have.value', 'deyvidm18@gmail.com');\ncy.get('.password').type('m!K5K8V@HkFkPMr').should('have.value', 'm!K5K8V@HkFkPMr');\ncy.get('.login').click();\ncy.get('ul.gh-nav-manage > li.gh-nav-list-h:first-child').should('have.text', 'Manage');\ncy.get('ul.gh-nav-settings > li.gh-nav-list-h:first-child').should('have.text', 'Settings');",
              "err": {},
              "uuid": "aa9d2b90-7b67-4f60-b40c-df5426495afd",
              "parentUUID": "d165258c-fca2-427f-8a34-19b282969c1c",
              "isHook": false,
              "skipped": false
            }
          ],
          "suites": [],
          "passes": [
            "aa9d2b90-7b67-4f60-b40c-df5426495afd"
          ],
          "failures": [],
          "pending": [],
          "skipped": [],
          "duration": 5285,
          "root": false,
          "rootEmpty": false,
          "_timeout": 2000
        }
      ],
      "passes": [],
      "failures": [],
      "pending": [],
      "skipped": [],
      "duration": 0,
      "root": true,
      "rootEmpty": true,
      "_timeout": 2000
    }
  ],
  "meta": {
    "mocha": {
      "version": "7.0.1"
    },
    "mochawesome": {
      "options": {
        "quiet": false,
        "reportFilename": "mochawesome",
        "saveHtml": false,
        "saveJson": true,
        "consoleReporter": "spec",
        "useInlineDiffs": false,
        "code": true
      },
      "version": "6.2.2"
    },
    "marge": {
      "options": {
        "charts": true,
        "overwrite": false,
        "html": false,
        "json": true,
        "reportDir": "cypress/report/mochawesome-report"
      },
      "version": "5.2.0"
    }
  }
}