{
  "stats": {
    "suites": 1,
    "tests": 1,
    "passes": 1,
    "pending": 0,
    "failures": 0,
    "start": "2021-03-08T04:15:04.431Z",
    "end": "2021-03-08T04:15:08.992Z",
    "duration": 4561,
    "testsRegistered": 1,
    "passPercent": 100,
    "pendingPercent": 0,
    "other": 0,
    "hasOther": false,
    "skipped": 0,
    "hasSkipped": false
  },
  "results": [
    {
      "uuid": "cbba24ca-2214-4d28-a9f3-1c9ec2a02ad2",
      "title": "",
      "fullFile": "cypress/integration/view_labs.js",
      "file": "cypress/integration/view_labs.js",
      "beforeHooks": [],
      "afterHooks": [],
      "tests": [],
      "suites": [
        {
          "uuid": "b89bc75f-f3f5-414c-9de6-f5facec5aea5",
          "title": "View labs",
          "fullFile": "",
          "file": "",
          "beforeHooks": [],
          "afterHooks": [],
          "tests": [
            {
              "title": "view experimental features page",
              "fullTitle": "View labs view experimental features page",
              "timedOut": null,
              "duration": 4405,
              "state": "passed",
              "speed": "slow",
              "pass": true,
              "fail": false,
              "pending": false,
              "context": null,
              "code": "cy.visit('signin');\ncy.get('.email').type('deyvidm18@gmail.com').should('have.value', 'deyvidm18@gmail.com');\ncy.get('.password').type('m!K5K8V@HkFkPMr').should('have.value', 'm!K5K8V@HkFkPMr');\ncy.get('.login').click();\ncy.get('ul.gh-nav-manage > li.gh-nav-list-h:first-child').should('have.text', 'Manage');\ncy.get('ul.gh-nav-settings > li.gh-nav-list-h:first-child').should('have.text', 'Settings');\ncy.visit('settings/labs');\ncy.get('.gh-canvas-title').should('have.text', '\\n            Labs\\n        ');",
              "err": {},
              "uuid": "43b41a4d-8c87-4fcb-8dce-f4200e4cced2",
              "parentUUID": "b89bc75f-f3f5-414c-9de6-f5facec5aea5",
              "isHook": false,
              "skipped": false
            }
          ],
          "suites": [],
          "passes": [
            "43b41a4d-8c87-4fcb-8dce-f4200e4cced2"
          ],
          "failures": [],
          "pending": [],
          "skipped": [],
          "duration": 4405,
          "root": false,
          "rootEmpty": false,
          "_timeout": 2000
        }
      ],
      "passes": [],
      "failures": [],
      "pending": [],
      "skipped": [],
      "duration": 0,
      "root": true,
      "rootEmpty": true,
      "_timeout": 2000
    }
  ],
  "meta": {
    "mocha": {
      "version": "7.0.1"
    },
    "mochawesome": {
      "options": {
        "quiet": false,
        "reportFilename": "mochawesome",
        "saveHtml": false,
        "saveJson": true,
        "consoleReporter": "spec",
        "useInlineDiffs": false,
        "code": true
      },
      "version": "6.2.2"
    },
    "marge": {
      "options": {
        "charts": true,
        "overwrite": false,
        "html": false,
        "json": true,
        "reportDir": "cypress/report/mochawesome-report"
      },
      "version": "5.2.0"
    }
  }
}