{
  "stats": {
    "suites": 1,
    "tests": 11,
    "passes": 11,
    "pending": 0,
    "failures": 0,
    "start": "2021-03-14T23:32:24.487Z",
    "end": "2021-03-14T23:33:09.209Z",
    "duration": 44722,
    "testsRegistered": 11,
    "passPercent": 100,
    "pendingPercent": 0,
    "other": 0,
    "hasOther": false,
    "skipped": 0,
    "hasSkipped": false
  },
  "results": [
    {
      "uuid": "e9a70b31-d5fb-4722-b820-b5553d1a78c2",
      "title": "",
      "fullFile": "cypress/integration/aleatorio/new_tag.spec.js",
      "file": "cypress/integration/aleatorio/new_tag.spec.js",
      "beforeHooks": [],
      "afterHooks": [],
      "tests": [],
      "suites": [
        {
          "uuid": "80c21181-84f3-486d-b6b8-7f44258490bd",
          "title": "Create new tag",
          "fullFile": "",
          "file": "",
          "beforeHooks": [],
          "afterHooks": [],
          "tests": [
            {
              "title": "create new tag",
              "fullTitle": "Create new tag create new tag",
              "timedOut": null,
              "duration": 8511,
              "state": "passed",
              "speed": "slow",
              "pass": true,
              "fail": false,
              "pending": false,
              "context": null,
              "code": "var tag = faker.commerce.productName();\ncy.visit('signin');\ncy.get('.email').type('deyvidm18@gmail.com').should('have.value', 'deyvidm18@gmail.com');\ncy.get('.password').type('m!K5K8V@HkFkPMr').should('have.value', 'm!K5K8V@HkFkPMr');\ncy.get('.login').click();\ncy.get('ul.gh-nav-manage > li.gh-nav-list-h:first-child').should('have.text', 'Manage');\ncy.get('ul.gh-nav-settings > li.gh-nav-list-h:first-child').should('have.text', 'Settings');\ncy.get('ul.gh-nav-manage > li:nth-child(4) > a').click();\ncy.get('.view-actions >.gh-btn-green').click({\n  \"force\": true\n});\ncy.get('#tag-name').type(tag, {\n  \"force\": true\n}).should('have.value', tag);\ncy.get('#tag-description').type('description', {\n  \"force\": true\n}).should('have.value', 'description');\ncy.get('[name=accent-color]').type('800080', {\n  \"force\": true\n}).should('have.value', '800080');\ncy.get('.view-actions > button.gh-btn-blue').click({\n  \"force\": true\n});",
              "err": {},
              "uuid": "c923e47e-e7f0-465c-bc0e-468b57baaeff",
              "parentUUID": "80c21181-84f3-486d-b6b8-7f44258490bd",
              "isHook": false,
              "skipped": false
            },
            {
              "title": "create new tag",
              "fullTitle": "Create new tag create new tag",
              "timedOut": null,
              "duration": 3985,
              "state": "passed",
              "speed": "slow",
              "pass": true,
              "fail": false,
              "pending": false,
              "context": null,
              "code": "var tag = faker.commerce.productName();\ncy.visit('signin');\ncy.get('.email').type('deyvidm18@gmail.com').should('have.value', 'deyvidm18@gmail.com');\ncy.get('.password').type('m!K5K8V@HkFkPMr').should('have.value', 'm!K5K8V@HkFkPMr');\ncy.get('.login').click();\ncy.get('ul.gh-nav-manage > li.gh-nav-list-h:first-child').should('have.text', 'Manage');\ncy.get('ul.gh-nav-settings > li.gh-nav-list-h:first-child').should('have.text', 'Settings');\ncy.get('ul.gh-nav-manage > li:nth-child(4) > a').click();\ncy.get('.view-actions >.gh-btn-green').click({\n  \"force\": true\n});\ncy.get('#tag-name').type(tag, {\n  \"force\": true\n}).should('have.value', tag);\ncy.get('#tag-description').type('description', {\n  \"force\": true\n}).should('have.value', 'description');\ncy.get('[name=accent-color]').type('800080', {\n  \"force\": true\n}).should('have.value', '800080');\ncy.get('.view-actions > button.gh-btn-blue').click({\n  \"force\": true\n});",
              "err": {},
              "uuid": "f7f2e6ea-7c98-47aa-b394-70d59be4fae1",
              "parentUUID": "80c21181-84f3-486d-b6b8-7f44258490bd",
              "isHook": false,
              "skipped": false
            },
            {
              "title": "create new tag",
              "fullTitle": "Create new tag create new tag",
              "timedOut": null,
              "duration": 3669,
              "state": "passed",
              "speed": "slow",
              "pass": true,
              "fail": false,
              "pending": false,
              "context": null,
              "code": "var tag = faker.commerce.productName();\ncy.visit('signin');\ncy.get('.email').type('deyvidm18@gmail.com').should('have.value', 'deyvidm18@gmail.com');\ncy.get('.password').type('m!K5K8V@HkFkPMr').should('have.value', 'm!K5K8V@HkFkPMr');\ncy.get('.login').click();\ncy.get('ul.gh-nav-manage > li.gh-nav-list-h:first-child').should('have.text', 'Manage');\ncy.get('ul.gh-nav-settings > li.gh-nav-list-h:first-child').should('have.text', 'Settings');\ncy.get('ul.gh-nav-manage > li:nth-child(4) > a').click();\ncy.get('.view-actions >.gh-btn-green').click({\n  \"force\": true\n});\ncy.get('#tag-name').type(tag, {\n  \"force\": true\n}).should('have.value', tag);\ncy.get('#tag-description').type('description', {\n  \"force\": true\n}).should('have.value', 'description');\ncy.get('[name=accent-color]').type('800080', {\n  \"force\": true\n}).should('have.value', '800080');\ncy.get('.view-actions > button.gh-btn-blue').click({\n  \"force\": true\n});",
              "err": {},
              "uuid": "ffbca7cc-ce2d-4f2a-a6ea-f49257263db8",
              "parentUUID": "80c21181-84f3-486d-b6b8-7f44258490bd",
              "isHook": false,
              "skipped": false
            },
            {
              "title": "create new tag",
              "fullTitle": "Create new tag create new tag",
              "timedOut": null,
              "duration": 3884,
              "state": "passed",
              "speed": "slow",
              "pass": true,
              "fail": false,
              "pending": false,
              "context": null,
              "code": "var tag = faker.commerce.productName();\ncy.visit('signin');\ncy.get('.email').type('deyvidm18@gmail.com').should('have.value', 'deyvidm18@gmail.com');\ncy.get('.password').type('m!K5K8V@HkFkPMr').should('have.value', 'm!K5K8V@HkFkPMr');\ncy.get('.login').click();\ncy.get('ul.gh-nav-manage > li.gh-nav-list-h:first-child').should('have.text', 'Manage');\ncy.get('ul.gh-nav-settings > li.gh-nav-list-h:first-child').should('have.text', 'Settings');\ncy.get('ul.gh-nav-manage > li:nth-child(4) > a').click();\ncy.get('.view-actions >.gh-btn-green').click({\n  \"force\": true\n});\ncy.get('#tag-name').type(tag, {\n  \"force\": true\n}).should('have.value', tag);\ncy.get('#tag-description').type('description', {\n  \"force\": true\n}).should('have.value', 'description');\ncy.get('[name=accent-color]').type('800080', {\n  \"force\": true\n}).should('have.value', '800080');\ncy.get('.view-actions > button.gh-btn-blue').click({\n  \"force\": true\n});",
              "err": {},
              "uuid": "0cd00f51-dba4-4ef1-bde3-149afa0036dc",
              "parentUUID": "80c21181-84f3-486d-b6b8-7f44258490bd",
              "isHook": false,
              "skipped": false
            },
            {
              "title": "create new tag",
              "fullTitle": "Create new tag create new tag",
              "timedOut": null,
              "duration": 3352,
              "state": "passed",
              "speed": "slow",
              "pass": true,
              "fail": false,
              "pending": false,
              "context": null,
              "code": "var tag = faker.commerce.productName();\ncy.visit('signin');\ncy.get('.email').type('deyvidm18@gmail.com').should('have.value', 'deyvidm18@gmail.com');\ncy.get('.password').type('m!K5K8V@HkFkPMr').should('have.value', 'm!K5K8V@HkFkPMr');\ncy.get('.login').click();\ncy.get('ul.gh-nav-manage > li.gh-nav-list-h:first-child').should('have.text', 'Manage');\ncy.get('ul.gh-nav-settings > li.gh-nav-list-h:first-child').should('have.text', 'Settings');\ncy.get('ul.gh-nav-manage > li:nth-child(4) > a').click();\ncy.get('.view-actions >.gh-btn-green').click({\n  \"force\": true\n});\ncy.get('#tag-name').type(tag, {\n  \"force\": true\n}).should('have.value', tag);\ncy.get('#tag-description').type('description', {\n  \"force\": true\n}).should('have.value', 'description');\ncy.get('[name=accent-color]').type('800080', {\n  \"force\": true\n}).should('have.value', '800080');\ncy.get('.view-actions > button.gh-btn-blue').click({\n  \"force\": true\n});",
              "err": {},
              "uuid": "bfaf7268-f496-4e46-a3f6-d69d48c7bd26",
              "parentUUID": "80c21181-84f3-486d-b6b8-7f44258490bd",
              "isHook": false,
              "skipped": false
            },
            {
              "title": "create new tag",
              "fullTitle": "Create new tag create new tag",
              "timedOut": null,
              "duration": 3375,
              "state": "passed",
              "speed": "slow",
              "pass": true,
              "fail": false,
              "pending": false,
              "context": null,
              "code": "var tag = faker.commerce.productName();\ncy.visit('signin');\ncy.get('.email').type('deyvidm18@gmail.com').should('have.value', 'deyvidm18@gmail.com');\ncy.get('.password').type('m!K5K8V@HkFkPMr').should('have.value', 'm!K5K8V@HkFkPMr');\ncy.get('.login').click();\ncy.get('ul.gh-nav-manage > li.gh-nav-list-h:first-child').should('have.text', 'Manage');\ncy.get('ul.gh-nav-settings > li.gh-nav-list-h:first-child').should('have.text', 'Settings');\ncy.get('ul.gh-nav-manage > li:nth-child(4) > a').click();\ncy.get('.view-actions >.gh-btn-green').click({\n  \"force\": true\n});\ncy.get('#tag-name').type(tag, {\n  \"force\": true\n}).should('have.value', tag);\ncy.get('#tag-description').type('description', {\n  \"force\": true\n}).should('have.value', 'description');\ncy.get('[name=accent-color]').type('800080', {\n  \"force\": true\n}).should('have.value', '800080');\ncy.get('.view-actions > button.gh-btn-blue').click({\n  \"force\": true\n});",
              "err": {},
              "uuid": "b00e0283-823b-4e8a-ae0a-1798574f96f2",
              "parentUUID": "80c21181-84f3-486d-b6b8-7f44258490bd",
              "isHook": false,
              "skipped": false
            },
            {
              "title": "create new tag",
              "fullTitle": "Create new tag create new tag",
              "timedOut": null,
              "duration": 3422,
              "state": "passed",
              "speed": "slow",
              "pass": true,
              "fail": false,
              "pending": false,
              "context": null,
              "code": "var tag = faker.commerce.productName();\ncy.visit('signin');\ncy.get('.email').type('deyvidm18@gmail.com').should('have.value', 'deyvidm18@gmail.com');\ncy.get('.password').type('m!K5K8V@HkFkPMr').should('have.value', 'm!K5K8V@HkFkPMr');\ncy.get('.login').click();\ncy.get('ul.gh-nav-manage > li.gh-nav-list-h:first-child').should('have.text', 'Manage');\ncy.get('ul.gh-nav-settings > li.gh-nav-list-h:first-child').should('have.text', 'Settings');\ncy.get('ul.gh-nav-manage > li:nth-child(4) > a').click();\ncy.get('.view-actions >.gh-btn-green').click({\n  \"force\": true\n});\ncy.get('#tag-name').type(tag, {\n  \"force\": true\n}).should('have.value', tag);\ncy.get('#tag-description').type('description', {\n  \"force\": true\n}).should('have.value', 'description');\ncy.get('[name=accent-color]').type('800080', {\n  \"force\": true\n}).should('have.value', '800080');\ncy.get('.view-actions > button.gh-btn-blue').click({\n  \"force\": true\n});",
              "err": {},
              "uuid": "b1ce1adf-6c44-4845-b0a7-a388138ec6d7",
              "parentUUID": "80c21181-84f3-486d-b6b8-7f44258490bd",
              "isHook": false,
              "skipped": false
            },
            {
              "title": "create new tag",
              "fullTitle": "Create new tag create new tag",
              "timedOut": null,
              "duration": 3784,
              "state": "passed",
              "speed": "slow",
              "pass": true,
              "fail": false,
              "pending": false,
              "context": null,
              "code": "var tag = faker.commerce.productName();\ncy.visit('signin');\ncy.get('.email').type('deyvidm18@gmail.com').should('have.value', 'deyvidm18@gmail.com');\ncy.get('.password').type('m!K5K8V@HkFkPMr').should('have.value', 'm!K5K8V@HkFkPMr');\ncy.get('.login').click();\ncy.get('ul.gh-nav-manage > li.gh-nav-list-h:first-child').should('have.text', 'Manage');\ncy.get('ul.gh-nav-settings > li.gh-nav-list-h:first-child').should('have.text', 'Settings');\ncy.get('ul.gh-nav-manage > li:nth-child(4) > a').click();\ncy.get('.view-actions >.gh-btn-green').click({\n  \"force\": true\n});\ncy.get('#tag-name').type(tag, {\n  \"force\": true\n}).should('have.value', tag);\ncy.get('#tag-description').type('description', {\n  \"force\": true\n}).should('have.value', 'description');\ncy.get('[name=accent-color]').type('800080', {\n  \"force\": true\n}).should('have.value', '800080');\ncy.get('.view-actions > button.gh-btn-blue').click({\n  \"force\": true\n});",
              "err": {},
              "uuid": "3c20888b-2bed-44a1-8155-7d9371bf20b8",
              "parentUUID": "80c21181-84f3-486d-b6b8-7f44258490bd",
              "isHook": false,
              "skipped": false
            },
            {
              "title": "create new tag",
              "fullTitle": "Create new tag create new tag",
              "timedOut": null,
              "duration": 3650,
              "state": "passed",
              "speed": "slow",
              "pass": true,
              "fail": false,
              "pending": false,
              "context": null,
              "code": "var tag = faker.commerce.productName();\ncy.visit('signin');\ncy.get('.email').type('deyvidm18@gmail.com').should('have.value', 'deyvidm18@gmail.com');\ncy.get('.password').type('m!K5K8V@HkFkPMr').should('have.value', 'm!K5K8V@HkFkPMr');\ncy.get('.login').click();\ncy.get('ul.gh-nav-manage > li.gh-nav-list-h:first-child').should('have.text', 'Manage');\ncy.get('ul.gh-nav-settings > li.gh-nav-list-h:first-child').should('have.text', 'Settings');\ncy.get('ul.gh-nav-manage > li:nth-child(4) > a').click();\ncy.get('.view-actions >.gh-btn-green').click({\n  \"force\": true\n});\ncy.get('#tag-name').type(tag, {\n  \"force\": true\n}).should('have.value', tag);\ncy.get('#tag-description').type('description', {\n  \"force\": true\n}).should('have.value', 'description');\ncy.get('[name=accent-color]').type('800080', {\n  \"force\": true\n}).should('have.value', '800080');\ncy.get('.view-actions > button.gh-btn-blue').click({\n  \"force\": true\n});",
              "err": {},
              "uuid": "4600d17a-bb02-4c93-aec3-b17cceb99707",
              "parentUUID": "80c21181-84f3-486d-b6b8-7f44258490bd",
              "isHook": false,
              "skipped": false
            },
            {
              "title": "create new tag",
              "fullTitle": "Create new tag create new tag",
              "timedOut": null,
              "duration": 3263,
              "state": "passed",
              "speed": "slow",
              "pass": true,
              "fail": false,
              "pending": false,
              "context": null,
              "code": "var tag = faker.commerce.productName();\ncy.visit('signin');\ncy.get('.email').type('deyvidm18@gmail.com').should('have.value', 'deyvidm18@gmail.com');\ncy.get('.password').type('m!K5K8V@HkFkPMr').should('have.value', 'm!K5K8V@HkFkPMr');\ncy.get('.login').click();\ncy.get('ul.gh-nav-manage > li.gh-nav-list-h:first-child').should('have.text', 'Manage');\ncy.get('ul.gh-nav-settings > li.gh-nav-list-h:first-child').should('have.text', 'Settings');\ncy.get('ul.gh-nav-manage > li:nth-child(4) > a').click();\ncy.get('.view-actions >.gh-btn-green').click({\n  \"force\": true\n});\ncy.get('#tag-name').type(tag, {\n  \"force\": true\n}).should('have.value', tag);\ncy.get('#tag-description').type('description', {\n  \"force\": true\n}).should('have.value', 'description');\ncy.get('[name=accent-color]').type('800080', {\n  \"force\": true\n}).should('have.value', '800080');\ncy.get('.view-actions > button.gh-btn-blue').click({\n  \"force\": true\n});",
              "err": {},
              "uuid": "af704181-12f1-4dc3-8a09-4b4623af5ef5",
              "parentUUID": "80c21181-84f3-486d-b6b8-7f44258490bd",
              "isHook": false,
              "skipped": false
            },
            {
              "title": "create new tag",
              "fullTitle": "Create new tag create new tag",
              "timedOut": null,
              "duration": 3515,
              "state": "passed",
              "speed": "slow",
              "pass": true,
              "fail": false,
              "pending": false,
              "context": null,
              "code": "var tag = faker.commerce.productName();\ncy.visit('signin');\ncy.get('.email').type('deyvidm18@gmail.com').should('have.value', 'deyvidm18@gmail.com');\ncy.get('.password').type('m!K5K8V@HkFkPMr').should('have.value', 'm!K5K8V@HkFkPMr');\ncy.get('.login').click();\ncy.get('ul.gh-nav-manage > li.gh-nav-list-h:first-child').should('have.text', 'Manage');\ncy.get('ul.gh-nav-settings > li.gh-nav-list-h:first-child').should('have.text', 'Settings');\ncy.get('ul.gh-nav-manage > li:nth-child(4) > a').click();\ncy.get('.view-actions >.gh-btn-green').click({\n  \"force\": true\n});\ncy.get('#tag-name').type(tag, {\n  \"force\": true\n}).should('have.value', tag);\ncy.get('#tag-description').type('description', {\n  \"force\": true\n}).should('have.value', 'description');\ncy.get('[name=accent-color]').type('800080', {\n  \"force\": true\n}).should('have.value', '800080');\ncy.get('.view-actions > button.gh-btn-blue').click({\n  \"force\": true\n});",
              "err": {},
              "uuid": "d279ebc6-7aa9-4546-9ce0-1dcb938a8067",
              "parentUUID": "80c21181-84f3-486d-b6b8-7f44258490bd",
              "isHook": false,
              "skipped": false
            }
          ],
          "suites": [],
          "passes": [
            "c923e47e-e7f0-465c-bc0e-468b57baaeff",
            "f7f2e6ea-7c98-47aa-b394-70d59be4fae1",
            "ffbca7cc-ce2d-4f2a-a6ea-f49257263db8",
            "0cd00f51-dba4-4ef1-bde3-149afa0036dc",
            "bfaf7268-f496-4e46-a3f6-d69d48c7bd26",
            "b00e0283-823b-4e8a-ae0a-1798574f96f2",
            "b1ce1adf-6c44-4845-b0a7-a388138ec6d7",
            "3c20888b-2bed-44a1-8155-7d9371bf20b8",
            "4600d17a-bb02-4c93-aec3-b17cceb99707",
            "af704181-12f1-4dc3-8a09-4b4623af5ef5",
            "d279ebc6-7aa9-4546-9ce0-1dcb938a8067"
          ],
          "failures": [],
          "pending": [],
          "skipped": [],
          "duration": 44410,
          "root": false,
          "rootEmpty": false,
          "_timeout": 2000
        }
      ],
      "passes": [],
      "failures": [],
      "pending": [],
      "skipped": [],
      "duration": 0,
      "root": true,
      "rootEmpty": true,
      "_timeout": 2000
    }
  ],
  "meta": {
    "mocha": {
      "version": "7.0.1"
    },
    "mochawesome": {
      "options": {
        "quiet": false,
        "reportFilename": "mochawesome",
        "saveHtml": false,
        "saveJson": true,
        "consoleReporter": "spec",
        "useInlineDiffs": false,
        "code": true
      },
      "version": "6.2.2"
    },
    "marge": {
      "options": {
        "charts": true,
        "overwrite": false,
        "html": false,
        "json": true,
        "reportDir": "cypress/report/mochawesome-report"
      },
      "version": "5.2.0"
    }
  }
}