{
  "stats": {
    "suites": 1,
    "tests": 10,
    "passes": 10,
    "pending": 0,
    "failures": 0,
    "start": "2021-03-14T23:33:54.552Z",
    "end": "2021-03-14T23:34:11.856Z",
    "duration": 17304,
    "testsRegistered": 10,
    "passPercent": 100,
    "pendingPercent": 0,
    "other": 0,
    "hasOther": false,
    "skipped": 0,
    "hasSkipped": false
  },
  "results": [
    {
      "uuid": "6d12785c-515e-4503-a39e-7835d043f976",
      "title": "",
      "fullFile": "cypress/integration/pool-datos/login.spec.js",
      "file": "cypress/integration/pool-datos/login.spec.js",
      "beforeHooks": [],
      "afterHooks": [],
      "tests": [],
      "suites": [
        {
          "uuid": "87ee8f2e-ebb4-486f-b7ac-c70b00aa3a4d",
          "title": "Login to the admin panel",
          "fullFile": "",
          "file": "",
          "beforeHooks": [],
          "afterHooks": [],
          "tests": [
            {
              "title": "bad user",
              "fullTitle": "Login to the admin panel bad user",
              "timedOut": null,
              "duration": 4364,
              "state": "passed",
              "speed": "slow",
              "pass": true,
              "fail": false,
              "pending": false,
              "context": null,
              "code": "cy.fixture(\"pool-data.json\").then(function (data) {\n  var user = data.user;\n  var password = data.password;\n  cy.visit(\"signin\");\n  cy.get(\".email\").type(user).should(\"have.value\", user);\n  cy.get(\".password\").type(password).should(\"have.value\", password);\n  cy.get(\".login\").click();\n  cy.get(\".main-error\").should(\"be.visible\");\n});",
              "err": {},
              "uuid": "d57faa92-a95a-4eac-ad2c-a408ae6c4d34",
              "parentUUID": "87ee8f2e-ebb4-486f-b7ac-c70b00aa3a4d",
              "isHook": false,
              "skipped": false
            },
            {
              "title": "bad user",
              "fullTitle": "Login to the admin panel bad user",
              "timedOut": null,
              "duration": 1375,
              "state": "passed",
              "speed": "slow",
              "pass": true,
              "fail": false,
              "pending": false,
              "context": null,
              "code": "cy.fixture(\"pool-data.json\").then(function (data) {\n  var user = data.user2;\n  var password = data.password;\n  cy.visit(\"signin\");\n  cy.get(\".email\").type(user).should(\"have.value\", user);\n  cy.get(\".password\").type(password).should(\"have.value\", password);\n  cy.get(\".login\").click();\n  cy.get(\".main-error\").should(\"be.visible\");\n});",
              "err": {},
              "uuid": "a9346663-3a84-48e0-86f4-a6008072fcec",
              "parentUUID": "87ee8f2e-ebb4-486f-b7ac-c70b00aa3a4d",
              "isHook": false,
              "skipped": false
            },
            {
              "title": "bad user",
              "fullTitle": "Login to the admin panel bad user",
              "timedOut": null,
              "duration": 1545,
              "state": "passed",
              "speed": "slow",
              "pass": true,
              "fail": false,
              "pending": false,
              "context": null,
              "code": "cy.fixture(\"pool-data.json\").then(function (data) {\n  var user = data.user3;\n  var password = data.password;\n  cy.visit(\"signin\");\n  cy.get(\".email\").type(user).should(\"have.value\", user);\n  cy.get(\".password\").type(password).should(\"have.value\", password);\n  cy.get(\".login\").click();\n  cy.get(\".main-error\").should(\"be.visible\");\n});",
              "err": {},
              "uuid": "4223012d-bec4-4de6-bcc9-e0a82c4c46a2",
              "parentUUID": "87ee8f2e-ebb4-486f-b7ac-c70b00aa3a4d",
              "isHook": false,
              "skipped": false
            },
            {
              "title": "bad user",
              "fullTitle": "Login to the admin panel bad user",
              "timedOut": null,
              "duration": 1449,
              "state": "passed",
              "speed": "slow",
              "pass": true,
              "fail": false,
              "pending": false,
              "context": null,
              "code": "cy.fixture(\"pool-data.json\").then(function (data) {\n  var user = data.user4;\n  var password = data.password;\n  cy.visit(\"signin\");\n  cy.get(\".email\").type(user).should(\"have.value\", user);\n  cy.get(\".password\").type(password).should(\"have.value\", password);\n  cy.get(\".login\").click();\n  cy.get(\".main-error\").should(\"be.visible\");\n});",
              "err": {},
              "uuid": "ccf3e4c5-71f7-44af-a5a8-2fea9d42b6c4",
              "parentUUID": "87ee8f2e-ebb4-486f-b7ac-c70b00aa3a4d",
              "isHook": false,
              "skipped": false
            },
            {
              "title": "bad user",
              "fullTitle": "Login to the admin panel bad user",
              "timedOut": null,
              "duration": 2052,
              "state": "passed",
              "speed": "slow",
              "pass": true,
              "fail": false,
              "pending": false,
              "context": null,
              "code": "cy.fixture(\"pool-data.json\").then(function (data) {\n  var user = data.user5;\n  var password = data.password;\n  cy.visit(\"signin\");\n  cy.get(\".email\").type(user).should(\"have.value\", user);\n  cy.get(\".password\").type(password).should(\"have.value\", password);\n  cy.get(\".login\").click();\n  cy.get(\".main-error\").should(\"be.visible\");\n});",
              "err": {},
              "uuid": "89501c1b-e945-46fd-8bf7-8fa4f70b9d7d",
              "parentUUID": "87ee8f2e-ebb4-486f-b7ac-c70b00aa3a4d",
              "isHook": false,
              "skipped": false
            },
            {
              "title": "bad password",
              "fullTitle": "Login to the admin panel bad password",
              "timedOut": null,
              "duration": 1221,
              "state": "passed",
              "speed": "slow",
              "pass": true,
              "fail": false,
              "pending": false,
              "context": null,
              "code": "cy.fixture(\"pool-data.json\").then(function (data) {\n  var user = 'deyvidm18@gmail.com';\n  var password = data.password2;\n  cy.visit(\"signin\");\n  cy.get(\".email\").type(user).should(\"have.value\", user);\n  cy.get(\".password\").type(password).should(\"have.value\", password);\n  cy.get(\".login\").click();\n  cy.get(\".main-error\").should(\"be.visible\");\n});",
              "err": {},
              "uuid": "0bac2a04-7a12-4f70-84ee-89264d2269d0",
              "parentUUID": "87ee8f2e-ebb4-486f-b7ac-c70b00aa3a4d",
              "isHook": false,
              "skipped": false
            },
            {
              "title": "bad password",
              "fullTitle": "Login to the admin panel bad password",
              "timedOut": null,
              "duration": 1328,
              "state": "passed",
              "speed": "slow",
              "pass": true,
              "fail": false,
              "pending": false,
              "context": null,
              "code": "cy.fixture(\"pool-data.json\").then(function (data) {\n  var user = 'deyvidm18@gmail.com';\n  var password = data.password3;\n  cy.visit(\"signin\");\n  cy.get(\".email\").type(user).should(\"have.value\", user);\n  cy.get(\".password\").type(password).should(\"have.value\", password);\n  cy.get(\".login\").click();\n  cy.get(\".main-error\").should(\"be.visible\");\n});",
              "err": {},
              "uuid": "0a968c89-861d-4196-8521-fabf92a3acb6",
              "parentUUID": "87ee8f2e-ebb4-486f-b7ac-c70b00aa3a4d",
              "isHook": false,
              "skipped": false
            },
            {
              "title": "bad password",
              "fullTitle": "Login to the admin panel bad password",
              "timedOut": null,
              "duration": 1273,
              "state": "passed",
              "speed": "slow",
              "pass": true,
              "fail": false,
              "pending": false,
              "context": null,
              "code": "cy.fixture(\"pool-data.json\").then(function (data) {\n  var user = 'deyvidm18@gmail.com';\n  var password = data.password4;\n  cy.visit(\"signin\");\n  cy.get(\".email\").type(user).should(\"have.value\", user);\n  cy.get(\".password\").type(password).should(\"have.value\", password);\n  cy.get(\".login\").click();\n  cy.get(\".main-error\").should(\"be.visible\");\n});",
              "err": {},
              "uuid": "e247594a-584a-4238-9231-ab2574d83804",
              "parentUUID": "87ee8f2e-ebb4-486f-b7ac-c70b00aa3a4d",
              "isHook": false,
              "skipped": false
            },
            {
              "title": "bad password",
              "fullTitle": "Login to the admin panel bad password",
              "timedOut": null,
              "duration": 1245,
              "state": "passed",
              "speed": "slow",
              "pass": true,
              "fail": false,
              "pending": false,
              "context": null,
              "code": "cy.fixture(\"pool-data.json\").then(function (data) {\n  var user = 'deyvidm18@gmail.com';\n  var password = data.password5;\n  cy.visit(\"signin\");\n  cy.get(\".email\").type(user).should(\"have.value\", user);\n  cy.get(\".password\").type(password).should(\"have.value\", password);\n  cy.get(\".login\").click();\n  cy.get(\".main-error\").should(\"be.visible\");\n});",
              "err": {},
              "uuid": "599b13d9-ae09-41f9-be40-63e46d4b686e",
              "parentUUID": "87ee8f2e-ebb4-486f-b7ac-c70b00aa3a4d",
              "isHook": false,
              "skipped": false
            },
            {
              "title": "bad password",
              "fullTitle": "Login to the admin panel bad password",
              "timedOut": null,
              "duration": 1260,
              "state": "passed",
              "speed": "slow",
              "pass": true,
              "fail": false,
              "pending": false,
              "context": null,
              "code": "cy.fixture(\"pool-data.json\").then(function (data) {\n  var user = 'deyvidm18@gmail.com';\n  var password = data.password6;\n  cy.visit(\"signin\");\n  cy.get(\".email\").type(user).should(\"have.value\", user);\n  cy.get(\".password\").type(password).should(\"have.value\", password);\n  cy.get(\".login\").click();\n  cy.get(\".main-error\").should(\"be.visible\");\n});",
              "err": {},
              "uuid": "92d1d471-c645-44b4-bd0f-e6ca3018dc77",
              "parentUUID": "87ee8f2e-ebb4-486f-b7ac-c70b00aa3a4d",
              "isHook": false,
              "skipped": false
            }
          ],
          "suites": [],
          "passes": [
            "d57faa92-a95a-4eac-ad2c-a408ae6c4d34",
            "a9346663-3a84-48e0-86f4-a6008072fcec",
            "4223012d-bec4-4de6-bcc9-e0a82c4c46a2",
            "ccf3e4c5-71f7-44af-a5a8-2fea9d42b6c4",
            "89501c1b-e945-46fd-8bf7-8fa4f70b9d7d",
            "0bac2a04-7a12-4f70-84ee-89264d2269d0",
            "0a968c89-861d-4196-8521-fabf92a3acb6",
            "e247594a-584a-4238-9231-ab2574d83804",
            "599b13d9-ae09-41f9-be40-63e46d4b686e",
            "92d1d471-c645-44b4-bd0f-e6ca3018dc77"
          ],
          "failures": [],
          "pending": [],
          "skipped": [],
          "duration": 17112,
          "root": false,
          "rootEmpty": false,
          "_timeout": 2000
        }
      ],
      "passes": [],
      "failures": [],
      "pending": [],
      "skipped": [],
      "duration": 0,
      "root": true,
      "rootEmpty": true,
      "_timeout": 2000
    }
  ],
  "meta": {
    "mocha": {
      "version": "7.0.1"
    },
    "mochawesome": {
      "options": {
        "quiet": false,
        "reportFilename": "mochawesome",
        "saveHtml": false,
        "saveJson": true,
        "consoleReporter": "spec",
        "useInlineDiffs": false,
        "code": true
      },
      "version": "6.2.2"
    },
    "marge": {
      "options": {
        "charts": true,
        "overwrite": false,
        "html": false,
        "json": true,
        "reportDir": "cypress/report/mochawesome-report"
      },
      "version": "5.2.0"
    }
  }
}