{
  "stats": {
    "suites": 1,
    "tests": 11,
    "passes": 11,
    "pending": 0,
    "failures": 0,
    "start": "2021-03-14T23:28:30.581Z",
    "end": "2021-03-14T23:29:13.682Z",
    "duration": 43101,
    "testsRegistered": 11,
    "passPercent": 100,
    "pendingPercent": 0,
    "other": 0,
    "hasOther": false,
    "skipped": 0,
    "hasSkipped": false
  },
  "results": [
    {
      "uuid": "91d90a2d-e955-4ca7-92dc-fb7b0947f3ec",
      "title": "",
      "fullFile": "cypress/integration/aleatorio/new_page.spec.js",
      "file": "cypress/integration/aleatorio/new_page.spec.js",
      "beforeHooks": [],
      "afterHooks": [],
      "tests": [],
      "suites": [
        {
          "uuid": "0e2ed05c-9913-49cc-b774-60e5a874c353",
          "title": "Create new page",
          "fullFile": "",
          "file": "",
          "beforeHooks": [],
          "afterHooks": [],
          "tests": [
            {
              "title": "Create a new page to add content to the site",
              "fullTitle": "Create new page Create a new page to add content to the site",
              "timedOut": null,
              "duration": 7905,
              "state": "passed",
              "speed": "slow",
              "pass": true,
              "fail": false,
              "pending": false,
              "context": null,
              "code": "var title = faker.commerce.productName();\ncy.visit('signin');\ncy.get('.email').type('deyvidm18@gmail.com').should('have.value', 'deyvidm18@gmail.com');\ncy.get('.password').type('m!K5K8V@HkFkPMr').should('have.value', 'm!K5K8V@HkFkPMr');\ncy.get('.login').click();\ncy.get('ul.gh-nav-manage > li.gh-nav-list-h:first-child').should('have.text', 'Manage');\ncy.get('ul.gh-nav-settings > li.gh-nav-list-h:first-child').should('have.text', 'Settings');\ncy.get('ul.gh-nav-manage > li:nth-child(3) > a').click();\ncy.get('.gh-btn-green').click();\ncy.get('textarea.gh-editor-title').type(title).should('have.value', title);",
              "err": {},
              "uuid": "3491c497-b26c-4b6d-8fa5-7a22d68b7154",
              "parentUUID": "0e2ed05c-9913-49cc-b774-60e5a874c353",
              "isHook": false,
              "skipped": false
            },
            {
              "title": "Create a new page to add content to the site",
              "fullTitle": "Create new page Create a new page to add content to the site",
              "timedOut": null,
              "duration": 4905,
              "state": "passed",
              "speed": "slow",
              "pass": true,
              "fail": false,
              "pending": false,
              "context": null,
              "code": "var title = faker.commerce.productName();\ncy.visit('signin');\ncy.get('.email').type('deyvidm18@gmail.com').should('have.value', 'deyvidm18@gmail.com');\ncy.get('.password').type('m!K5K8V@HkFkPMr').should('have.value', 'm!K5K8V@HkFkPMr');\ncy.get('.login').click();\ncy.get('ul.gh-nav-manage > li.gh-nav-list-h:first-child').should('have.text', 'Manage');\ncy.get('ul.gh-nav-settings > li.gh-nav-list-h:first-child').should('have.text', 'Settings');\ncy.get('ul.gh-nav-manage > li:nth-child(3) > a').click();\ncy.get('.gh-btn-green').click();\ncy.get('textarea.gh-editor-title').type(title).should('have.value', title);",
              "err": {},
              "uuid": "412df994-cdb9-4a66-a373-bf055effbbcc",
              "parentUUID": "0e2ed05c-9913-49cc-b774-60e5a874c353",
              "isHook": false,
              "skipped": false
            },
            {
              "title": "Create a new page to add content to the site",
              "fullTitle": "Create new page Create a new page to add content to the site",
              "timedOut": null,
              "duration": 3259,
              "state": "passed",
              "speed": "slow",
              "pass": true,
              "fail": false,
              "pending": false,
              "context": null,
              "code": "var title = faker.commerce.productName();\ncy.visit('signin');\ncy.get('.email').type('deyvidm18@gmail.com').should('have.value', 'deyvidm18@gmail.com');\ncy.get('.password').type('m!K5K8V@HkFkPMr').should('have.value', 'm!K5K8V@HkFkPMr');\ncy.get('.login').click();\ncy.get('ul.gh-nav-manage > li.gh-nav-list-h:first-child').should('have.text', 'Manage');\ncy.get('ul.gh-nav-settings > li.gh-nav-list-h:first-child').should('have.text', 'Settings');\ncy.get('ul.gh-nav-manage > li:nth-child(3) > a').click();\ncy.get('.gh-btn-green').click();\ncy.get('textarea.gh-editor-title').type(title).should('have.value', title);",
              "err": {},
              "uuid": "b6b07994-4435-4ff1-b976-79093131e8ce",
              "parentUUID": "0e2ed05c-9913-49cc-b774-60e5a874c353",
              "isHook": false,
              "skipped": false
            },
            {
              "title": "Create a new page to add content to the site",
              "fullTitle": "Create new page Create a new page to add content to the site",
              "timedOut": null,
              "duration": 3260,
              "state": "passed",
              "speed": "slow",
              "pass": true,
              "fail": false,
              "pending": false,
              "context": null,
              "code": "var title = faker.commerce.productName();\ncy.visit('signin');\ncy.get('.email').type('deyvidm18@gmail.com').should('have.value', 'deyvidm18@gmail.com');\ncy.get('.password').type('m!K5K8V@HkFkPMr').should('have.value', 'm!K5K8V@HkFkPMr');\ncy.get('.login').click();\ncy.get('ul.gh-nav-manage > li.gh-nav-list-h:first-child').should('have.text', 'Manage');\ncy.get('ul.gh-nav-settings > li.gh-nav-list-h:first-child').should('have.text', 'Settings');\ncy.get('ul.gh-nav-manage > li:nth-child(3) > a').click();\ncy.get('.gh-btn-green').click();\ncy.get('textarea.gh-editor-title').type(title).should('have.value', title);",
              "err": {},
              "uuid": "e1532d68-18f7-4f97-a0da-4963887d7a62",
              "parentUUID": "0e2ed05c-9913-49cc-b774-60e5a874c353",
              "isHook": false,
              "skipped": false
            },
            {
              "title": "Create a new page to add content to the site",
              "fullTitle": "Create new page Create a new page to add content to the site",
              "timedOut": null,
              "duration": 3679,
              "state": "passed",
              "speed": "slow",
              "pass": true,
              "fail": false,
              "pending": false,
              "context": null,
              "code": "var title = faker.commerce.productName();\ncy.visit('signin');\ncy.get('.email').type('deyvidm18@gmail.com').should('have.value', 'deyvidm18@gmail.com');\ncy.get('.password').type('m!K5K8V@HkFkPMr').should('have.value', 'm!K5K8V@HkFkPMr');\ncy.get('.login').click();\ncy.get('ul.gh-nav-manage > li.gh-nav-list-h:first-child').should('have.text', 'Manage');\ncy.get('ul.gh-nav-settings > li.gh-nav-list-h:first-child').should('have.text', 'Settings');\ncy.get('ul.gh-nav-manage > li:nth-child(3) > a').click();\ncy.get('.gh-btn-green').click();\ncy.get('textarea.gh-editor-title').type(title).should('have.value', title);",
              "err": {},
              "uuid": "f7c788bb-6420-40d2-9f03-d3ae17a3ec62",
              "parentUUID": "0e2ed05c-9913-49cc-b774-60e5a874c353",
              "isHook": false,
              "skipped": false
            },
            {
              "title": "Create a new page to add content to the site",
              "fullTitle": "Create new page Create a new page to add content to the site",
              "timedOut": null,
              "duration": 3433,
              "state": "passed",
              "speed": "slow",
              "pass": true,
              "fail": false,
              "pending": false,
              "context": null,
              "code": "var title = faker.commerce.productName();\ncy.visit('signin');\ncy.get('.email').type('deyvidm18@gmail.com').should('have.value', 'deyvidm18@gmail.com');\ncy.get('.password').type('m!K5K8V@HkFkPMr').should('have.value', 'm!K5K8V@HkFkPMr');\ncy.get('.login').click();\ncy.get('ul.gh-nav-manage > li.gh-nav-list-h:first-child').should('have.text', 'Manage');\ncy.get('ul.gh-nav-settings > li.gh-nav-list-h:first-child').should('have.text', 'Settings');\ncy.get('ul.gh-nav-manage > li:nth-child(3) > a').click();\ncy.get('.gh-btn-green').click();\ncy.get('textarea.gh-editor-title').type(title).should('have.value', title);",
              "err": {},
              "uuid": "48df4603-b5ed-4f9c-8937-8400d2e74ead",
              "parentUUID": "0e2ed05c-9913-49cc-b774-60e5a874c353",
              "isHook": false,
              "skipped": false
            },
            {
              "title": "Create a new page to add content to the site",
              "fullTitle": "Create new page Create a new page to add content to the site",
              "timedOut": null,
              "duration": 3127,
              "state": "passed",
              "speed": "slow",
              "pass": true,
              "fail": false,
              "pending": false,
              "context": null,
              "code": "var title = faker.commerce.productName();\ncy.visit('signin');\ncy.get('.email').type('deyvidm18@gmail.com').should('have.value', 'deyvidm18@gmail.com');\ncy.get('.password').type('m!K5K8V@HkFkPMr').should('have.value', 'm!K5K8V@HkFkPMr');\ncy.get('.login').click();\ncy.get('ul.gh-nav-manage > li.gh-nav-list-h:first-child').should('have.text', 'Manage');\ncy.get('ul.gh-nav-settings > li.gh-nav-list-h:first-child').should('have.text', 'Settings');\ncy.get('ul.gh-nav-manage > li:nth-child(3) > a').click();\ncy.get('.gh-btn-green').click();\ncy.get('textarea.gh-editor-title').type(title).should('have.value', title);",
              "err": {},
              "uuid": "e3870d37-8811-4f67-a1dc-251bd02272e9",
              "parentUUID": "0e2ed05c-9913-49cc-b774-60e5a874c353",
              "isHook": false,
              "skipped": false
            },
            {
              "title": "Create a new page to add content to the site",
              "fullTitle": "Create new page Create a new page to add content to the site",
              "timedOut": null,
              "duration": 3323,
              "state": "passed",
              "speed": "slow",
              "pass": true,
              "fail": false,
              "pending": false,
              "context": null,
              "code": "var title = faker.commerce.productName();\ncy.visit('signin');\ncy.get('.email').type('deyvidm18@gmail.com').should('have.value', 'deyvidm18@gmail.com');\ncy.get('.password').type('m!K5K8V@HkFkPMr').should('have.value', 'm!K5K8V@HkFkPMr');\ncy.get('.login').click();\ncy.get('ul.gh-nav-manage > li.gh-nav-list-h:first-child').should('have.text', 'Manage');\ncy.get('ul.gh-nav-settings > li.gh-nav-list-h:first-child').should('have.text', 'Settings');\ncy.get('ul.gh-nav-manage > li:nth-child(3) > a').click();\ncy.get('.gh-btn-green').click();\ncy.get('textarea.gh-editor-title').type(title).should('have.value', title);",
              "err": {},
              "uuid": "e19aa18f-5248-49c6-8793-885fccb38064",
              "parentUUID": "0e2ed05c-9913-49cc-b774-60e5a874c353",
              "isHook": false,
              "skipped": false
            },
            {
              "title": "Create a new page to add content to the site",
              "fullTitle": "Create new page Create a new page to add content to the site",
              "timedOut": null,
              "duration": 3333,
              "state": "passed",
              "speed": "slow",
              "pass": true,
              "fail": false,
              "pending": false,
              "context": null,
              "code": "var title = faker.commerce.productName();\ncy.visit('signin');\ncy.get('.email').type('deyvidm18@gmail.com').should('have.value', 'deyvidm18@gmail.com');\ncy.get('.password').type('m!K5K8V@HkFkPMr').should('have.value', 'm!K5K8V@HkFkPMr');\ncy.get('.login').click();\ncy.get('ul.gh-nav-manage > li.gh-nav-list-h:first-child').should('have.text', 'Manage');\ncy.get('ul.gh-nav-settings > li.gh-nav-list-h:first-child').should('have.text', 'Settings');\ncy.get('ul.gh-nav-manage > li:nth-child(3) > a').click();\ncy.get('.gh-btn-green').click();\ncy.get('textarea.gh-editor-title').type(title).should('have.value', title);",
              "err": {},
              "uuid": "9cb02535-b163-4604-9948-fbdf5b2e06f6",
              "parentUUID": "0e2ed05c-9913-49cc-b774-60e5a874c353",
              "isHook": false,
              "skipped": false
            },
            {
              "title": "Create a new page to add content to the site",
              "fullTitle": "Create new page Create a new page to add content to the site",
              "timedOut": null,
              "duration": 3393,
              "state": "passed",
              "speed": "slow",
              "pass": true,
              "fail": false,
              "pending": false,
              "context": null,
              "code": "var title = faker.commerce.productName();\ncy.visit('signin');\ncy.get('.email').type('deyvidm18@gmail.com').should('have.value', 'deyvidm18@gmail.com');\ncy.get('.password').type('m!K5K8V@HkFkPMr').should('have.value', 'm!K5K8V@HkFkPMr');\ncy.get('.login').click();\ncy.get('ul.gh-nav-manage > li.gh-nav-list-h:first-child').should('have.text', 'Manage');\ncy.get('ul.gh-nav-settings > li.gh-nav-list-h:first-child').should('have.text', 'Settings');\ncy.get('ul.gh-nav-manage > li:nth-child(3) > a').click();\ncy.get('.gh-btn-green').click();\ncy.get('textarea.gh-editor-title').type(title).should('have.value', title);",
              "err": {},
              "uuid": "9c113bcc-499b-40e7-ac54-ee3b05308d95",
              "parentUUID": "0e2ed05c-9913-49cc-b774-60e5a874c353",
              "isHook": false,
              "skipped": false
            },
            {
              "title": "Create a new page to add content to the site",
              "fullTitle": "Create new page Create a new page to add content to the site",
              "timedOut": null,
              "duration": 3309,
              "state": "passed",
              "speed": "slow",
              "pass": true,
              "fail": false,
              "pending": false,
              "context": null,
              "code": "var title = faker.commerce.productName();\ncy.visit('signin');\ncy.get('.email').type('deyvidm18@gmail.com').should('have.value', 'deyvidm18@gmail.com');\ncy.get('.password').type('m!K5K8V@HkFkPMr').should('have.value', 'm!K5K8V@HkFkPMr');\ncy.get('.login').click();\ncy.get('ul.gh-nav-manage > li.gh-nav-list-h:first-child').should('have.text', 'Manage');\ncy.get('ul.gh-nav-settings > li.gh-nav-list-h:first-child').should('have.text', 'Settings');\ncy.get('ul.gh-nav-manage > li:nth-child(3) > a').click();\ncy.get('.gh-btn-green').click();\ncy.get('textarea.gh-editor-title').type(title).should('have.value', title);",
              "err": {},
              "uuid": "e159657f-45fb-4283-96c9-a9511e353f00",
              "parentUUID": "0e2ed05c-9913-49cc-b774-60e5a874c353",
              "isHook": false,
              "skipped": false
            }
          ],
          "suites": [],
          "passes": [
            "3491c497-b26c-4b6d-8fa5-7a22d68b7154",
            "412df994-cdb9-4a66-a373-bf055effbbcc",
            "b6b07994-4435-4ff1-b976-79093131e8ce",
            "e1532d68-18f7-4f97-a0da-4963887d7a62",
            "f7c788bb-6420-40d2-9f03-d3ae17a3ec62",
            "48df4603-b5ed-4f9c-8937-8400d2e74ead",
            "e3870d37-8811-4f67-a1dc-251bd02272e9",
            "e19aa18f-5248-49c6-8793-885fccb38064",
            "9cb02535-b163-4604-9948-fbdf5b2e06f6",
            "9c113bcc-499b-40e7-ac54-ee3b05308d95",
            "e159657f-45fb-4283-96c9-a9511e353f00"
          ],
          "failures": [],
          "pending": [],
          "skipped": [],
          "duration": 42926,
          "root": false,
          "rootEmpty": false,
          "_timeout": 2000
        }
      ],
      "passes": [],
      "failures": [],
      "pending": [],
      "skipped": [],
      "duration": 0,
      "root": true,
      "rootEmpty": true,
      "_timeout": 2000
    }
  ],
  "meta": {
    "mocha": {
      "version": "7.0.1"
    },
    "mochawesome": {
      "options": {
        "quiet": false,
        "reportFilename": "mochawesome",
        "saveHtml": false,
        "saveJson": true,
        "consoleReporter": "spec",
        "useInlineDiffs": false,
        "code": true
      },
      "version": "6.2.2"
    },
    "marge": {
      "options": {
        "charts": true,
        "overwrite": false,
        "html": false,
        "json": true,
        "reportDir": "cypress/report/mochawesome-report"
      },
      "version": "5.2.0"
    }
  }
}