{
  "stats": {
    "suites": 1,
    "tests": 11,
    "passes": 11,
    "pending": 0,
    "failures": 0,
    "start": "2021-03-14T23:25:17.005Z",
    "end": "2021-03-14T23:25:39.987Z",
    "duration": 22982,
    "testsRegistered": 11,
    "passPercent": 100,
    "pendingPercent": 0,
    "other": 0,
    "hasOther": false,
    "skipped": 0,
    "hasSkipped": false
  },
  "results": [
    {
      "uuid": "c0a63433-b305-4915-a621-b5ac5516928e",
      "title": "",
      "fullFile": "cypress/integration/a-priori/login.spec.js",
      "file": "cypress/integration/a-priori/login.spec.js",
      "beforeHooks": [],
      "afterHooks": [],
      "tests": [],
      "suites": [
        {
          "uuid": "2f27e990-e27a-44f3-b660-5cd66cb9c1c5",
          "title": "Login to the admin panel",
          "fullFile": "",
          "file": "",
          "beforeHooks": [],
          "afterHooks": [],
          "tests": [
            {
              "title": "correct login",
              "fullTitle": "Login to the admin panel correct login",
              "timedOut": null,
              "duration": 5297,
              "state": "passed",
              "speed": "slow",
              "pass": true,
              "fail": false,
              "pending": false,
              "context": null,
              "code": "cy.fixture(\"data.json\").then(function (data) {\n  var user = data.correctLogin.username;\n  var password = data.correctLogin.password;\n  cy.visit(\"signin\");\n  cy.get(\".email\").type(user).should(\"have.value\", user);\n  cy.get(\".password\").type(password).should(\"have.value\", password);\n  cy.get(\".login\").click();\n  cy.get(\"ul.gh-nav-manage > li.gh-nav-list-h:first-child\").should(\"have.text\", \"Manage\");\n  cy.get(\"ul.gh-nav-settings > li.gh-nav-list-h:first-child\").should(\"have.text\", \"Settings\");\n});",
              "err": {},
              "uuid": "89548ae1-7004-4736-8073-f58696ab4871",
              "parentUUID": "2f27e990-e27a-44f3-b660-5cd66cb9c1c5",
              "isHook": false,
              "skipped": false
            },
            {
              "title": "bad user",
              "fullTitle": "Login to the admin panel bad user",
              "timedOut": null,
              "duration": 3658,
              "state": "passed",
              "speed": "slow",
              "pass": true,
              "fail": false,
              "pending": false,
              "context": null,
              "code": "cy.fixture(\"data.json\").then(function (data) {\n  var user = data.badUser.username;\n  var password = data.badUser.password;\n  cy.visit(\"signin\");\n  cy.get(\".email\").type(user).should(\"have.value\", user);\n  cy.get(\".password\").type(password).should(\"have.value\", password);\n  cy.get(\".login\").click();\n  cy.get(\".main-error\").should('be.visible');\n});",
              "err": {},
              "uuid": "8187fa76-8c09-4fce-b958-98117b7a7bce",
              "parentUUID": "2f27e990-e27a-44f3-b660-5cd66cb9c1c5",
              "isHook": false,
              "skipped": false
            },
            {
              "title": "bad user2",
              "fullTitle": "Login to the admin panel bad user2",
              "timedOut": null,
              "duration": 2044,
              "state": "passed",
              "speed": "slow",
              "pass": true,
              "fail": false,
              "pending": false,
              "context": null,
              "code": "cy.fixture(\"data.json\").then(function (data) {\n  var user = data.badUser2.username;\n  var password = data.badUser2.password;\n  cy.visit(\"signin\");\n  cy.get(\".email\").type(user).should(\"have.value\", user);\n  cy.get(\".password\").type(password).should(\"have.value\", password);\n  cy.get(\".login\").click();\n  cy.get(\".main-error\").should('be.visible');\n});",
              "err": {},
              "uuid": "d83835b2-d645-4ba0-af6f-5b13160e7db2",
              "parentUUID": "2f27e990-e27a-44f3-b660-5cd66cb9c1c5",
              "isHook": false,
              "skipped": false
            },
            {
              "title": "bad user3",
              "fullTitle": "Login to the admin panel bad user3",
              "timedOut": null,
              "duration": 1990,
              "state": "passed",
              "speed": "slow",
              "pass": true,
              "fail": false,
              "pending": false,
              "context": null,
              "code": "cy.fixture(\"data.json\").then(function (data) {\n  var user = data.badUser3.username;\n  var password = data.badUser3.password;\n  cy.visit(\"signin\");\n  cy.get(\".email\").type(user).should(\"have.value\", user);\n  cy.get(\".password\").type(password).should(\"have.value\", password);\n  cy.get(\".login\").click();\n  cy.get(\".main-error\").should('be.visible');\n});",
              "err": {},
              "uuid": "1fc070d6-0081-474d-a56c-1b2f0e839440",
              "parentUUID": "2f27e990-e27a-44f3-b660-5cd66cb9c1c5",
              "isHook": false,
              "skipped": false
            },
            {
              "title": "bad user4",
              "fullTitle": "Login to the admin panel bad user4",
              "timedOut": null,
              "duration": 1629,
              "state": "passed",
              "speed": "slow",
              "pass": true,
              "fail": false,
              "pending": false,
              "context": null,
              "code": "cy.fixture(\"data.json\").then(function (data) {\n  var user = data.badUser4.username;\n  var password = data.badUser4.password;\n  cy.visit(\"signin\");\n  cy.get(\".email\").type(user);\n  cy.get(\".password\").type(password).should(\"have.value\", password);\n  cy.get(\".login\").click();\n  cy.get(\".main-error\").should('be.visible');\n});",
              "err": {},
              "uuid": "08495eea-a859-4cf6-9511-69ea3bba78ad",
              "parentUUID": "2f27e990-e27a-44f3-b660-5cd66cb9c1c5",
              "isHook": false,
              "skipped": false
            },
            {
              "title": "bad user5",
              "fullTitle": "Login to the admin panel bad user5",
              "timedOut": null,
              "duration": 1382,
              "state": "passed",
              "speed": "slow",
              "pass": true,
              "fail": false,
              "pending": false,
              "context": null,
              "code": "cy.fixture(\"data.json\").then(function (data) {\n  var user = data.badUser5.username;\n  var password = data.badUser5.password;\n  cy.visit(\"signin\");\n  cy.get(\".email\").type(user).should(\"have.value\", user);\n  cy.get(\".password\").type(password).should(\"have.value\", password);\n  cy.get(\".login\").click();\n  cy.get(\".main-error\").should('be.visible');\n});",
              "err": {},
              "uuid": "b659de31-d424-4b05-be4d-2e853271c610",
              "parentUUID": "2f27e990-e27a-44f3-b660-5cd66cb9c1c5",
              "isHook": false,
              "skipped": false
            },
            {
              "title": "bad password",
              "fullTitle": "Login to the admin panel bad password",
              "timedOut": null,
              "duration": 1210,
              "state": "passed",
              "speed": "slow",
              "pass": true,
              "fail": false,
              "pending": false,
              "context": null,
              "code": "cy.fixture(\"data.json\").then(function (data) {\n  var user = data.badPassword.username;\n  var password = data.badPassword.password;\n  cy.visit(\"signin\");\n  cy.get(\".email\").type(user).should(\"have.value\", user);\n  cy.get(\".password\").type(password).should(\"have.value\", password);\n  cy.get(\".login\").click();\n  cy.get(\".main-error\").should('be.visible');\n});",
              "err": {},
              "uuid": "71d04f20-6a73-471f-819d-588c8ca6deb4",
              "parentUUID": "2f27e990-e27a-44f3-b660-5cd66cb9c1c5",
              "isHook": false,
              "skipped": false
            },
            {
              "title": "bad password 2",
              "fullTitle": "Login to the admin panel bad password 2",
              "timedOut": null,
              "duration": 1383,
              "state": "passed",
              "speed": "slow",
              "pass": true,
              "fail": false,
              "pending": false,
              "context": null,
              "code": "cy.fixture(\"data.json\").then(function (data) {\n  var user = data.badPassword.username;\n  var password = data.badPassword.password;\n  cy.visit(\"signin\");\n  cy.get(\".email\").type(user).should(\"have.value\", user);\n  cy.get(\".password\").type(password).should(\"have.value\", password);\n  cy.get(\".login\").click();\n  cy.get(\".main-error\").should('be.visible');\n});",
              "err": {},
              "uuid": "01a2c359-b001-46a5-81db-16c311b5d64f",
              "parentUUID": "2f27e990-e27a-44f3-b660-5cd66cb9c1c5",
              "isHook": false,
              "skipped": false
            },
            {
              "title": "bad password 3",
              "fullTitle": "Login to the admin panel bad password 3",
              "timedOut": null,
              "duration": 1404,
              "state": "passed",
              "speed": "slow",
              "pass": true,
              "fail": false,
              "pending": false,
              "context": null,
              "code": "cy.fixture(\"data.json\").then(function (data) {\n  var user = data.badPassword.username;\n  var password = data.badPassword.password;\n  cy.visit(\"signin\");\n  cy.get(\".email\").type(user).should(\"have.value\", user);\n  cy.get(\".password\").type(password).should(\"have.value\", password);\n  cy.get(\".login\").click();\n  cy.get(\".main-error\").should('be.visible');\n});",
              "err": {},
              "uuid": "5e353931-98d5-4ac8-9b24-5c93b7ee0c9d",
              "parentUUID": "2f27e990-e27a-44f3-b660-5cd66cb9c1c5",
              "isHook": false,
              "skipped": false
            },
            {
              "title": "bad password 4",
              "fullTitle": "Login to the admin panel bad password 4",
              "timedOut": null,
              "duration": 1588,
              "state": "passed",
              "speed": "slow",
              "pass": true,
              "fail": false,
              "pending": false,
              "context": null,
              "code": "cy.fixture(\"data.json\").then(function (data) {\n  var user = data.badPassword.username;\n  var password = data.badPassword.password;\n  cy.visit(\"signin\");\n  cy.get(\".email\").type(user).should(\"have.value\", user);\n  cy.get(\".password\").type(password).should(\"have.value\", password);\n  cy.get(\".login\").click();\n  cy.get(\".main-error\").should('be.visible');\n});",
              "err": {},
              "uuid": "93f22fde-49ad-48a7-8c8e-ccc353d5259a",
              "parentUUID": "2f27e990-e27a-44f3-b660-5cd66cb9c1c5",
              "isHook": false,
              "skipped": false
            },
            {
              "title": "bad password 5",
              "fullTitle": "Login to the admin panel bad password 5",
              "timedOut": null,
              "duration": 1236,
              "state": "passed",
              "speed": "slow",
              "pass": true,
              "fail": false,
              "pending": false,
              "context": null,
              "code": "cy.fixture(\"data.json\").then(function (data) {\n  var user = data.badPassword.username;\n  var password = data.badPassword.password;\n  cy.visit(\"signin\");\n  cy.get(\".email\").type(user).should(\"have.value\", user);\n  cy.get(\".password\").type(password);\n  cy.get(\".login\").click();\n  cy.get(\".main-error\").should('be.visible');\n});",
              "err": {},
              "uuid": "95a0b2e5-900f-42f4-af19-ceae166a0fdd",
              "parentUUID": "2f27e990-e27a-44f3-b660-5cd66cb9c1c5",
              "isHook": false,
              "skipped": false
            }
          ],
          "suites": [],
          "passes": [
            "89548ae1-7004-4736-8073-f58696ab4871",
            "8187fa76-8c09-4fce-b958-98117b7a7bce",
            "d83835b2-d645-4ba0-af6f-5b13160e7db2",
            "1fc070d6-0081-474d-a56c-1b2f0e839440",
            "08495eea-a859-4cf6-9511-69ea3bba78ad",
            "b659de31-d424-4b05-be4d-2e853271c610",
            "71d04f20-6a73-471f-819d-588c8ca6deb4",
            "01a2c359-b001-46a5-81db-16c311b5d64f",
            "5e353931-98d5-4ac8-9b24-5c93b7ee0c9d",
            "93f22fde-49ad-48a7-8c8e-ccc353d5259a",
            "95a0b2e5-900f-42f4-af19-ceae166a0fdd"
          ],
          "failures": [],
          "pending": [],
          "skipped": [],
          "duration": 22821,
          "root": false,
          "rootEmpty": false,
          "_timeout": 2000
        }
      ],
      "passes": [],
      "failures": [],
      "pending": [],
      "skipped": [],
      "duration": 0,
      "root": true,
      "rootEmpty": true,
      "_timeout": 2000
    }
  ],
  "meta": {
    "mocha": {
      "version": "7.0.1"
    },
    "mochawesome": {
      "options": {
        "quiet": false,
        "reportFilename": "mochawesome",
        "saveHtml": false,
        "saveJson": true,
        "consoleReporter": "spec",
        "useInlineDiffs": false,
        "code": true
      },
      "version": "6.2.2"
    },
    "marge": {
      "options": {
        "charts": true,
        "overwrite": false,
        "html": false,
        "json": true,
        "reportDir": "cypress/report/mochawesome-report"
      },
      "version": "5.2.0"
    }
  }
}