{
  "stats": {
    "suites": 1,
    "tests": 1,
    "passes": 1,
    "pending": 0,
    "failures": 0,
    "start": "2021-03-08T04:14:30.261Z",
    "end": "2021-03-08T04:14:36.877Z",
    "duration": 6616,
    "testsRegistered": 1,
    "passPercent": 100,
    "pendingPercent": 0,
    "other": 0,
    "hasOther": false,
    "skipped": 0,
    "hasSkipped": false
  },
  "results": [
    {
      "uuid": "ee25495c-2b94-4e32-a7d5-8ea144fd4258",
      "title": "",
      "fullFile": "cypress/integration/new_staff.spec.js",
      "file": "cypress/integration/new_staff.spec.js",
      "beforeHooks": [],
      "afterHooks": [],
      "tests": [],
      "suites": [
        {
          "uuid": "df0119b5-ccb7-4ca8-8175-c18557cb4956",
          "title": "Invite new people to staff",
          "fullFile": "",
          "file": "",
          "beforeHooks": [],
          "afterHooks": [],
          "tests": [
            {
              "title": "Add staff member",
              "fullTitle": "Invite new people to staff Add staff member",
              "timedOut": null,
              "duration": 6596,
              "state": "passed",
              "speed": "slow",
              "pass": true,
              "fail": false,
              "pending": false,
              "context": null,
              "code": "cy.visit('signin');\ncy.get('.email').type('deyvidm18@gmail.com').should('have.value', 'deyvidm18@gmail.com');\ncy.get('.password').type('m!K5K8V@HkFkPMr').should('have.value', 'm!K5K8V@HkFkPMr');\ncy.get('.login').click();\ncy.get('ul.gh-nav-manage > li.gh-nav-list-h:first-child').should('have.text', 'Manage');\ncy.get('ul.gh-nav-settings > li.gh-nav-list-h:first-child').should('have.text', 'Settings');\ncy.get('ul.gh-nav-manage > li:nth-child(5) > a').click();\ncy.get('.gh-btn-green').click({\n  \"force\": true\n});\ncy.get('#new-user-email').type('some-test-user@gmail.com').should('have.value', 'some-test-user@gmail.com');\ncy.get('.modal-footer > .gh-btn-green').click({\n  \"force\": true\n});",
              "err": {},
              "uuid": "673203b0-6c76-4244-b90b-ea24678d36a8",
              "parentUUID": "df0119b5-ccb7-4ca8-8175-c18557cb4956",
              "isHook": false,
              "skipped": false
            }
          ],
          "suites": [],
          "passes": [
            "673203b0-6c76-4244-b90b-ea24678d36a8"
          ],
          "failures": [],
          "pending": [],
          "skipped": [],
          "duration": 6596,
          "root": false,
          "rootEmpty": false,
          "_timeout": 2000
        }
      ],
      "passes": [],
      "failures": [],
      "pending": [],
      "skipped": [],
      "duration": 0,
      "root": true,
      "rootEmpty": true,
      "_timeout": 2000
    }
  ],
  "meta": {
    "mocha": {
      "version": "7.0.1"
    },
    "mochawesome": {
      "options": {
        "quiet": false,
        "reportFilename": "mochawesome",
        "saveHtml": false,
        "saveJson": true,
        "consoleReporter": "spec",
        "useInlineDiffs": false,
        "code": true
      },
      "version": "6.2.2"
    },
    "marge": {
      "options": {
        "charts": true,
        "overwrite": false,
        "html": false,
        "json": true,
        "reportDir": "cypress/report/mochawesome-report"
      },
      "version": "5.2.0"
    }
  }
}