{
  "stats": {
    "suites": 1,
    "tests": 2,
    "passes": 2,
    "pending": 0,
    "failures": 0,
    "start": "2021-03-14T23:25:51.287Z",
    "end": "2021-03-14T23:26:04.010Z",
    "duration": 12723,
    "testsRegistered": 2,
    "passPercent": 100,
    "pendingPercent": 0,
    "other": 0,
    "hasOther": false,
    "skipped": 0,
    "hasSkipped": false
  },
  "results": [
    {
      "uuid": "57924fad-5e90-4cf5-af6d-4df5c5901b1e",
      "title": "",
      "fullFile": "cypress/integration/a-priori/new_page.spec.js",
      "file": "cypress/integration/a-priori/new_page.spec.js",
      "beforeHooks": [],
      "afterHooks": [],
      "tests": [],
      "suites": [
        {
          "uuid": "3adedec9-834f-4c4b-982b-f0def41cca12",
          "title": "Create new page",
          "fullFile": "",
          "file": "",
          "beforeHooks": [],
          "afterHooks": [],
          "tests": [
            {
              "title": "Create a new page to add content to the site",
              "fullTitle": "Create new page Create a new page to add content to the site",
              "timedOut": null,
              "duration": 8680,
              "state": "passed",
              "speed": "slow",
              "pass": true,
              "fail": false,
              "pending": false,
              "context": null,
              "code": "cy.fixture(\"data.json\").then(function (data) {\n  var user = data.correctLogin.username;\n  var password = data.correctLogin.password;\n  var title = data.title;\n  cy.visit(\"signin\");\n  cy.get(\".email\").type(user).should(\"have.value\", user);\n  cy.get(\".password\").type(password).should(\"have.value\", password);\n  cy.get(\".login\").click();\n  cy.get(\"ul.gh-nav-manage > li.gh-nav-list-h:first-child\").should(\"have.text\", \"Manage\");\n  cy.get(\"ul.gh-nav-settings > li.gh-nav-list-h:first-child\").should(\"have.text\", \"Settings\");\n  cy.get(\"ul.gh-nav-manage > li:nth-child(3) > a\").click();\n  cy.get(\".view-actions >  .gh-btn-green\").click();\n  cy.get(\"textarea.gh-editor-title\").type(title).should(\"have.value\", title);\n});",
              "err": {},
              "uuid": "8d753854-3aec-4aca-957f-e18cfc3743df",
              "parentUUID": "3adedec9-834f-4c4b-982b-f0def41cca12",
              "isHook": false,
              "skipped": false
            },
            {
              "title": "Create a new page to add content to the site",
              "fullTitle": "Create new page Create a new page to add content to the site",
              "timedOut": null,
              "duration": 3970,
              "state": "passed",
              "speed": "slow",
              "pass": true,
              "fail": false,
              "pending": false,
              "context": null,
              "code": "cy.fixture(\"data.json\").then(function (data) {\n  var user = data.correctLogin.username;\n  var password = data.correctLogin.password;\n  var title = data.title2;\n  cy.visit(\"signin\");\n  cy.get(\".email\").type(user).should(\"have.value\", user);\n  cy.get(\".password\").type(password).should(\"have.value\", password);\n  cy.get(\".login\").click();\n  cy.get(\"ul.gh-nav-manage > li.gh-nav-list-h:first-child\").should(\"have.text\", \"Manage\");\n  cy.get(\"ul.gh-nav-settings > li.gh-nav-list-h:first-child\").should(\"have.text\", \"Settings\");\n  cy.get(\"ul.gh-nav-manage > li:nth-child(3) > a\").click();\n  cy.get(\".view-actions >  .gh-btn-green\").click();\n  cy.get(\"textarea.gh-editor-title\").type(title).should(\"have.value\", title);\n});",
              "err": {},
              "uuid": "39468fa9-0591-4bb7-909b-ad2297e06c4d",
              "parentUUID": "3adedec9-834f-4c4b-982b-f0def41cca12",
              "isHook": false,
              "skipped": false
            }
          ],
          "suites": [],
          "passes": [
            "8d753854-3aec-4aca-957f-e18cfc3743df",
            "39468fa9-0591-4bb7-909b-ad2297e06c4d"
          ],
          "failures": [],
          "pending": [],
          "skipped": [],
          "duration": 12650,
          "root": false,
          "rootEmpty": false,
          "_timeout": 2000
        }
      ],
      "passes": [],
      "failures": [],
      "pending": [],
      "skipped": [],
      "duration": 0,
      "root": true,
      "rootEmpty": true,
      "_timeout": 2000
    }
  ],
  "meta": {
    "mocha": {
      "version": "7.0.1"
    },
    "mochawesome": {
      "options": {
        "quiet": false,
        "reportFilename": "mochawesome",
        "saveHtml": false,
        "saveJson": true,
        "consoleReporter": "spec",
        "useInlineDiffs": false,
        "code": true
      },
      "version": "6.2.2"
    },
    "marge": {
      "options": {
        "charts": true,
        "overwrite": false,
        "html": false,
        "json": true,
        "reportDir": "cypress/report/mochawesome-report"
      },
      "version": "5.2.0"
    }
  }
}