{
  "stats": {
    "suites": 1,
    "tests": 15,
    "passes": 15,
    "pending": 0,
    "failures": 0,
    "start": "2021-03-14T23:35:18.731Z",
    "end": "2021-03-14T23:36:12.545Z",
    "duration": 53814,
    "testsRegistered": 15,
    "passPercent": 100,
    "pendingPercent": 0,
    "other": 0,
    "hasOther": false,
    "skipped": 0,
    "hasSkipped": false
  },
  "results": [
    {
      "uuid": "142f609e-61b5-429c-8b21-0ef1e2c70c06",
      "title": "",
      "fullFile": "cypress/integration/pool-datos/new_staff.spec.js",
      "file": "cypress/integration/pool-datos/new_staff.spec.js",
      "beforeHooks": [],
      "afterHooks": [],
      "tests": [],
      "suites": [
        {
          "uuid": "cd8d4ae2-bb5e-4b20-ac5d-346d568983bc",
          "title": "Invite new people to staff",
          "fullFile": "",
          "file": "",
          "beforeHooks": [],
          "afterHooks": [],
          "tests": [
            {
              "title": "Add staff member",
              "fullTitle": "Invite new people to staff Add staff member",
              "timedOut": null,
              "duration": 7705,
              "state": "passed",
              "speed": "slow",
              "pass": true,
              "fail": false,
              "pending": false,
              "context": null,
              "code": "cy.fixture(\"pool-data.json\").then(function (data) {\n  var user = data.username;\n  var password = data.password;\n  var email = data.user;\n  cy.visit(\"signin\");\n  cy.get(\".email\").type(user).should(\"have.value\", user);\n  cy.get(\".password\").type(password).should(\"have.value\", password);\n  cy.get(\".login\").click();\n  cy.get(\"ul.gh-nav-manage > li.gh-nav-list-h:first-child\").should(\"have.text\", \"Manage\");\n  cy.get(\"ul.gh-nav-settings > li.gh-nav-list-h:first-child\").should(\"have.text\", \"Settings\");\n  cy.get(\"ul.gh-nav-manage > li:nth-child(5) > a\").click();\n  cy.get(\".gh-btn-green\").click({\n    force: true\n  });\n  cy.get(\"#new-user-email\").type(email).should(\"have.value\", email);\n  cy.get(\".modal-footer > .gh-btn-green\").click({\n    force: true\n  });\n});",
              "err": {},
              "uuid": "b834e23a-d74e-4d5b-a3df-496245044055",
              "parentUUID": "cd8d4ae2-bb5e-4b20-ac5d-346d568983bc",
              "isHook": false,
              "skipped": false
            },
            {
              "title": "Add staff member",
              "fullTitle": "Invite new people to staff Add staff member",
              "timedOut": null,
              "duration": 3737,
              "state": "passed",
              "speed": "slow",
              "pass": true,
              "fail": false,
              "pending": false,
              "context": null,
              "code": "cy.fixture(\"pool-data.json\").then(function (data) {\n  var user = data.username;\n  var password = data.password;\n  var email = data.user2;\n  cy.visit(\"signin\");\n  cy.get(\".email\").type(user).should(\"have.value\", user);\n  cy.get(\".password\").type(password).should(\"have.value\", password);\n  cy.get(\".login\").click();\n  cy.get(\"ul.gh-nav-manage > li.gh-nav-list-h:first-child\").should(\"have.text\", \"Manage\");\n  cy.get(\"ul.gh-nav-settings > li.gh-nav-list-h:first-child\").should(\"have.text\", \"Settings\");\n  cy.get(\"ul.gh-nav-manage > li:nth-child(5) > a\").click();\n  cy.get(\".gh-btn-green\").click({\n    force: true\n  });\n  cy.get(\"#new-user-email\").type(email).should(\"have.value\", email);\n  cy.get(\".modal-footer > .gh-btn-green\").click({\n    force: true\n  });\n});",
              "err": {},
              "uuid": "11a24248-7cf7-4b43-99ca-853c23074885",
              "parentUUID": "cd8d4ae2-bb5e-4b20-ac5d-346d568983bc",
              "isHook": false,
              "skipped": false
            },
            {
              "title": "Add staff member",
              "fullTitle": "Invite new people to staff Add staff member",
              "timedOut": null,
              "duration": 3349,
              "state": "passed",
              "speed": "slow",
              "pass": true,
              "fail": false,
              "pending": false,
              "context": null,
              "code": "cy.fixture(\"pool-data.json\").then(function (data) {\n  var user = data.username;\n  var password = data.password;\n  var email = data.user3;\n  cy.visit(\"signin\");\n  cy.get(\".email\").type(user).should(\"have.value\", user);\n  cy.get(\".password\").type(password).should(\"have.value\", password);\n  cy.get(\".login\").click();\n  cy.get(\"ul.gh-nav-manage > li.gh-nav-list-h:first-child\").should(\"have.text\", \"Manage\");\n  cy.get(\"ul.gh-nav-settings > li.gh-nav-list-h:first-child\").should(\"have.text\", \"Settings\");\n  cy.get(\"ul.gh-nav-manage > li:nth-child(5) > a\").click();\n  cy.get(\".gh-btn-green\").click({\n    force: true\n  });\n  cy.get(\"#new-user-email\").type(email).should(\"have.value\", email);\n  cy.get(\".modal-footer > .gh-btn-green\").click({\n    force: true\n  });\n});",
              "err": {},
              "uuid": "a2d77874-65f6-4437-bea2-a6b0762277c3",
              "parentUUID": "cd8d4ae2-bb5e-4b20-ac5d-346d568983bc",
              "isHook": false,
              "skipped": false
            },
            {
              "title": "Add staff member",
              "fullTitle": "Invite new people to staff Add staff member",
              "timedOut": null,
              "duration": 3234,
              "state": "passed",
              "speed": "slow",
              "pass": true,
              "fail": false,
              "pending": false,
              "context": null,
              "code": "cy.fixture(\"pool-data.json\").then(function (data) {\n  var user = data.username;\n  var password = data.password;\n  var email = data.user4;\n  cy.visit(\"signin\");\n  cy.get(\".email\").type(user).should(\"have.value\", user);\n  cy.get(\".password\").type(password).should(\"have.value\", password);\n  cy.get(\".login\").click();\n  cy.get(\"ul.gh-nav-manage > li.gh-nav-list-h:first-child\").should(\"have.text\", \"Manage\");\n  cy.get(\"ul.gh-nav-settings > li.gh-nav-list-h:first-child\").should(\"have.text\", \"Settings\");\n  cy.get(\"ul.gh-nav-manage > li:nth-child(5) > a\").click();\n  cy.get(\".gh-btn-green\").click({\n    force: true\n  });\n  cy.get(\"#new-user-email\").type(email).should(\"have.value\", email);\n  cy.get(\".modal-footer > .gh-btn-green\").click({\n    force: true\n  });\n});",
              "err": {},
              "uuid": "925db7e7-1378-4c83-a25e-6ecbb4cbd7d5",
              "parentUUID": "cd8d4ae2-bb5e-4b20-ac5d-346d568983bc",
              "isHook": false,
              "skipped": false
            },
            {
              "title": "Add staff member",
              "fullTitle": "Invite new people to staff Add staff member",
              "timedOut": null,
              "duration": 3120,
              "state": "passed",
              "speed": "slow",
              "pass": true,
              "fail": false,
              "pending": false,
              "context": null,
              "code": "cy.fixture(\"pool-data.json\").then(function (data) {\n  var user = data.username;\n  var password = data.password;\n  var email = data.user5;\n  cy.visit(\"signin\");\n  cy.get(\".email\").type(user).should(\"have.value\", user);\n  cy.get(\".password\").type(password).should(\"have.value\", password);\n  cy.get(\".login\").click();\n  cy.get(\"ul.gh-nav-manage > li.gh-nav-list-h:first-child\").should(\"have.text\", \"Manage\");\n  cy.get(\"ul.gh-nav-settings > li.gh-nav-list-h:first-child\").should(\"have.text\", \"Settings\");\n  cy.get(\"ul.gh-nav-manage > li:nth-child(5) > a\").click();\n  cy.get(\".gh-btn-green\").click({\n    force: true\n  });\n  cy.get(\"#new-user-email\").type(email).should(\"have.value\", email);\n  cy.get(\".modal-footer > .gh-btn-green\").click({\n    force: true\n  });\n});",
              "err": {},
              "uuid": "b281d39d-b814-464b-9958-617124b9620d",
              "parentUUID": "cd8d4ae2-bb5e-4b20-ac5d-346d568983bc",
              "isHook": false,
              "skipped": false
            },
            {
              "title": "Add staff member",
              "fullTitle": "Invite new people to staff Add staff member",
              "timedOut": null,
              "duration": 3172,
              "state": "passed",
              "speed": "slow",
              "pass": true,
              "fail": false,
              "pending": false,
              "context": null,
              "code": "cy.fixture(\"pool-data.json\").then(function (data) {\n  var user = data.username;\n  var password = data.password;\n  var email = data.user6;\n  cy.visit(\"signin\");\n  cy.get(\".email\").type(user).should(\"have.value\", user);\n  cy.get(\".password\").type(password).should(\"have.value\", password);\n  cy.get(\".login\").click();\n  cy.get(\"ul.gh-nav-manage > li.gh-nav-list-h:first-child\").should(\"have.text\", \"Manage\");\n  cy.get(\"ul.gh-nav-settings > li.gh-nav-list-h:first-child\").should(\"have.text\", \"Settings\");\n  cy.get(\"ul.gh-nav-manage > li:nth-child(5) > a\").click();\n  cy.get(\".gh-btn-green\").click({\n    force: true\n  });\n  cy.get(\"#new-user-email\").type(email).should(\"have.value\", email);\n  cy.get(\".modal-footer > .gh-btn-green\").click({\n    force: true\n  });\n});",
              "err": {},
              "uuid": "b4e008aa-12e9-4aa9-af0b-94a1c961b2de",
              "parentUUID": "cd8d4ae2-bb5e-4b20-ac5d-346d568983bc",
              "isHook": false,
              "skipped": false
            },
            {
              "title": "Add staff member",
              "fullTitle": "Invite new people to staff Add staff member",
              "timedOut": null,
              "duration": 3239,
              "state": "passed",
              "speed": "slow",
              "pass": true,
              "fail": false,
              "pending": false,
              "context": null,
              "code": "cy.fixture(\"pool-data.json\").then(function (data) {\n  var user = data.username;\n  var password = data.password;\n  var email = data.user7;\n  cy.visit(\"signin\");\n  cy.get(\".email\").type(user).should(\"have.value\", user);\n  cy.get(\".password\").type(password).should(\"have.value\", password);\n  cy.get(\".login\").click();\n  cy.get(\"ul.gh-nav-manage > li.gh-nav-list-h:first-child\").should(\"have.text\", \"Manage\");\n  cy.get(\"ul.gh-nav-settings > li.gh-nav-list-h:first-child\").should(\"have.text\", \"Settings\");\n  cy.get(\"ul.gh-nav-manage > li:nth-child(5) > a\").click();\n  cy.get(\".gh-btn-green\").click({\n    force: true\n  });\n  cy.get(\"#new-user-email\").type(email).should(\"have.value\", email);\n  cy.get(\".modal-footer > .gh-btn-green\").click({\n    force: true\n  });\n});",
              "err": {},
              "uuid": "18906e24-dde4-4bf2-91e1-89a9d6bf2053",
              "parentUUID": "cd8d4ae2-bb5e-4b20-ac5d-346d568983bc",
              "isHook": false,
              "skipped": false
            },
            {
              "title": "Add staff member",
              "fullTitle": "Invite new people to staff Add staff member",
              "timedOut": null,
              "duration": 3599,
              "state": "passed",
              "speed": "slow",
              "pass": true,
              "fail": false,
              "pending": false,
              "context": null,
              "code": "cy.fixture(\"pool-data.json\").then(function (data) {\n  var user = data.username;\n  var password = data.password;\n  var email = data.user8;\n  cy.visit(\"signin\");\n  cy.get(\".email\").type(user).should(\"have.value\", user);\n  cy.get(\".password\").type(password).should(\"have.value\", password);\n  cy.get(\".login\").click();\n  cy.get(\"ul.gh-nav-manage > li.gh-nav-list-h:first-child\").should(\"have.text\", \"Manage\");\n  cy.get(\"ul.gh-nav-settings > li.gh-nav-list-h:first-child\").should(\"have.text\", \"Settings\");\n  cy.get(\"ul.gh-nav-manage > li:nth-child(5) > a\").click();\n  cy.get(\".gh-btn-green\").click({\n    force: true\n  });\n  cy.get(\"#new-user-email\").type(email).should(\"have.value\", email);\n  cy.get(\".modal-footer > .gh-btn-green\").click({\n    force: true\n  });\n});",
              "err": {},
              "uuid": "11a11328-8020-44b5-a2af-ac8f2234cbbf",
              "parentUUID": "cd8d4ae2-bb5e-4b20-ac5d-346d568983bc",
              "isHook": false,
              "skipped": false
            },
            {
              "title": "Add staff member",
              "fullTitle": "Invite new people to staff Add staff member",
              "timedOut": null,
              "duration": 3172,
              "state": "passed",
              "speed": "slow",
              "pass": true,
              "fail": false,
              "pending": false,
              "context": null,
              "code": "cy.fixture(\"pool-data.json\").then(function (data) {\n  var user = data.username;\n  var password = data.password;\n  var email = data.user9;\n  cy.visit(\"signin\");\n  cy.get(\".email\").type(user).should(\"have.value\", user);\n  cy.get(\".password\").type(password).should(\"have.value\", password);\n  cy.get(\".login\").click();\n  cy.get(\"ul.gh-nav-manage > li.gh-nav-list-h:first-child\").should(\"have.text\", \"Manage\");\n  cy.get(\"ul.gh-nav-settings > li.gh-nav-list-h:first-child\").should(\"have.text\", \"Settings\");\n  cy.get(\"ul.gh-nav-manage > li:nth-child(5) > a\").click();\n  cy.get(\".gh-btn-green\").click({\n    force: true\n  });\n  cy.get(\"#new-user-email\").type(email).should(\"have.value\", email);\n  cy.get(\".modal-footer > .gh-btn-green\").click({\n    force: true\n  });\n});",
              "err": {},
              "uuid": "89de6716-9fd9-41eb-92a7-c3e91cf440db",
              "parentUUID": "cd8d4ae2-bb5e-4b20-ac5d-346d568983bc",
              "isHook": false,
              "skipped": false
            },
            {
              "title": "Add staff member",
              "fullTitle": "Invite new people to staff Add staff member",
              "timedOut": null,
              "duration": 3313,
              "state": "passed",
              "speed": "slow",
              "pass": true,
              "fail": false,
              "pending": false,
              "context": null,
              "code": "cy.fixture(\"pool-data.json\").then(function (data) {\n  var user = data.username;\n  var password = data.password;\n  var email = data.user10;\n  cy.visit(\"signin\");\n  cy.get(\".email\").type(user).should(\"have.value\", user);\n  cy.get(\".password\").type(password).should(\"have.value\", password);\n  cy.get(\".login\").click();\n  cy.get(\"ul.gh-nav-manage > li.gh-nav-list-h:first-child\").should(\"have.text\", \"Manage\");\n  cy.get(\"ul.gh-nav-settings > li.gh-nav-list-h:first-child\").should(\"have.text\", \"Settings\");\n  cy.get(\"ul.gh-nav-manage > li:nth-child(5) > a\").click();\n  cy.get(\".gh-btn-green\").click({\n    force: true\n  });\n  cy.get(\"#new-user-email\").type(email).should(\"have.value\", email);\n  cy.get(\".modal-footer > .gh-btn-green\").click({\n    force: true\n  });\n});",
              "err": {},
              "uuid": "6ad31ade-4ec6-4ed4-8c54-685644d14a7b",
              "parentUUID": "cd8d4ae2-bb5e-4b20-ac5d-346d568983bc",
              "isHook": false,
              "skipped": false
            },
            {
              "title": "Add staff member with bad email",
              "fullTitle": "Invite new people to staff Add staff member with bad email",
              "timedOut": null,
              "duration": 2780,
              "state": "passed",
              "speed": "slow",
              "pass": true,
              "fail": false,
              "pending": false,
              "context": null,
              "code": "cy.fixture(\"pool-data.json\").then(function (data) {\n  var user = data.username;\n  var password = data.password;\n  var email = data.name;\n  cy.visit(\"signin\");\n  cy.get(\".email\").type(user).should(\"have.value\", user);\n  cy.get(\".password\").type(password).should(\"have.value\", password);\n  cy.get(\".login\").click();\n  cy.get(\"ul.gh-nav-manage > li.gh-nav-list-h:first-child\").should(\"have.text\", \"Manage\");\n  cy.get(\"ul.gh-nav-settings > li.gh-nav-list-h:first-child\").should(\"have.text\", \"Settings\");\n  cy.get(\"ul.gh-nav-manage > li:nth-child(5) > a\").click();\n  cy.get(\".gh-btn-green\").click({\n    force: true\n  });\n  cy.get(\"#new-user-email\").type(email).should(\"have.value\", email);\n  cy.get(\".modal-footer > .gh-btn-green\").click({\n    force: true\n  });\n  cy.get(\"p.response\").should(\"have.text\", \"\\n    Invalid Email.\\n\\n    \\n\");\n});",
              "err": {},
              "uuid": "153697ff-58bf-4104-978a-5704701dcf0d",
              "parentUUID": "cd8d4ae2-bb5e-4b20-ac5d-346d568983bc",
              "isHook": false,
              "skipped": false
            },
            {
              "title": "Add staff member with bad email2",
              "fullTitle": "Invite new people to staff Add staff member with bad email2",
              "timedOut": null,
              "duration": 4134,
              "state": "passed",
              "speed": "slow",
              "pass": true,
              "fail": false,
              "pending": false,
              "context": null,
              "code": "cy.fixture(\"pool-data.json\").then(function (data) {\n  var user = data.username;\n  var password = data.password;\n  var email = data.name2;\n  cy.visit(\"signin\");\n  cy.get(\".email\").type(user).should(\"have.value\", user);\n  cy.get(\".password\").type(password).should(\"have.value\", password);\n  cy.get(\".login\").click();\n  cy.get(\"ul.gh-nav-manage > li.gh-nav-list-h:first-child\").should(\"have.text\", \"Manage\");\n  cy.get(\"ul.gh-nav-settings > li.gh-nav-list-h:first-child\").should(\"have.text\", \"Settings\");\n  cy.get(\"ul.gh-nav-manage > li:nth-child(5) > a\").click();\n  cy.get(\".gh-btn-green\").click({\n    force: true\n  });\n  cy.get(\"#new-user-email\").type(email).should(\"have.value\", email);\n  cy.get(\".modal-footer > .gh-btn-green\").click({\n    force: true\n  });\n  cy.get(\"p.response\").should(\"have.text\", \"\\n    Invalid Email.\\n\\n    \\n\");\n});",
              "err": {},
              "uuid": "8da54fed-d85d-43d3-8b8b-ad898ff36b12",
              "parentUUID": "cd8d4ae2-bb5e-4b20-ac5d-346d568983bc",
              "isHook": false,
              "skipped": false
            },
            {
              "title": "Add staff member with bad email3",
              "fullTitle": "Invite new people to staff Add staff member with bad email3",
              "timedOut": null,
              "duration": 3136,
              "state": "passed",
              "speed": "slow",
              "pass": true,
              "fail": false,
              "pending": false,
              "context": null,
              "code": "cy.fixture(\"pool-data.json\").then(function (data) {\n  var user = data.username;\n  var password = data.password;\n  var email = data.name3;\n  cy.visit(\"signin\");\n  cy.get(\".email\").type(user).should(\"have.value\", user);\n  cy.get(\".password\").type(password).should(\"have.value\", password);\n  cy.get(\".login\").click();\n  cy.get(\"ul.gh-nav-manage > li.gh-nav-list-h:first-child\").should(\"have.text\", \"Manage\");\n  cy.get(\"ul.gh-nav-settings > li.gh-nav-list-h:first-child\").should(\"have.text\", \"Settings\");\n  cy.get(\"ul.gh-nav-manage > li:nth-child(5) > a\").click();\n  cy.get(\".gh-btn-green\").click({\n    force: true\n  });\n  cy.get(\"#new-user-email\").type(email).should(\"have.value\", email);\n  cy.get(\".modal-footer > .gh-btn-green\").click({\n    force: true\n  });\n  cy.get(\"p.response\").should(\"have.text\", \"\\n    Invalid Email.\\n\\n    \\n\");\n});",
              "err": {},
              "uuid": "c5924cf7-f56a-4e11-aace-1f25e43daea2",
              "parentUUID": "cd8d4ae2-bb5e-4b20-ac5d-346d568983bc",
              "isHook": false,
              "skipped": false
            },
            {
              "title": "Add staff member with bad email3",
              "fullTitle": "Invite new people to staff Add staff member with bad email3",
              "timedOut": null,
              "duration": 2817,
              "state": "passed",
              "speed": "slow",
              "pass": true,
              "fail": false,
              "pending": false,
              "context": null,
              "code": "cy.fixture(\"pool-data.json\").then(function (data) {\n  var user = data.username;\n  var password = data.password;\n  var email = data.name4;\n  cy.visit(\"signin\");\n  cy.get(\".email\").type(user).should(\"have.value\", user);\n  cy.get(\".password\").type(password).should(\"have.value\", password);\n  cy.get(\".login\").click();\n  cy.get(\"ul.gh-nav-manage > li.gh-nav-list-h:first-child\").should(\"have.text\", \"Manage\");\n  cy.get(\"ul.gh-nav-settings > li.gh-nav-list-h:first-child\").should(\"have.text\", \"Settings\");\n  cy.get(\"ul.gh-nav-manage > li:nth-child(5) > a\").click();\n  cy.get(\".gh-btn-green\").click({\n    force: true\n  });\n  cy.get(\"#new-user-email\").type(email).should(\"have.value\", email);\n  cy.get(\".modal-footer > .gh-btn-green\").click({\n    force: true\n  });\n  cy.get(\"p.response\").should(\"have.text\", \"\\n    Invalid Email.\\n\\n    \\n\");\n});",
              "err": {},
              "uuid": "36788353-94f5-4db9-a571-5ffeea48a9e1",
              "parentUUID": "cd8d4ae2-bb5e-4b20-ac5d-346d568983bc",
              "isHook": false,
              "skipped": false
            },
            {
              "title": "Add staff member with bad email3",
              "fullTitle": "Invite new people to staff Add staff member with bad email3",
              "timedOut": null,
              "duration": 2784,
              "state": "passed",
              "speed": "slow",
              "pass": true,
              "fail": false,
              "pending": false,
              "context": null,
              "code": "cy.fixture(\"pool-data.json\").then(function (data) {\n  var user = data.username;\n  var password = data.password;\n  var email = data.name5;\n  cy.visit(\"signin\");\n  cy.get(\".email\").type(user).should(\"have.value\", user);\n  cy.get(\".password\").type(password).should(\"have.value\", password);\n  cy.get(\".login\").click();\n  cy.get(\"ul.gh-nav-manage > li.gh-nav-list-h:first-child\").should(\"have.text\", \"Manage\");\n  cy.get(\"ul.gh-nav-settings > li.gh-nav-list-h:first-child\").should(\"have.text\", \"Settings\");\n  cy.get(\"ul.gh-nav-manage > li:nth-child(5) > a\").click();\n  cy.get(\".gh-btn-green\").click({\n    force: true\n  });\n  cy.get(\"#new-user-email\").type(email).should(\"have.value\", email);\n  cy.get(\".modal-footer > .gh-btn-green\").click({\n    force: true\n  });\n  cy.get(\"p.response\").should(\"have.text\", \"\\n    Invalid Email.\\n\\n    \\n\");\n});",
              "err": {},
              "uuid": "9f530c9b-f778-4de7-bd57-187cdeb3d4da",
              "parentUUID": "cd8d4ae2-bb5e-4b20-ac5d-346d568983bc",
              "isHook": false,
              "skipped": false
            }
          ],
          "suites": [],
          "passes": [
            "b834e23a-d74e-4d5b-a3df-496245044055",
            "11a24248-7cf7-4b43-99ca-853c23074885",
            "a2d77874-65f6-4437-bea2-a6b0762277c3",
            "925db7e7-1378-4c83-a25e-6ecbb4cbd7d5",
            "b281d39d-b814-464b-9958-617124b9620d",
            "b4e008aa-12e9-4aa9-af0b-94a1c961b2de",
            "18906e24-dde4-4bf2-91e1-89a9d6bf2053",
            "11a11328-8020-44b5-a2af-ac8f2234cbbf",
            "89de6716-9fd9-41eb-92a7-c3e91cf440db",
            "6ad31ade-4ec6-4ed4-8c54-685644d14a7b",
            "153697ff-58bf-4104-978a-5704701dcf0d",
            "8da54fed-d85d-43d3-8b8b-ad898ff36b12",
            "c5924cf7-f56a-4e11-aace-1f25e43daea2",
            "36788353-94f5-4db9-a571-5ffeea48a9e1",
            "9f530c9b-f778-4de7-bd57-187cdeb3d4da"
          ],
          "failures": [],
          "pending": [],
          "skipped": [],
          "duration": 53291,
          "root": false,
          "rootEmpty": false,
          "_timeout": 2000
        }
      ],
      "passes": [],
      "failures": [],
      "pending": [],
      "skipped": [],
      "duration": 0,
      "root": true,
      "rootEmpty": true,
      "_timeout": 2000
    }
  ],
  "meta": {
    "mocha": {
      "version": "7.0.1"
    },
    "mochawesome": {
      "options": {
        "quiet": false,
        "reportFilename": "mochawesome",
        "saveHtml": false,
        "saveJson": true,
        "consoleReporter": "spec",
        "useInlineDiffs": false,
        "code": true
      },
      "version": "6.2.2"
    },
    "marge": {
      "options": {
        "charts": true,
        "overwrite": false,
        "html": false,
        "json": true,
        "reportDir": "cypress/report/mochawesome-report"
      },
      "version": "5.2.0"
    }
  }
}