{
  "stats": {
    "suites": 1,
    "tests": 1,
    "passes": 1,
    "pending": 0,
    "failures": 0,
    "start": "2021-03-08T04:15:13.497Z",
    "end": "2021-03-08T04:15:18.553Z",
    "duration": 5056,
    "testsRegistered": 1,
    "passPercent": 100,
    "pendingPercent": 0,
    "other": 0,
    "hasOther": false,
    "skipped": 0,
    "hasSkipped": false
  },
  "results": [
    {
      "uuid": "40d7d50a-e3ef-4732-bbaa-fe45cfd97909",
      "title": "",
      "fullFile": "cypress/integration/view_pages.js",
      "file": "cypress/integration/view_pages.js",
      "beforeHooks": [],
      "afterHooks": [],
      "tests": [],
      "suites": [
        {
          "uuid": "6a80fd59-0d2f-43bf-9f56-d338fc6b6b7c",
          "title": "View Pages",
          "fullFile": "",
          "file": "",
          "beforeHooks": [],
          "afterHooks": [],
          "tests": [
            {
              "title": "View list of pages",
              "fullTitle": "View Pages View list of pages",
              "timedOut": null,
              "duration": 4603,
              "state": "passed",
              "speed": "slow",
              "pass": true,
              "fail": false,
              "pending": false,
              "context": null,
              "code": "cy.visit('signin');\ncy.get('.email').type('deyvidm18@gmail.com').should('have.value', 'deyvidm18@gmail.com');\ncy.get('.password').type('m!K5K8V@HkFkPMr').should('have.value', 'm!K5K8V@HkFkPMr');\ncy.get('.login').click();\ncy.get('ul.gh-nav-manage > li.gh-nav-list-h:first-child').should('have.text', 'Manage');\ncy.get('ul.gh-nav-settings > li.gh-nav-list-h:first-child').should('have.text', 'Settings');\ncy.visit('pages');\ncy.get('.gh-canvas-title > a').should('have.text', 'Pages');",
              "err": {},
              "uuid": "261ca7ef-17a3-4653-89eb-411e9b688abc",
              "parentUUID": "6a80fd59-0d2f-43bf-9f56-d338fc6b6b7c",
              "isHook": false,
              "skipped": false
            }
          ],
          "suites": [],
          "passes": [
            "261ca7ef-17a3-4653-89eb-411e9b688abc"
          ],
          "failures": [],
          "pending": [],
          "skipped": [],
          "duration": 4603,
          "root": false,
          "rootEmpty": false,
          "_timeout": 2000
        }
      ],
      "passes": [],
      "failures": [],
      "pending": [],
      "skipped": [],
      "duration": 0,
      "root": true,
      "rootEmpty": true,
      "_timeout": 2000
    }
  ],
  "meta": {
    "mocha": {
      "version": "7.0.1"
    },
    "mochawesome": {
      "options": {
        "quiet": false,
        "reportFilename": "mochawesome",
        "saveHtml": false,
        "saveJson": true,
        "consoleReporter": "spec",
        "useInlineDiffs": false,
        "code": true
      },
      "version": "6.2.2"
    },
    "marge": {
      "options": {
        "charts": true,
        "overwrite": false,
        "html": false,
        "json": true,
        "reportDir": "cypress/report/mochawesome-report"
      },
      "version": "5.2.0"
    }
  }
}