{
  "stats": {
    "suites": 1,
    "tests": 1,
    "passes": 0,
    "pending": 0,
    "failures": 1,
    "start": "2021-03-08T03:44:57.555Z",
    "end": "2021-03-08T03:45:04.161Z",
    "duration": 6606,
    "testsRegistered": 1,
    "passPercent": 0,
    "pendingPercent": 0,
    "other": 0,
    "hasOther": false,
    "skipped": 0,
    "hasSkipped": false
  },
  "results": [
    {
      "uuid": "5467c44d-4856-4eb6-8835-8d1d5b93b5aa",
      "title": "",
      "fullFile": "cypress/integration/new_staff.spec.js",
      "file": "cypress/integration/new_staff.spec.js",
      "beforeHooks": [],
      "afterHooks": [],
      "tests": [],
      "suites": [
        {
          "uuid": "5ccd72cc-91f4-422f-8cfe-b7d347bf0e76",
          "title": "Invite new people to staff",
          "fullFile": "",
          "file": "",
          "beforeHooks": [],
          "afterHooks": [],
          "tests": [
            {
              "title": "Add staff member",
              "fullTitle": "Invite new people to staff Add staff member",
              "timedOut": null,
              "duration": 6501,
              "state": "failed",
              "speed": null,
              "pass": false,
              "fail": true,
              "pending": false,
              "context": null,
              "code": "cy.visit('signin');\ncy.get('.email').type('deyvidm18@gmail.com').should('have.value', 'deyvidm18@gmail.com');\ncy.get('.password').type('m!K5K8V@HkFkPMr').should('have.value', 'm!K5K8V@HkFkPMr');\ncy.get('.login').click();\ncy.get('ul.gh-nav-manage > li.gh-nav-list-h:first-child').should('have.text', 'Manage');\ncy.get('ul.gh-nav-settings > li.gh-nav-list-h:first-child').should('have.text', 'Settings');\ncy.get('ul.gh-nav-manage > li:nth-child(5) > a').click();\ncy.get('.gh-btn-green').click({\n  \"force\": true\n});\ncy.get('[name=\"email\"]').type('some-test-user@gmail.com').should('have.value', 'some-test-user@gmail.com');\ncy.get('.modal-footer > .gh-btn-green').click({\n  \"force\": true\n});",
              "err": {
                "message": "CypressError: `cy.type()` can only be called on a single element. Your subject contained 2 elements.\n\nhttps://on.cypress.io/type",
                "estack": "CypressError: `cy.type()` can only be called on a single element. Your subject contained 2 elements.\n\nhttps://on.cypress.io/type\n    at Context.type (http://localhost:2368/__cypress/runner/cypress_runner.js:154943:17)\n    at Context.<anonymous> (http://localhost:2368/__cypress/runner/cypress_runner.js:171468:21)\nFrom Your Spec Code:\n    at Context.eval (http://localhost:2368/__cypress/tests?p=cypress/integration/new_staff.spec.js:111:30)",
                "diff": null
              },
              "uuid": "786a40ac-bb3c-4729-b8a3-c819c978df02",
              "parentUUID": "5ccd72cc-91f4-422f-8cfe-b7d347bf0e76",
              "isHook": false,
              "skipped": false
            }
          ],
          "suites": [],
          "passes": [],
          "failures": [
            "786a40ac-bb3c-4729-b8a3-c819c978df02"
          ],
          "pending": [],
          "skipped": [],
          "duration": 6501,
          "root": false,
          "rootEmpty": false,
          "_timeout": 2000
        }
      ],
      "passes": [],
      "failures": [],
      "pending": [],
      "skipped": [],
      "duration": 0,
      "root": true,
      "rootEmpty": true,
      "_timeout": 2000
    }
  ],
  "meta": {
    "mocha": {
      "version": "7.0.1"
    },
    "mochawesome": {
      "options": {
        "quiet": false,
        "reportFilename": "mochawesome",
        "saveHtml": false,
        "saveJson": true,
        "consoleReporter": "spec",
        "useInlineDiffs": false,
        "code": true
      },
      "version": "6.2.2"
    },
    "marge": {
      "options": {
        "charts": true,
        "overwrite": false,
        "html": false,
        "json": true,
        "reportDir": "cypress/report/mochawesome-report"
      },
      "version": "5.2.0"
    }
  }
}