{
  "stats": {
    "suites": 1,
    "tests": 4,
    "passes": 4,
    "pending": 0,
    "failures": 0,
    "start": "2021-03-14T23:26:32.071Z",
    "end": "2021-03-14T23:26:49.313Z",
    "duration": 17242,
    "testsRegistered": 4,
    "passPercent": 100,
    "pendingPercent": 0,
    "other": 0,
    "hasOther": false,
    "skipped": 0,
    "hasSkipped": false
  },
  "results": [
    {
      "uuid": "fb291ad1-f4c1-4712-ad81-c168bafebffb",
      "title": "",
      "fullFile": "cypress/integration/a-priori/new_staff.spec.js",
      "file": "cypress/integration/a-priori/new_staff.spec.js",
      "beforeHooks": [],
      "afterHooks": [],
      "tests": [],
      "suites": [
        {
          "uuid": "9ec193ec-2089-413c-b6dc-fba0472cd2b9",
          "title": "Invite new people to staff",
          "fullFile": "",
          "file": "",
          "beforeHooks": [],
          "afterHooks": [],
          "tests": [
            {
              "title": "Add staff member",
              "fullTitle": "Invite new people to staff Add staff member",
              "timedOut": null,
              "duration": 6312,
              "state": "passed",
              "speed": "slow",
              "pass": true,
              "fail": false,
              "pending": false,
              "context": null,
              "code": "cy.fixture(\"data.json\").then(function (data) {\n  var user = data.correctLogin.username;\n  var password = data.correctLogin.password;\n  var email = data.email;\n  cy.visit(\"signin\");\n  cy.get(\".email\").type(user).should(\"have.value\", user);\n  cy.get(\".password\").type(password).should(\"have.value\", password);\n  cy.get(\".login\").click();\n  cy.get(\"ul.gh-nav-manage > li.gh-nav-list-h:first-child\").should(\"have.text\", \"Manage\");\n  cy.get(\"ul.gh-nav-settings > li.gh-nav-list-h:first-child\").should(\"have.text\", \"Settings\");\n  cy.get(\"ul.gh-nav-manage > li:nth-child(5) > a\").click();\n  cy.get(\".gh-btn-green\").click({\n    force: true\n  });\n  cy.get(\"#new-user-email\").type(email).should(\"have.value\", email);\n  cy.get(\".modal-footer > .gh-btn-green\").click({\n    force: true\n  });\n});",
              "err": {},
              "uuid": "80961db9-f68e-47e4-a322-e5049ad0ace8",
              "parentUUID": "9ec193ec-2089-413c-b6dc-fba0472cd2b9",
              "isHook": false,
              "skipped": false
            },
            {
              "title": "Add staff member with bad email",
              "fullTitle": "Invite new people to staff Add staff member with bad email",
              "timedOut": null,
              "duration": 4269,
              "state": "passed",
              "speed": "slow",
              "pass": true,
              "fail": false,
              "pending": false,
              "context": null,
              "code": "cy.fixture(\"data.json\").then(function (data) {\n  var user = data.correctLogin.username;\n  var password = data.correctLogin.password;\n  var email = data.bad_email;\n  cy.visit(\"signin\");\n  cy.get(\".email\").type(user).should(\"have.value\", user);\n  cy.get(\".password\").type(password).should(\"have.value\", password);\n  cy.get(\".login\").click();\n  cy.get(\"ul.gh-nav-manage > li.gh-nav-list-h:first-child\").should(\"have.text\", \"Manage\");\n  cy.get(\"ul.gh-nav-settings > li.gh-nav-list-h:first-child\").should(\"have.text\", \"Settings\");\n  cy.get(\"ul.gh-nav-manage > li:nth-child(5) > a\").click();\n  cy.get(\".gh-btn-green\").click({\n    force: true\n  });\n  cy.get(\"#new-user-email\").type(email).should(\"have.value\", email);\n  cy.get(\".modal-footer > .gh-btn-green\").click({\n    force: true\n  });\n  cy.get(\"p.response\").should(\"have.text\", \"\\n    Invalid Email.\\n\\n    \\n\");\n});",
              "err": {},
              "uuid": "f06ceac7-4550-4771-b835-553af698a21b",
              "parentUUID": "9ec193ec-2089-413c-b6dc-fba0472cd2b9",
              "isHook": false,
              "skipped": false
            },
            {
              "title": "Add staff member with bad email2",
              "fullTitle": "Invite new people to staff Add staff member with bad email2",
              "timedOut": null,
              "duration": 3566,
              "state": "passed",
              "speed": "slow",
              "pass": true,
              "fail": false,
              "pending": false,
              "context": null,
              "code": "cy.fixture(\"data.json\").then(function (data) {\n  var user = data.correctLogin.username;\n  var password = data.correctLogin.password;\n  var email = data.bad_email2;\n  cy.visit(\"signin\");\n  cy.get(\".email\").type(user).should(\"have.value\", user);\n  cy.get(\".password\").type(password).should(\"have.value\", password);\n  cy.get(\".login\").click();\n  cy.get(\"ul.gh-nav-manage > li.gh-nav-list-h:first-child\").should(\"have.text\", \"Manage\");\n  cy.get(\"ul.gh-nav-settings > li.gh-nav-list-h:first-child\").should(\"have.text\", \"Settings\");\n  cy.get(\"ul.gh-nav-manage > li:nth-child(5) > a\").click();\n  cy.get(\".gh-btn-green\").click({\n    force: true\n  });\n  cy.get(\"#new-user-email\").type(email).should(\"have.value\", email);\n  cy.get(\".modal-footer > .gh-btn-green\").click({\n    force: true\n  });\n  cy.get(\"p.response\").should(\"have.text\", \"\\n    Invalid Email.\\n\\n    \\n\");\n});",
              "err": {},
              "uuid": "03e0e9a2-c19c-442e-a4da-3d03fc4cc3e6",
              "parentUUID": "9ec193ec-2089-413c-b6dc-fba0472cd2b9",
              "isHook": false,
              "skipped": false
            },
            {
              "title": "Add staff member with bad email3",
              "fullTitle": "Invite new people to staff Add staff member with bad email3",
              "timedOut": null,
              "duration": 3045,
              "state": "passed",
              "speed": "slow",
              "pass": true,
              "fail": false,
              "pending": false,
              "context": null,
              "code": "cy.fixture(\"data.json\").then(function (data) {\n  var user = data.correctLogin.username;\n  var password = data.correctLogin.password;\n  var email = data.bad_email3;\n  cy.visit(\"signin\");\n  cy.get(\".email\").type(user).should(\"have.value\", user);\n  cy.get(\".password\").type(password).should(\"have.value\", password);\n  cy.get(\".login\").click();\n  cy.get(\"ul.gh-nav-manage > li.gh-nav-list-h:first-child\").should(\"have.text\", \"Manage\");\n  cy.get(\"ul.gh-nav-settings > li.gh-nav-list-h:first-child\").should(\"have.text\", \"Settings\");\n  cy.get(\"ul.gh-nav-manage > li:nth-child(5) > a\").click();\n  cy.get(\".gh-btn-green\").click({\n    force: true\n  });\n  cy.get(\"#new-user-email\").type(email).should(\"have.value\", email);\n  cy.get(\".modal-footer > .gh-btn-green\").click({\n    force: true\n  });\n  cy.get(\"p.response\").should(\"have.text\", \"\\n    Invalid Email.\\n\\n    \\n\");\n});",
              "err": {},
              "uuid": "7d687e6f-e597-4766-9904-fed4c036966d",
              "parentUUID": "9ec193ec-2089-413c-b6dc-fba0472cd2b9",
              "isHook": false,
              "skipped": false
            }
          ],
          "suites": [],
          "passes": [
            "80961db9-f68e-47e4-a322-e5049ad0ace8",
            "f06ceac7-4550-4771-b835-553af698a21b",
            "03e0e9a2-c19c-442e-a4da-3d03fc4cc3e6",
            "7d687e6f-e597-4766-9904-fed4c036966d"
          ],
          "failures": [],
          "pending": [],
          "skipped": [],
          "duration": 17192,
          "root": false,
          "rootEmpty": false,
          "_timeout": 2000
        }
      ],
      "passes": [],
      "failures": [],
      "pending": [],
      "skipped": [],
      "duration": 0,
      "root": true,
      "rootEmpty": true,
      "_timeout": 2000
    }
  ],
  "meta": {
    "mocha": {
      "version": "7.0.1"
    },
    "mochawesome": {
      "options": {
        "quiet": false,
        "reportFilename": "mochawesome",
        "saveHtml": false,
        "saveJson": true,
        "consoleReporter": "spec",
        "useInlineDiffs": false,
        "code": true
      },
      "version": "6.2.2"
    },
    "marge": {
      "options": {
        "charts": true,
        "overwrite": false,
        "html": false,
        "json": true,
        "reportDir": "cypress/report/mochawesome-report"
      },
      "version": "5.2.0"
    }
  }
}