{
  "stats": {
    "suites": 1,
    "tests": 4,
    "passes": 4,
    "pending": 0,
    "failures": 0,
    "start": "2021-03-14T23:33:28.766Z",
    "end": "2021-03-14T23:33:44.893Z",
    "duration": 16127,
    "testsRegistered": 4,
    "passPercent": 100,
    "pendingPercent": 0,
    "other": 0,
    "hasOther": false,
    "skipped": 0,
    "hasSkipped": false
  },
  "results": [
    {
      "uuid": "8bae4e75-0ea3-498c-b8b4-d60df5dbd137",
      "title": "",
      "fullFile": "cypress/integration/pool-datos/change_site_title_description.spec.js",
      "file": "cypress/integration/pool-datos/change_site_title_description.spec.js",
      "beforeHooks": [],
      "afterHooks": [],
      "tests": [],
      "suites": [
        {
          "uuid": "61d1e95d-5f5e-4989-b59f-1f501aa343ae",
          "title": "Change the site description",
          "fullFile": "",
          "file": "",
          "beforeHooks": [],
          "afterHooks": [],
          "tests": [
            {
              "title": "Change the description",
              "fullTitle": "Change the site description Change the description",
              "timedOut": null,
              "duration": 7290,
              "state": "passed",
              "speed": "slow",
              "pass": true,
              "fail": false,
              "pending": false,
              "context": null,
              "code": "cy.fixture(\"pool-data\").then(function (data) {\n  var description = data.description;\n  cy.visit(\"signin\");\n  cy.get(\".email\").type(\"deyvidm18@gmail.com\").should(\"have.value\", \"deyvidm18@gmail.com\");\n  cy.get(\".password\").type(\"m!K5K8V@HkFkPMr\").should(\"have.value\", \"m!K5K8V@HkFkPMr\");\n  cy.get(\".login\").click();\n  cy.get(\"ul.gh-nav-manage > li.gh-nav-list-h:first-child\").should(\"have.text\", \"Manage\");\n  cy.get(\"ul.gh-nav-settings > li.gh-nav-list-h:first-child\").should(\"have.text\", \"Settings\");\n  cy.get(\"ul.gh-nav-settings > li:nth-child(2) > a\").click();\n  cy.get(\".mt2 >.gh-setting-first .gh-setting-action .gh-btn:first-child\").click({\n    force: true\n  });\n  cy.get(\"div.description-container>input.gh-input\").clear({\n    force: true\n  });\n  cy.get(\"div.description-container>input.gh-input\").type(description).should(\"have.value\", description);\n  cy.get(\"button.gh-btn-blue\").click();\n});",
              "err": {},
              "uuid": "fb5648fc-c56e-4a31-9566-00a0887b6eb8",
              "parentUUID": "61d1e95d-5f5e-4989-b59f-1f501aa343ae",
              "isHook": false,
              "skipped": false
            },
            {
              "title": "Change the description",
              "fullTitle": "Change the site description Change the description",
              "timedOut": null,
              "duration": 3116,
              "state": "passed",
              "speed": "slow",
              "pass": true,
              "fail": false,
              "pending": false,
              "context": null,
              "code": "cy.fixture(\"pool-data\").then(function (data) {\n  var description = data.description2;\n  cy.visit(\"signin\");\n  cy.get(\".email\").type(\"deyvidm18@gmail.com\").should(\"have.value\", \"deyvidm18@gmail.com\");\n  cy.get(\".password\").type(\"m!K5K8V@HkFkPMr\").should(\"have.value\", \"m!K5K8V@HkFkPMr\");\n  cy.get(\".login\").click();\n  cy.get(\"ul.gh-nav-manage > li.gh-nav-list-h:first-child\").should(\"have.text\", \"Manage\");\n  cy.get(\"ul.gh-nav-settings > li.gh-nav-list-h:first-child\").should(\"have.text\", \"Settings\");\n  cy.get(\"ul.gh-nav-settings > li:nth-child(2) > a\").click();\n  cy.get(\".mt2 >.gh-setting-first .gh-setting-action .gh-btn:first-child\").click({\n    force: true\n  });\n  cy.get(\"div.description-container>input.gh-input\").clear({\n    force: true\n  });\n  cy.get(\"div.description-container>input.gh-input\").type(description).should(\"have.value\", description);\n  cy.get(\"button.gh-btn-blue\").click();\n});",
              "err": {},
              "uuid": "5282d1e6-ac94-4be9-8f1a-9d6c2f18d997",
              "parentUUID": "61d1e95d-5f5e-4989-b59f-1f501aa343ae",
              "isHook": false,
              "skipped": false
            },
            {
              "title": "Change the description",
              "fullTitle": "Change the site description Change the description",
              "timedOut": null,
              "duration": 2791,
              "state": "passed",
              "speed": "slow",
              "pass": true,
              "fail": false,
              "pending": false,
              "context": null,
              "code": "cy.fixture(\"pool-data\").then(function (data) {\n  var description = data.description3;\n  cy.visit(\"signin\");\n  cy.get(\".email\").type(\"deyvidm18@gmail.com\").should(\"have.value\", \"deyvidm18@gmail.com\");\n  cy.get(\".password\").type(\"m!K5K8V@HkFkPMr\").should(\"have.value\", \"m!K5K8V@HkFkPMr\");\n  cy.get(\".login\").click();\n  cy.get(\"ul.gh-nav-manage > li.gh-nav-list-h:first-child\").should(\"have.text\", \"Manage\");\n  cy.get(\"ul.gh-nav-settings > li.gh-nav-list-h:first-child\").should(\"have.text\", \"Settings\");\n  cy.get(\"ul.gh-nav-settings > li:nth-child(2) > a\").click();\n  cy.get(\".mt2 >.gh-setting-first .gh-setting-action .gh-btn:first-child\").click({\n    force: true\n  });\n  cy.get(\"div.description-container>input.gh-input\").clear({\n    force: true\n  });\n  cy.get(\"div.description-container>input.gh-input\").type(description).should(\"have.value\", description);\n  cy.get(\"button.gh-btn-blue\").click();\n});",
              "err": {},
              "uuid": "f971c221-c869-45d6-82ca-b21fa23ce8f8",
              "parentUUID": "61d1e95d-5f5e-4989-b59f-1f501aa343ae",
              "isHook": false,
              "skipped": false
            },
            {
              "title": "Change the description",
              "fullTitle": "Change the site description Change the description",
              "timedOut": null,
              "duration": 2801,
              "state": "passed",
              "speed": "slow",
              "pass": true,
              "fail": false,
              "pending": false,
              "context": null,
              "code": "cy.fixture(\"pool-data\").then(function (data) {\n  var description = data.description4;\n  cy.visit(\"signin\");\n  cy.get(\".email\").type(\"deyvidm18@gmail.com\").should(\"have.value\", \"deyvidm18@gmail.com\");\n  cy.get(\".password\").type(\"m!K5K8V@HkFkPMr\").should(\"have.value\", \"m!K5K8V@HkFkPMr\");\n  cy.get(\".login\").click();\n  cy.get(\"ul.gh-nav-manage > li.gh-nav-list-h:first-child\").should(\"have.text\", \"Manage\");\n  cy.get(\"ul.gh-nav-settings > li.gh-nav-list-h:first-child\").should(\"have.text\", \"Settings\");\n  cy.get(\"ul.gh-nav-settings > li:nth-child(2) > a\").click();\n  cy.get(\".mt2 >.gh-setting-first .gh-setting-action .gh-btn:first-child\").click({\n    force: true\n  });\n  cy.get(\"div.description-container>input.gh-input\").clear({\n    force: true\n  });\n  cy.get(\"div.description-container>input.gh-input\").type(description).should(\"have.value\", description);\n  cy.get(\"button.gh-btn-blue\").click();\n});",
              "err": {},
              "uuid": "2d3d794a-df93-44df-a4cf-ddd328860c55",
              "parentUUID": "61d1e95d-5f5e-4989-b59f-1f501aa343ae",
              "isHook": false,
              "skipped": false
            }
          ],
          "suites": [],
          "passes": [
            "fb5648fc-c56e-4a31-9566-00a0887b6eb8",
            "5282d1e6-ac94-4be9-8f1a-9d6c2f18d997",
            "f971c221-c869-45d6-82ca-b21fa23ce8f8",
            "2d3d794a-df93-44df-a4cf-ddd328860c55"
          ],
          "failures": [],
          "pending": [],
          "skipped": [],
          "duration": 15998,
          "root": false,
          "rootEmpty": false,
          "_timeout": 2000
        }
      ],
      "passes": [],
      "failures": [],
      "pending": [],
      "skipped": [],
      "duration": 0,
      "root": true,
      "rootEmpty": true,
      "_timeout": 2000
    }
  ],
  "meta": {
    "mocha": {
      "version": "7.0.1"
    },
    "mochawesome": {
      "options": {
        "quiet": false,
        "reportFilename": "mochawesome",
        "saveHtml": false,
        "saveJson": true,
        "consoleReporter": "spec",
        "useInlineDiffs": false,
        "code": true
      },
      "version": "6.2.2"
    },
    "marge": {
      "options": {
        "charts": true,
        "overwrite": false,
        "html": false,
        "json": true,
        "reportDir": "cypress/report/mochawesome-report"
      },
      "version": "5.2.0"
    }
  }
}