{
  "stats": {
    "suites": 1,
    "tests": 11,
    "passes": 11,
    "pending": 0,
    "failures": 0,
    "start": "2021-03-14T23:36:28.776Z",
    "end": "2021-03-14T23:37:16.941Z",
    "duration": 48165,
    "testsRegistered": 11,
    "passPercent": 100,
    "pendingPercent": 0,
    "other": 0,
    "hasOther": false,
    "skipped": 0,
    "hasSkipped": false
  },
  "results": [
    {
      "uuid": "a23763c4-5a93-4bd7-afb8-c99c6908a4ec",
      "title": "",
      "fullFile": "cypress/integration/pool-datos/new_tag.spec.js",
      "file": "cypress/integration/pool-datos/new_tag.spec.js",
      "beforeHooks": [],
      "afterHooks": [],
      "tests": [],
      "suites": [
        {
          "uuid": "9fd26c25-b80d-426c-8134-738d00c9834b",
          "title": "Create new tag",
          "fullFile": "",
          "file": "",
          "beforeHooks": [],
          "afterHooks": [],
          "tests": [
            {
              "title": "create new tag",
              "fullTitle": "Create new tag create new tag",
              "timedOut": null,
              "duration": 8424,
              "state": "passed",
              "speed": "slow",
              "pass": true,
              "fail": false,
              "pending": false,
              "context": null,
              "code": "cy.fixture(\"pool-data.json\").then(function (data) {\n  var user = data.username;\n  var password = data.password;\n  var tag = data.tag;\n  var description = data.description;\n  cy.visit(\"signin\");\n  cy.get(\".email\").type(user).should(\"have.value\", user);\n  cy.get(\".password\").type(password).should(\"have.value\", password);\n  cy.get(\".login\").click();\n  cy.get(\"ul.gh-nav-manage > li.gh-nav-list-h:first-child\").should(\"have.text\", \"Manage\");\n  cy.get(\"ul.gh-nav-settings > li.gh-nav-list-h:first-child\").should(\"have.text\", \"Settings\");\n  cy.get(\"ul.gh-nav-manage > li:nth-child(4) > a\").click();\n  cy.get(\".view-actions >.gh-btn-green\").click({\n    force: true\n  });\n  cy.get(\"#tag-name\").type(tag, {\n    force: true\n  }).should(\"have.value\", tag);\n  cy.get(\"#tag-description\").type(description, {\n    force: true\n  }).should(\"have.value\", description);\n  cy.get(\"[name=accent-color]\").type(\"800080\", {\n    force: true\n  }).should(\"have.value\", \"800080\");\n  cy.get(\".view-actions > button.gh-btn-blue\").click({\n    force: true\n  });\n});",
              "err": {},
              "uuid": "3989e001-8605-4eac-8eb4-5c35c19c93d6",
              "parentUUID": "9fd26c25-b80d-426c-8134-738d00c9834b",
              "isHook": false,
              "skipped": false
            },
            {
              "title": "create new tag",
              "fullTitle": "Create new tag create new tag",
              "timedOut": null,
              "duration": 4055,
              "state": "passed",
              "speed": "slow",
              "pass": true,
              "fail": false,
              "pending": false,
              "context": null,
              "code": "cy.fixture(\"pool-data.json\").then(function (data) {\n  var user = data.username;\n  var password = data.password;\n  var tag = data.tag2;\n  var description = data.description;\n  cy.visit(\"signin\");\n  cy.visit(\"signin\");\n  cy.get(\".email\").type(user).should(\"have.value\", user);\n  cy.get(\".password\").type(password).should(\"have.value\", password);\n  cy.get(\".login\").click();\n  cy.get(\"ul.gh-nav-manage > li.gh-nav-list-h:first-child\").should(\"have.text\", \"Manage\");\n  cy.get(\"ul.gh-nav-settings > li.gh-nav-list-h:first-child\").should(\"have.text\", \"Settings\");\n  cy.get(\"ul.gh-nav-manage > li:nth-child(4) > a\").click();\n  cy.get(\".view-actions >.gh-btn-green\").click({\n    force: true\n  });\n  cy.get(\"#tag-name\").type(tag, {\n    force: true\n  }).should(\"have.value\", tag);\n  cy.get(\"#tag-description\").type(description, {\n    force: true\n  }).should(\"have.value\", description);\n  cy.get(\"[name=accent-color]\").type(\"800080\", {\n    force: true\n  }).should(\"have.value\", \"800080\");\n  cy.get(\".view-actions > button.gh-btn-blue\").click({\n    force: true\n  });\n});",
              "err": {},
              "uuid": "5426c2a5-7af2-46b2-ab7a-08f30e21f39a",
              "parentUUID": "9fd26c25-b80d-426c-8134-738d00c9834b",
              "isHook": false,
              "skipped": false
            },
            {
              "title": "create new tag",
              "fullTitle": "Create new tag create new tag",
              "timedOut": null,
              "duration": 4167,
              "state": "passed",
              "speed": "slow",
              "pass": true,
              "fail": false,
              "pending": false,
              "context": null,
              "code": "cy.fixture(\"pool-data.json\").then(function (data) {\n  var user = data.username;\n  var password = data.password;\n  var tag = data.tag3;\n  var description = data.description;\n  cy.visit(\"signin\");\n  cy.visit(\"signin\");\n  cy.get(\".email\").type(user).should(\"have.value\", user);\n  cy.get(\".password\").type(password).should(\"have.value\", password);\n  cy.get(\".login\").click();\n  cy.get(\"ul.gh-nav-manage > li.gh-nav-list-h:first-child\").should(\"have.text\", \"Manage\");\n  cy.get(\"ul.gh-nav-settings > li.gh-nav-list-h:first-child\").should(\"have.text\", \"Settings\");\n  cy.get(\"ul.gh-nav-manage > li:nth-child(4) > a\").click();\n  cy.get(\".view-actions >.gh-btn-green\").click({\n    force: true\n  });\n  cy.get(\"#tag-name\").type(tag, {\n    force: true\n  }).should(\"have.value\", tag);\n  cy.get(\"#tag-description\").type(description, {\n    force: true\n  }).should(\"have.value\", description);\n  cy.get(\"[name=accent-color]\").type(\"800080\", {\n    force: true\n  }).should(\"have.value\", \"800080\");\n  cy.get(\".view-actions > button.gh-btn-blue\").click({\n    force: true\n  });\n});",
              "err": {},
              "uuid": "ab53d70a-9225-46eb-9c1b-572e336d6401",
              "parentUUID": "9fd26c25-b80d-426c-8134-738d00c9834b",
              "isHook": false,
              "skipped": false
            },
            {
              "title": "create new tag",
              "fullTitle": "Create new tag create new tag",
              "timedOut": null,
              "duration": 4234,
              "state": "passed",
              "speed": "slow",
              "pass": true,
              "fail": false,
              "pending": false,
              "context": null,
              "code": "cy.fixture(\"pool-data.json\").then(function (data) {\n  var user = data.username;\n  var password = data.password;\n  var tag = data.tag4;\n  var description = data.description;\n  cy.visit(\"signin\");\n  cy.visit(\"signin\");\n  cy.get(\".email\").type(user).should(\"have.value\", user);\n  cy.get(\".password\").type(password).should(\"have.value\", password);\n  cy.get(\".login\").click();\n  cy.get(\"ul.gh-nav-manage > li.gh-nav-list-h:first-child\").should(\"have.text\", \"Manage\");\n  cy.get(\"ul.gh-nav-settings > li.gh-nav-list-h:first-child\").should(\"have.text\", \"Settings\");\n  cy.get(\"ul.gh-nav-manage > li:nth-child(4) > a\").click();\n  cy.get(\".view-actions >.gh-btn-green\").click({\n    force: true\n  });\n  cy.get(\"#tag-name\").type(tag, {\n    force: true\n  }).should(\"have.value\", tag);\n  cy.get(\"#tag-description\").type(description, {\n    force: true\n  }).should(\"have.value\", description);\n  cy.get(\"[name=accent-color]\").type(\"800080\", {\n    force: true\n  }).should(\"have.value\", \"800080\");\n  cy.get(\".view-actions > button.gh-btn-blue\").click({\n    force: true\n  });\n});",
              "err": {},
              "uuid": "d6dde43d-6a8c-42d8-b39e-e18b0ab5d13d",
              "parentUUID": "9fd26c25-b80d-426c-8134-738d00c9834b",
              "isHook": false,
              "skipped": false
            },
            {
              "title": "create new tag",
              "fullTitle": "Create new tag create new tag",
              "timedOut": null,
              "duration": 3759,
              "state": "passed",
              "speed": "slow",
              "pass": true,
              "fail": false,
              "pending": false,
              "context": null,
              "code": "cy.fixture(\"pool-data.json\").then(function (data) {\n  var user = data.username;\n  var password = data.password;\n  var tag = data.tag5;\n  var description = data.description;\n  cy.visit(\"signin\");\n  cy.visit(\"signin\");\n  cy.get(\".email\").type(user).should(\"have.value\", user);\n  cy.get(\".password\").type(password).should(\"have.value\", password);\n  cy.get(\".login\").click();\n  cy.get(\"ul.gh-nav-manage > li.gh-nav-list-h:first-child\").should(\"have.text\", \"Manage\");\n  cy.get(\"ul.gh-nav-settings > li.gh-nav-list-h:first-child\").should(\"have.text\", \"Settings\");\n  cy.get(\"ul.gh-nav-manage > li:nth-child(4) > a\").click();\n  cy.get(\".view-actions >.gh-btn-green\").click({\n    force: true\n  });\n  cy.get(\"#tag-name\").type(tag, {\n    force: true\n  }).should(\"have.value\", tag);\n  cy.get(\"#tag-description\").type(description, {\n    force: true\n  }).should(\"have.value\", description);\n  cy.get(\"[name=accent-color]\").type(\"800080\", {\n    force: true\n  }).should(\"have.value\", \"800080\");\n  cy.get(\".view-actions > button.gh-btn-blue\").click({\n    force: true\n  });\n});",
              "err": {},
              "uuid": "97854032-b6e1-4048-b467-6658ca315d50",
              "parentUUID": "9fd26c25-b80d-426c-8134-738d00c9834b",
              "isHook": false,
              "skipped": false
            },
            {
              "title": "create new tag",
              "fullTitle": "Create new tag create new tag",
              "timedOut": null,
              "duration": 4185,
              "state": "passed",
              "speed": "slow",
              "pass": true,
              "fail": false,
              "pending": false,
              "context": null,
              "code": "cy.fixture(\"pool-data.json\").then(function (data) {\n  var user = data.username;\n  var password = data.password;\n  var tag = data.tag6;\n  var description = data.description;\n  cy.visit(\"signin\");\n  cy.visit(\"signin\");\n  cy.get(\".email\").type(user).should(\"have.value\", user);\n  cy.get(\".password\").type(password).should(\"have.value\", password);\n  cy.get(\".login\").click();\n  cy.get(\"ul.gh-nav-manage > li.gh-nav-list-h:first-child\").should(\"have.text\", \"Manage\");\n  cy.get(\"ul.gh-nav-settings > li.gh-nav-list-h:first-child\").should(\"have.text\", \"Settings\");\n  cy.get(\"ul.gh-nav-manage > li:nth-child(4) > a\").click();\n  cy.get(\".view-actions >.gh-btn-green\").click({\n    force: true\n  });\n  cy.get(\"#tag-name\").type(tag, {\n    force: true\n  }).should(\"have.value\", tag);\n  cy.get(\"#tag-description\").type(description, {\n    force: true\n  }).should(\"have.value\", description);\n  cy.get(\"[name=accent-color]\").type(\"800080\", {\n    force: true\n  }).should(\"have.value\", \"800080\");\n  cy.get(\".view-actions > button.gh-btn-blue\").click({\n    force: true\n  });\n});",
              "err": {},
              "uuid": "df798aff-f0ba-4483-871b-5e4f5d2edbb0",
              "parentUUID": "9fd26c25-b80d-426c-8134-738d00c9834b",
              "isHook": false,
              "skipped": false
            },
            {
              "title": "create new tag",
              "fullTitle": "Create new tag create new tag",
              "timedOut": null,
              "duration": 4216,
              "state": "passed",
              "speed": "slow",
              "pass": true,
              "fail": false,
              "pending": false,
              "context": null,
              "code": "cy.fixture(\"pool-data.json\").then(function (data) {\n  var user = data.username;\n  var password = data.password;\n  var tag = data.tag6;\n  var description = data.description;\n  cy.visit(\"signin\");\n  cy.visit(\"signin\");\n  cy.get(\".email\").type(user).should(\"have.value\", user);\n  cy.get(\".password\").type(password).should(\"have.value\", password);\n  cy.get(\".login\").click();\n  cy.get(\"ul.gh-nav-manage > li.gh-nav-list-h:first-child\").should(\"have.text\", \"Manage\");\n  cy.get(\"ul.gh-nav-settings > li.gh-nav-list-h:first-child\").should(\"have.text\", \"Settings\");\n  cy.get(\"ul.gh-nav-manage > li:nth-child(4) > a\").click();\n  cy.get(\".view-actions >.gh-btn-green\").click({\n    force: true\n  });\n  cy.get(\"#tag-name\").type(tag, {\n    force: true\n  }).should(\"have.value\", tag);\n  cy.get(\"#tag-description\").type(description, {\n    force: true\n  }).should(\"have.value\", description);\n  cy.get(\"[name=accent-color]\").type(\"800080\", {\n    force: true\n  }).should(\"have.value\", \"800080\");\n  cy.get(\".view-actions > button.gh-btn-blue\").click({\n    force: true\n  });\n});",
              "err": {},
              "uuid": "ed59d519-f876-4560-8351-60281baffb83",
              "parentUUID": "9fd26c25-b80d-426c-8134-738d00c9834b",
              "isHook": false,
              "skipped": false
            },
            {
              "title": "create new tag",
              "fullTitle": "Create new tag create new tag",
              "timedOut": null,
              "duration": 3908,
              "state": "passed",
              "speed": "slow",
              "pass": true,
              "fail": false,
              "pending": false,
              "context": null,
              "code": "cy.fixture(\"pool-data.json\").then(function (data) {\n  var user = data.username;\n  var password = data.password;\n  var tag = data.tag7;\n  var description = data.description;\n  cy.visit(\"signin\");\n  cy.visit(\"signin\");\n  cy.get(\".email\").type(user).should(\"have.value\", user);\n  cy.get(\".password\").type(password).should(\"have.value\", password);\n  cy.get(\".login\").click();\n  cy.get(\"ul.gh-nav-manage > li.gh-nav-list-h:first-child\").should(\"have.text\", \"Manage\");\n  cy.get(\"ul.gh-nav-settings > li.gh-nav-list-h:first-child\").should(\"have.text\", \"Settings\");\n  cy.get(\"ul.gh-nav-manage > li:nth-child(4) > a\").click();\n  cy.get(\".view-actions >.gh-btn-green\").click({\n    force: true\n  });\n  cy.get(\"#tag-name\").type(tag, {\n    force: true\n  }).should(\"have.value\", tag);\n  cy.get(\"#tag-description\").type(description, {\n    force: true\n  }).should(\"have.value\", description);\n  cy.get(\"[name=accent-color]\").type(\"800080\", {\n    force: true\n  }).should(\"have.value\", \"800080\");\n  cy.get(\".view-actions > button.gh-btn-blue\").click({\n    force: true\n  });\n});",
              "err": {},
              "uuid": "0087e02d-f8ca-47ea-844d-79aa4cd5842d",
              "parentUUID": "9fd26c25-b80d-426c-8134-738d00c9834b",
              "isHook": false,
              "skipped": false
            },
            {
              "title": "create new tag",
              "fullTitle": "Create new tag create new tag",
              "timedOut": null,
              "duration": 3587,
              "state": "passed",
              "speed": "slow",
              "pass": true,
              "fail": false,
              "pending": false,
              "context": null,
              "code": "cy.fixture(\"pool-data.json\").then(function (data) {\n  var user = data.username;\n  var password = data.password;\n  var tag = data.tag8;\n  var description = data.description;\n  cy.visit(\"signin\");\n  cy.visit(\"signin\");\n  cy.get(\".email\").type(user).should(\"have.value\", user);\n  cy.get(\".password\").type(password).should(\"have.value\", password);\n  cy.get(\".login\").click();\n  cy.get(\"ul.gh-nav-manage > li.gh-nav-list-h:first-child\").should(\"have.text\", \"Manage\");\n  cy.get(\"ul.gh-nav-settings > li.gh-nav-list-h:first-child\").should(\"have.text\", \"Settings\");\n  cy.get(\"ul.gh-nav-manage > li:nth-child(4) > a\").click();\n  cy.get(\".view-actions >.gh-btn-green\").click({\n    force: true\n  });\n  cy.get(\"#tag-name\").type(tag, {\n    force: true\n  }).should(\"have.value\", tag);\n  cy.get(\"#tag-description\").type(description, {\n    force: true\n  }).should(\"have.value\", description);\n  cy.get(\"[name=accent-color]\").type(\"800080\", {\n    force: true\n  }).should(\"have.value\", \"800080\");\n  cy.get(\".view-actions > button.gh-btn-blue\").click({\n    force: true\n  });\n});",
              "err": {},
              "uuid": "8702a3f7-624c-4387-8911-2d988fd2b6a3",
              "parentUUID": "9fd26c25-b80d-426c-8134-738d00c9834b",
              "isHook": false,
              "skipped": false
            },
            {
              "title": "create new tag",
              "fullTitle": "Create new tag create new tag",
              "timedOut": null,
              "duration": 3812,
              "state": "passed",
              "speed": "slow",
              "pass": true,
              "fail": false,
              "pending": false,
              "context": null,
              "code": "cy.fixture(\"pool-data.json\").then(function (data) {\n  var user = data.username;\n  var password = data.password;\n  var tag = data.tag9;\n  var description = data.description;\n  cy.visit(\"signin\");\n  cy.visit(\"signin\");\n  cy.get(\".email\").type(user).should(\"have.value\", user);\n  cy.get(\".password\").type(password).should(\"have.value\", password);\n  cy.get(\".login\").click();\n  cy.get(\"ul.gh-nav-manage > li.gh-nav-list-h:first-child\").should(\"have.text\", \"Manage\");\n  cy.get(\"ul.gh-nav-settings > li.gh-nav-list-h:first-child\").should(\"have.text\", \"Settings\");\n  cy.get(\"ul.gh-nav-manage > li:nth-child(4) > a\").click();\n  cy.get(\".view-actions >.gh-btn-green\").click({\n    force: true\n  });\n  cy.get(\"#tag-name\").type(tag, {\n    force: true\n  }).should(\"have.value\", tag);\n  cy.get(\"#tag-description\").type(description, {\n    force: true\n  }).should(\"have.value\", description);\n  cy.get(\"[name=accent-color]\").type(\"800080\", {\n    force: true\n  }).should(\"have.value\", \"800080\");\n  cy.get(\".view-actions > button.gh-btn-blue\").click({\n    force: true\n  });\n});",
              "err": {},
              "uuid": "12e7db5e-5628-4b3a-afab-d80654846dd9",
              "parentUUID": "9fd26c25-b80d-426c-8134-738d00c9834b",
              "isHook": false,
              "skipped": false
            },
            {
              "title": "create new tag",
              "fullTitle": "Create new tag create new tag",
              "timedOut": null,
              "duration": 3527,
              "state": "passed",
              "speed": "slow",
              "pass": true,
              "fail": false,
              "pending": false,
              "context": null,
              "code": "cy.fixture(\"pool-data.json\").then(function (data) {\n  var user = data.username;\n  var password = data.password;\n  var tag = data.tag10;\n  var description = data.description;\n  cy.visit(\"signin\");\n  cy.visit(\"signin\");\n  cy.get(\".email\").type(user).should(\"have.value\", user);\n  cy.get(\".password\").type(password).should(\"have.value\", password);\n  cy.get(\".login\").click();\n  cy.get(\"ul.gh-nav-manage > li.gh-nav-list-h:first-child\").should(\"have.text\", \"Manage\");\n  cy.get(\"ul.gh-nav-settings > li.gh-nav-list-h:first-child\").should(\"have.text\", \"Settings\");\n  cy.get(\"ul.gh-nav-manage > li:nth-child(4) > a\").click();\n  cy.get(\".view-actions >.gh-btn-green\").click({\n    force: true\n  });\n  cy.get(\"#tag-name\").type(tag, {\n    force: true\n  }).should(\"have.value\", tag);\n  cy.get(\"#tag-description\").type(description, {\n    force: true\n  }).should(\"have.value\", description);\n  cy.get(\"[name=accent-color]\").type(\"800080\", {\n    force: true\n  }).should(\"have.value\", \"800080\");\n  cy.get(\".view-actions > button.gh-btn-blue\").click({\n    force: true\n  });\n});",
              "err": {},
              "uuid": "b6b219a0-f154-4e75-8762-02eb1e4325eb",
              "parentUUID": "9fd26c25-b80d-426c-8134-738d00c9834b",
              "isHook": false,
              "skipped": false
            }
          ],
          "suites": [],
          "passes": [
            "3989e001-8605-4eac-8eb4-5c35c19c93d6",
            "5426c2a5-7af2-46b2-ab7a-08f30e21f39a",
            "ab53d70a-9225-46eb-9c1b-572e336d6401",
            "d6dde43d-6a8c-42d8-b39e-e18b0ab5d13d",
            "97854032-b6e1-4048-b467-6658ca315d50",
            "df798aff-f0ba-4483-871b-5e4f5d2edbb0",
            "ed59d519-f876-4560-8351-60281baffb83",
            "0087e02d-f8ca-47ea-844d-79aa4cd5842d",
            "8702a3f7-624c-4387-8911-2d988fd2b6a3",
            "12e7db5e-5628-4b3a-afab-d80654846dd9",
            "b6b219a0-f154-4e75-8762-02eb1e4325eb"
          ],
          "failures": [],
          "pending": [],
          "skipped": [],
          "duration": 47874,
          "root": false,
          "rootEmpty": false,
          "_timeout": 2000
        }
      ],
      "passes": [],
      "failures": [],
      "pending": [],
      "skipped": [],
      "duration": 0,
      "root": true,
      "rootEmpty": true,
      "_timeout": 2000
    }
  ],
  "meta": {
    "mocha": {
      "version": "7.0.1"
    },
    "mochawesome": {
      "options": {
        "quiet": false,
        "reportFilename": "mochawesome",
        "saveHtml": false,
        "saveJson": true,
        "consoleReporter": "spec",
        "useInlineDiffs": false,
        "code": true
      },
      "version": "6.2.2"
    },
    "marge": {
      "options": {
        "charts": true,
        "overwrite": false,
        "html": false,
        "json": true,
        "reportDir": "cypress/report/mochawesome-report"
      },
      "version": "5.2.0"
    }
  }
}