{
  "stats": {
    "suites": 1,
    "tests": 11,
    "passes": 11,
    "pending": 0,
    "failures": 0,
    "start": "2021-03-14T23:29:33.852Z",
    "end": "2021-03-14T23:30:29.365Z",
    "duration": 55513,
    "testsRegistered": 11,
    "passPercent": 100,
    "pendingPercent": 0,
    "other": 0,
    "hasOther": false,
    "skipped": 0,
    "hasSkipped": false
  },
  "results": [
    {
      "uuid": "776ea3bc-90c4-421a-b0c1-640baf94a044",
      "title": "",
      "fullFile": "cypress/integration/aleatorio/new_post.spec.js",
      "file": "cypress/integration/aleatorio/new_post.spec.js",
      "beforeHooks": [],
      "afterHooks": [],
      "tests": [],
      "suites": [
        {
          "uuid": "64469d96-1e74-4845-af7b-15116766c7ae",
          "title": "Create new Post",
          "fullFile": "",
          "file": "",
          "beforeHooks": [],
          "afterHooks": [],
          "tests": [
            {
              "title": "Create a new post to add content to the site",
              "fullTitle": "Create new Post Create a new post to add content to the site",
              "timedOut": null,
              "duration": 9391,
              "state": "passed",
              "speed": "slow",
              "pass": true,
              "fail": false,
              "pending": false,
              "context": null,
              "code": "var title = faker.commerce.productDescription();\ncy.visit('signin');\ncy.get('.email').type('deyvidm18@gmail.com').should('have.value', 'deyvidm18@gmail.com');\ncy.get('.password').type('m!K5K8V@HkFkPMr').should('have.value', 'm!K5K8V@HkFkPMr');\ncy.get('.login').click();\ncy.get('ul.gh-nav-manage > li.gh-nav-list-h:first-child').should('have.text', 'Manage');\ncy.get('ul.gh-nav-settings > li.gh-nav-list-h:first-child').should('have.text', 'Settings');\ncy.get('ul.gh-nav-manage > li:nth-child(2) > a:nth-child(2)').click();\ncy.get('textarea.gh-editor-title').type(title).should('have.value', title);",
              "err": {},
              "uuid": "3c664462-7991-4980-8a52-75c27509ff22",
              "parentUUID": "64469d96-1e74-4845-af7b-15116766c7ae",
              "isHook": false,
              "skipped": false
            },
            {
              "title": "Create a new post to add content to the site",
              "fullTitle": "Create new Post Create a new post to add content to the site",
              "timedOut": null,
              "duration": 4960,
              "state": "passed",
              "speed": "slow",
              "pass": true,
              "fail": false,
              "pending": false,
              "context": null,
              "code": "var title = faker.commerce.productDescription();\ncy.visit('signin');\ncy.get('.email').type('deyvidm18@gmail.com').should('have.value', 'deyvidm18@gmail.com');\ncy.get('.password').type('m!K5K8V@HkFkPMr').should('have.value', 'm!K5K8V@HkFkPMr');\ncy.get('.login').click();\ncy.get('ul.gh-nav-manage > li.gh-nav-list-h:first-child').should('have.text', 'Manage');\ncy.get('ul.gh-nav-settings > li.gh-nav-list-h:first-child').should('have.text', 'Settings');\ncy.get('ul.gh-nav-manage > li:nth-child(2) > a:nth-child(2)').click();\ncy.get('textarea.gh-editor-title').type(title).should('have.value', title);",
              "err": {},
              "uuid": "63408ff6-7705-4192-b239-62fa57e1a11b",
              "parentUUID": "64469d96-1e74-4845-af7b-15116766c7ae",
              "isHook": false,
              "skipped": false
            },
            {
              "title": "Create a new post to add content to the site",
              "fullTitle": "Create new Post Create a new post to add content to the site",
              "timedOut": null,
              "duration": 3800,
              "state": "passed",
              "speed": "slow",
              "pass": true,
              "fail": false,
              "pending": false,
              "context": null,
              "code": "var title = faker.commerce.productDescription();\ncy.visit('signin');\ncy.get('.email').type('deyvidm18@gmail.com').should('have.value', 'deyvidm18@gmail.com');\ncy.get('.password').type('m!K5K8V@HkFkPMr').should('have.value', 'm!K5K8V@HkFkPMr');\ncy.get('.login').click();\ncy.get('ul.gh-nav-manage > li.gh-nav-list-h:first-child').should('have.text', 'Manage');\ncy.get('ul.gh-nav-settings > li.gh-nav-list-h:first-child').should('have.text', 'Settings');\ncy.get('ul.gh-nav-manage > li:nth-child(2) > a:nth-child(2)').click();\ncy.get('textarea.gh-editor-title').type(title).should('have.value', title);",
              "err": {},
              "uuid": "207cd089-ec41-439a-8105-86d8ce4fa710",
              "parentUUID": "64469d96-1e74-4845-af7b-15116766c7ae",
              "isHook": false,
              "skipped": false
            },
            {
              "title": "Create a new post to add content to the site",
              "fullTitle": "Create new Post Create a new post to add content to the site",
              "timedOut": null,
              "duration": 4820,
              "state": "passed",
              "speed": "slow",
              "pass": true,
              "fail": false,
              "pending": false,
              "context": null,
              "code": "var title = faker.commerce.productDescription();\ncy.visit('signin');\ncy.get('.email').type('deyvidm18@gmail.com').should('have.value', 'deyvidm18@gmail.com');\ncy.get('.password').type('m!K5K8V@HkFkPMr').should('have.value', 'm!K5K8V@HkFkPMr');\ncy.get('.login').click();\ncy.get('ul.gh-nav-manage > li.gh-nav-list-h:first-child').should('have.text', 'Manage');\ncy.get('ul.gh-nav-settings > li.gh-nav-list-h:first-child').should('have.text', 'Settings');\ncy.get('ul.gh-nav-manage > li:nth-child(2) > a:nth-child(2)').click();\ncy.get('textarea.gh-editor-title').type(title).should('have.value', title);",
              "err": {},
              "uuid": "200b6029-94c4-4739-8fa8-722e877a003c",
              "parentUUID": "64469d96-1e74-4845-af7b-15116766c7ae",
              "isHook": false,
              "skipped": false
            },
            {
              "title": "Create a new post to add content to the site",
              "fullTitle": "Create new Post Create a new post to add content to the site",
              "timedOut": null,
              "duration": 5614,
              "state": "passed",
              "speed": "slow",
              "pass": true,
              "fail": false,
              "pending": false,
              "context": null,
              "code": "var title = faker.commerce.productDescription();\ncy.visit('signin');\ncy.get('.email').type('deyvidm18@gmail.com').should('have.value', 'deyvidm18@gmail.com');\ncy.get('.password').type('m!K5K8V@HkFkPMr').should('have.value', 'm!K5K8V@HkFkPMr');\ncy.get('.login').click();\ncy.get('ul.gh-nav-manage > li.gh-nav-list-h:first-child').should('have.text', 'Manage');\ncy.get('ul.gh-nav-settings > li.gh-nav-list-h:first-child').should('have.text', 'Settings');\ncy.get('ul.gh-nav-manage > li:nth-child(2) > a:nth-child(2)').click();\ncy.get('textarea.gh-editor-title').type(title).should('have.value', title);",
              "err": {},
              "uuid": "34215c80-0295-4970-b695-2b56bc5c585f",
              "parentUUID": "64469d96-1e74-4845-af7b-15116766c7ae",
              "isHook": false,
              "skipped": false
            },
            {
              "title": "Create a new post to add content to the site",
              "fullTitle": "Create new Post Create a new post to add content to the site",
              "timedOut": null,
              "duration": 4565,
              "state": "passed",
              "speed": "slow",
              "pass": true,
              "fail": false,
              "pending": false,
              "context": null,
              "code": "var title = faker.commerce.productDescription();\ncy.visit('signin');\ncy.get('.email').type('deyvidm18@gmail.com').should('have.value', 'deyvidm18@gmail.com');\ncy.get('.password').type('m!K5K8V@HkFkPMr').should('have.value', 'm!K5K8V@HkFkPMr');\ncy.get('.login').click();\ncy.get('ul.gh-nav-manage > li.gh-nav-list-h:first-child').should('have.text', 'Manage');\ncy.get('ul.gh-nav-settings > li.gh-nav-list-h:first-child').should('have.text', 'Settings');\ncy.get('ul.gh-nav-manage > li:nth-child(2) > a:nth-child(2)').click();\ncy.get('textarea.gh-editor-title').type(title).should('have.value', title);",
              "err": {},
              "uuid": "666b0c77-0a5f-4cb3-be56-4c2757c2267d",
              "parentUUID": "64469d96-1e74-4845-af7b-15116766c7ae",
              "isHook": false,
              "skipped": false
            },
            {
              "title": "Create a new post to add content to the site",
              "fullTitle": "Create new Post Create a new post to add content to the site",
              "timedOut": null,
              "duration": 4624,
              "state": "passed",
              "speed": "slow",
              "pass": true,
              "fail": false,
              "pending": false,
              "context": null,
              "code": "var title = faker.commerce.productDescription();\ncy.visit('signin');\ncy.get('.email').type('deyvidm18@gmail.com').should('have.value', 'deyvidm18@gmail.com');\ncy.get('.password').type('m!K5K8V@HkFkPMr').should('have.value', 'm!K5K8V@HkFkPMr');\ncy.get('.login').click();\ncy.get('ul.gh-nav-manage > li.gh-nav-list-h:first-child').should('have.text', 'Manage');\ncy.get('ul.gh-nav-settings > li.gh-nav-list-h:first-child').should('have.text', 'Settings');\ncy.get('ul.gh-nav-manage > li:nth-child(2) > a:nth-child(2)').click();\ncy.get('textarea.gh-editor-title').type(title).should('have.value', title);",
              "err": {},
              "uuid": "a6c38b08-5ab8-4a8a-af08-455dd3c44826",
              "parentUUID": "64469d96-1e74-4845-af7b-15116766c7ae",
              "isHook": false,
              "skipped": false
            },
            {
              "title": "Create a new post to add content to the site",
              "fullTitle": "Create new Post Create a new post to add content to the site",
              "timedOut": null,
              "duration": 4214,
              "state": "passed",
              "speed": "slow",
              "pass": true,
              "fail": false,
              "pending": false,
              "context": null,
              "code": "var title = faker.commerce.productDescription();\ncy.visit('signin');\ncy.get('.email').type('deyvidm18@gmail.com').should('have.value', 'deyvidm18@gmail.com');\ncy.get('.password').type('m!K5K8V@HkFkPMr').should('have.value', 'm!K5K8V@HkFkPMr');\ncy.get('.login').click();\ncy.get('ul.gh-nav-manage > li.gh-nav-list-h:first-child').should('have.text', 'Manage');\ncy.get('ul.gh-nav-settings > li.gh-nav-list-h:first-child').should('have.text', 'Settings');\ncy.get('ul.gh-nav-manage > li:nth-child(2) > a:nth-child(2)').click();\ncy.get('textarea.gh-editor-title').type(title).should('have.value', title);",
              "err": {},
              "uuid": "efdff8b0-0fdc-4b2e-956f-b7127955139e",
              "parentUUID": "64469d96-1e74-4845-af7b-15116766c7ae",
              "isHook": false,
              "skipped": false
            },
            {
              "title": "Create a new post to add content to the site",
              "fullTitle": "Create new Post Create a new post to add content to the site",
              "timedOut": null,
              "duration": 3676,
              "state": "passed",
              "speed": "slow",
              "pass": true,
              "fail": false,
              "pending": false,
              "context": null,
              "code": "var title = faker.commerce.productDescription();\ncy.visit('signin');\ncy.get('.email').type('deyvidm18@gmail.com').should('have.value', 'deyvidm18@gmail.com');\ncy.get('.password').type('m!K5K8V@HkFkPMr').should('have.value', 'm!K5K8V@HkFkPMr');\ncy.get('.login').click();\ncy.get('ul.gh-nav-manage > li.gh-nav-list-h:first-child').should('have.text', 'Manage');\ncy.get('ul.gh-nav-settings > li.gh-nav-list-h:first-child').should('have.text', 'Settings');\ncy.get('ul.gh-nav-manage > li:nth-child(2) > a:nth-child(2)').click();\ncy.get('textarea.gh-editor-title').type(title).should('have.value', title);",
              "err": {},
              "uuid": "6dfdb584-8677-461f-a1b1-dbbcb154d41f",
              "parentUUID": "64469d96-1e74-4845-af7b-15116766c7ae",
              "isHook": false,
              "skipped": false
            },
            {
              "title": "Create a new post to add content to the site",
              "fullTitle": "Create new Post Create a new post to add content to the site",
              "timedOut": null,
              "duration": 4555,
              "state": "passed",
              "speed": "slow",
              "pass": true,
              "fail": false,
              "pending": false,
              "context": null,
              "code": "var title = faker.commerce.productDescription();\ncy.visit('signin');\ncy.get('.email').type('deyvidm18@gmail.com').should('have.value', 'deyvidm18@gmail.com');\ncy.get('.password').type('m!K5K8V@HkFkPMr').should('have.value', 'm!K5K8V@HkFkPMr');\ncy.get('.login').click();\ncy.get('ul.gh-nav-manage > li.gh-nav-list-h:first-child').should('have.text', 'Manage');\ncy.get('ul.gh-nav-settings > li.gh-nav-list-h:first-child').should('have.text', 'Settings');\ncy.get('ul.gh-nav-manage > li:nth-child(2) > a:nth-child(2)').click();\ncy.get('textarea.gh-editor-title').type(title).should('have.value', title);",
              "err": {},
              "uuid": "cbf8c9d8-7b75-403b-b37c-aaf6fbaccdc3",
              "parentUUID": "64469d96-1e74-4845-af7b-15116766c7ae",
              "isHook": false,
              "skipped": false
            },
            {
              "title": "Create a new post to add content to the site",
              "fullTitle": "Create new Post Create a new post to add content to the site",
              "timedOut": null,
              "duration": 4902,
              "state": "passed",
              "speed": "slow",
              "pass": true,
              "fail": false,
              "pending": false,
              "context": null,
              "code": "var title = faker.commerce.productDescription();\ncy.visit('signin');\ncy.get('.email').type('deyvidm18@gmail.com').should('have.value', 'deyvidm18@gmail.com');\ncy.get('.password').type('m!K5K8V@HkFkPMr').should('have.value', 'm!K5K8V@HkFkPMr');\ncy.get('.login').click();\ncy.get('ul.gh-nav-manage > li.gh-nav-list-h:first-child').should('have.text', 'Manage');\ncy.get('ul.gh-nav-settings > li.gh-nav-list-h:first-child').should('have.text', 'Settings');\ncy.get('ul.gh-nav-manage > li:nth-child(2) > a:nth-child(2)').click();\ncy.get('textarea.gh-editor-title').type(title).should('have.value', title);",
              "err": {},
              "uuid": "0140e6b6-7e3b-4919-a192-ef274d3ac4df",
              "parentUUID": "64469d96-1e74-4845-af7b-15116766c7ae",
              "isHook": false,
              "skipped": false
            }
          ],
          "suites": [],
          "passes": [
            "3c664462-7991-4980-8a52-75c27509ff22",
            "63408ff6-7705-4192-b239-62fa57e1a11b",
            "207cd089-ec41-439a-8105-86d8ce4fa710",
            "200b6029-94c4-4739-8fa8-722e877a003c",
            "34215c80-0295-4970-b695-2b56bc5c585f",
            "666b0c77-0a5f-4cb3-be56-4c2757c2267d",
            "a6c38b08-5ab8-4a8a-af08-455dd3c44826",
            "efdff8b0-0fdc-4b2e-956f-b7127955139e",
            "6dfdb584-8677-461f-a1b1-dbbcb154d41f",
            "cbf8c9d8-7b75-403b-b37c-aaf6fbaccdc3",
            "0140e6b6-7e3b-4919-a192-ef274d3ac4df"
          ],
          "failures": [],
          "pending": [],
          "skipped": [],
          "duration": 55121,
          "root": false,
          "rootEmpty": false,
          "_timeout": 2000
        }
      ],
      "passes": [],
      "failures": [],
      "pending": [],
      "skipped": [],
      "duration": 0,
      "root": true,
      "rootEmpty": true,
      "_timeout": 2000
    }
  ],
  "meta": {
    "mocha": {
      "version": "7.0.1"
    },
    "mochawesome": {
      "options": {
        "quiet": false,
        "reportFilename": "mochawesome",
        "saveHtml": false,
        "saveJson": true,
        "consoleReporter": "spec",
        "useInlineDiffs": false,
        "code": true
      },
      "version": "6.2.2"
    },
    "marge": {
      "options": {
        "charts": true,
        "overwrite": false,
        "html": false,
        "json": true,
        "reportDir": "cypress/report/mochawesome-report"
      },
      "version": "5.2.0"
    }
  }
}