{
  "stats": {
    "suites": 1,
    "tests": 2,
    "passes": 2,
    "pending": 0,
    "failures": 0,
    "start": "2021-03-14T23:26:13.142Z",
    "end": "2021-03-14T23:26:24.215Z",
    "duration": 11073,
    "testsRegistered": 2,
    "passPercent": 100,
    "pendingPercent": 0,
    "other": 0,
    "hasOther": false,
    "skipped": 0,
    "hasSkipped": false
  },
  "results": [
    {
      "uuid": "246e6851-24df-4ecf-a998-c11fed10faa1",
      "title": "",
      "fullFile": "cypress/integration/a-priori/new_post.spec.js",
      "file": "cypress/integration/a-priori/new_post.spec.js",
      "beforeHooks": [],
      "afterHooks": [],
      "tests": [],
      "suites": [
        {
          "uuid": "90c5fdb0-0d30-4acb-ad0a-bac42912f335",
          "title": "Create new Post",
          "fullFile": "",
          "file": "",
          "beforeHooks": [],
          "afterHooks": [],
          "tests": [
            {
              "title": "Create a new post to add content to the site",
              "fullTitle": "Create new Post Create a new post to add content to the site",
              "timedOut": null,
              "duration": 7278,
              "state": "passed",
              "speed": "slow",
              "pass": true,
              "fail": false,
              "pending": false,
              "context": null,
              "code": "cy.fixture(\"data.json\").then(function (data) {\n  var user = data.correctLogin.username;\n  var password = data.correctLogin.password;\n  var title = data.title;\n  cy.visit(\"signin\");\n  cy.get(\".email\").type(user).should(\"have.value\", user);\n  cy.get(\".password\").type(password).should(\"have.value\", password);\n  cy.get(\".login\").click();\n  cy.get(\"ul.gh-nav-manage > li.gh-nav-list-h:first-child\").should(\"have.text\", \"Manage\");\n  cy.get(\"ul.gh-nav-settings > li.gh-nav-list-h:first-child\").should(\"have.text\", \"Settings\");\n  cy.get(\"ul.gh-nav-manage > li:nth-child(2) > a:nth-child(2)\").click();\n  cy.get(\"textarea.gh-editor-title\").type(title).should(\"have.value\", title);\n});",
              "err": {},
              "uuid": "501c1e09-e814-488d-8adb-95b6f683e607",
              "parentUUID": "90c5fdb0-0d30-4acb-ad0a-bac42912f335",
              "isHook": false,
              "skipped": false
            },
            {
              "title": "Create a new post to add content to the site",
              "fullTitle": "Create new Post Create a new post to add content to the site",
              "timedOut": null,
              "duration": 3553,
              "state": "passed",
              "speed": "slow",
              "pass": true,
              "fail": false,
              "pending": false,
              "context": null,
              "code": "cy.fixture(\"data.json\").then(function (data) {\n  var user = data.correctLogin.username;\n  var password = data.correctLogin.password;\n  var title = data.title2;\n  cy.visit(\"signin\");\n  cy.get(\".email\").type(user).should(\"have.value\", user);\n  cy.get(\".password\").type(password).should(\"have.value\", password);\n  cy.get(\".login\").click();\n  cy.get(\"ul.gh-nav-manage > li.gh-nav-list-h:first-child\").should(\"have.text\", \"Manage\");\n  cy.get(\"ul.gh-nav-settings > li.gh-nav-list-h:first-child\").should(\"have.text\", \"Settings\");\n  cy.get(\"ul.gh-nav-manage > li:nth-child(2) > a:nth-child(2)\").click();\n  cy.get(\"textarea.gh-editor-title\").type(title).should(\"have.value\", title);\n});",
              "err": {},
              "uuid": "ec0b306e-014d-4bcc-b639-24c60a5b6cfd",
              "parentUUID": "90c5fdb0-0d30-4acb-ad0a-bac42912f335",
              "isHook": false,
              "skipped": false
            }
          ],
          "suites": [],
          "passes": [
            "501c1e09-e814-488d-8adb-95b6f683e607",
            "ec0b306e-014d-4bcc-b639-24c60a5b6cfd"
          ],
          "failures": [],
          "pending": [],
          "skipped": [],
          "duration": 10831,
          "root": false,
          "rootEmpty": false,
          "_timeout": 2000
        }
      ],
      "passes": [],
      "failures": [],
      "pending": [],
      "skipped": [],
      "duration": 0,
      "root": true,
      "rootEmpty": true,
      "_timeout": 2000
    }
  ],
  "meta": {
    "mocha": {
      "version": "7.0.1"
    },
    "mochawesome": {
      "options": {
        "quiet": false,
        "reportFilename": "mochawesome",
        "saveHtml": false,
        "saveJson": true,
        "consoleReporter": "spec",
        "useInlineDiffs": false,
        "code": true
      },
      "version": "6.2.2"
    },
    "marge": {
      "options": {
        "charts": true,
        "overwrite": false,
        "html": false,
        "json": true,
        "reportDir": "cypress/report/mochawesome-report"
      },
      "version": "5.2.0"
    }
  }
}