{
  "stats": {
    "suites": 1,
    "tests": 3,
    "passes": 3,
    "pending": 0,
    "failures": 0,
    "start": "2021-03-14T23:26:58.050Z",
    "end": "2021-03-14T23:27:12.260Z",
    "duration": 14210,
    "testsRegistered": 3,
    "passPercent": 100,
    "pendingPercent": 0,
    "other": 0,
    "hasOther": false,
    "skipped": 0,
    "hasSkipped": false
  },
  "results": [
    {
      "uuid": "88cd0f6e-ad98-4f99-94ac-d3fd0add8601",
      "title": "",
      "fullFile": "cypress/integration/a-priori/new_tag.spec.js",
      "file": "cypress/integration/a-priori/new_tag.spec.js",
      "beforeHooks": [],
      "afterHooks": [],
      "tests": [],
      "suites": [
        {
          "uuid": "1c0e2539-f867-4282-882d-aa85f3095cd6",
          "title": "Create new tag",
          "fullFile": "",
          "file": "",
          "beforeHooks": [],
          "afterHooks": [],
          "tests": [
            {
              "title": "create new tag",
              "fullTitle": "Create new tag create new tag",
              "timedOut": null,
              "duration": 6557,
              "state": "passed",
              "speed": "slow",
              "pass": true,
              "fail": false,
              "pending": false,
              "context": null,
              "code": "cy.fixture(\"data.json\").then(function (data) {\n  var user = data.correctLogin.username;\n  var password = data.correctLogin.password;\n  var tag = data.tag;\n  var description = data.description;\n  var color = data.color;\n  cy.visit(\"signin\");\n  cy.get(\".email\").type(user).should(\"have.value\", user);\n  cy.get(\".password\").type(password).should(\"have.value\", password);\n  cy.get(\".login\").click();\n  cy.get(\"ul.gh-nav-manage > li.gh-nav-list-h:first-child\").should(\"have.text\", \"Manage\");\n  cy.get(\"ul.gh-nav-settings > li.gh-nav-list-h:first-child\").should(\"have.text\", \"Settings\");\n  cy.get(\"ul.gh-nav-manage > li:nth-child(4) > a\").click();\n  cy.get(\".view-actions >.gh-btn-green\").click({\n    force: true\n  });\n  cy.get(\"#tag-name\").type(tag, {\n    force: true\n  }).should(\"have.value\", tag);\n  cy.get(\"#tag-description\").type(description, {\n    force: true\n  }).should(\"have.value\", description);\n  cy.get(\"[name=accent-color]\").type(color, {\n    force: true\n  }).should(\"have.value\", color);\n  cy.get(\".view-actions > button.gh-btn-blue\").click({\n    force: true\n  });\n});",
              "err": {},
              "uuid": "02a57173-2131-40ba-bff1-2b908e695938",
              "parentUUID": "1c0e2539-f867-4282-882d-aa85f3095cd6",
              "isHook": false,
              "skipped": false
            },
            {
              "title": "create new tag",
              "fullTitle": "Create new tag create new tag",
              "timedOut": null,
              "duration": 4440,
              "state": "passed",
              "speed": "slow",
              "pass": true,
              "fail": false,
              "pending": false,
              "context": null,
              "code": "cy.fixture(\"data.json\").then(function (data) {\n  var user = data.correctLogin.username;\n  var password = data.correctLogin.password;\n  var tag = data.tag2;\n  var description = data.description;\n  var color = data.color;\n  cy.visit(\"signin\");\n  cy.visit(\"signin\");\n  cy.get(\".email\").type(user).should(\"have.value\", user);\n  cy.get(\".password\").type(password).should(\"have.value\", password);\n  cy.get(\".login\").click();\n  cy.get(\"ul.gh-nav-manage > li.gh-nav-list-h:first-child\").should(\"have.text\", \"Manage\");\n  cy.get(\"ul.gh-nav-settings > li.gh-nav-list-h:first-child\").should(\"have.text\", \"Settings\");\n  cy.get(\"ul.gh-nav-manage > li:nth-child(4) > a\").click();\n  cy.get(\".view-actions >.gh-btn-green\").click({\n    force: true\n  });\n  cy.get(\"#tag-name\").type(tag, {\n    force: true\n  }).should(\"have.value\", tag);\n  cy.get(\"#tag-description\").type(description, {\n    force: true\n  }).should(\"have.value\", description);\n  cy.get(\"[name=accent-color]\").type(color, {\n    force: true\n  }).should(\"have.value\", color);\n  cy.get(\".view-actions > button.gh-btn-blue\").click({\n    force: true\n  });\n});",
              "err": {},
              "uuid": "2b38df66-27e3-4c1e-8274-52658ff01b8c",
              "parentUUID": "1c0e2539-f867-4282-882d-aa85f3095cd6",
              "isHook": false,
              "skipped": false
            },
            {
              "title": "create new tag",
              "fullTitle": "Create new tag create new tag",
              "timedOut": null,
              "duration": 3005,
              "state": "passed",
              "speed": "slow",
              "pass": true,
              "fail": false,
              "pending": false,
              "context": null,
              "code": "cy.fixture(\"data.json\").then(function (data) {\n  var user = data.correctLogin.username;\n  var password = data.correctLogin.password;\n  var tag = data.tag3;\n  var description = data.description;\n  var color = data.color;\n  cy.visit(\"signin\");\n  cy.visit(\"signin\");\n  cy.get(\".email\").type(user).should(\"have.value\", user);\n  cy.get(\".password\").type(password).should(\"have.value\", password);\n  cy.get(\".login\").click();\n  cy.get(\"ul.gh-nav-manage > li.gh-nav-list-h:first-child\").should(\"have.text\", \"Manage\");\n  cy.get(\"ul.gh-nav-settings > li.gh-nav-list-h:first-child\").should(\"have.text\", \"Settings\");\n  cy.get(\"ul.gh-nav-manage > li:nth-child(4) > a\").click();\n  cy.get(\".view-actions >.gh-btn-green\").click({\n    force: true\n  });\n  cy.get(\"#tag-name\").type(tag, {\n    force: true\n  }).should(\"have.value\", tag);\n  cy.get(\"#tag-description\").type(description, {\n    force: true\n  }).should(\"have.value\", description);\n  cy.get(\"[name=accent-color]\").type(color, {\n    force: true\n  }).should(\"have.value\", color);\n  cy.get(\".view-actions > button.gh-btn-blue\").click({\n    force: true\n  });\n});",
              "err": {},
              "uuid": "c533210e-95f6-4bdd-a2b0-c10868aaf884",
              "parentUUID": "1c0e2539-f867-4282-882d-aa85f3095cd6",
              "isHook": false,
              "skipped": false
            }
          ],
          "suites": [],
          "passes": [
            "02a57173-2131-40ba-bff1-2b908e695938",
            "2b38df66-27e3-4c1e-8274-52658ff01b8c",
            "c533210e-95f6-4bdd-a2b0-c10868aaf884"
          ],
          "failures": [],
          "pending": [],
          "skipped": [],
          "duration": 14002,
          "root": false,
          "rootEmpty": false,
          "_timeout": 2000
        }
      ],
      "passes": [],
      "failures": [],
      "pending": [],
      "skipped": [],
      "duration": 0,
      "root": true,
      "rootEmpty": true,
      "_timeout": 2000
    }
  ],
  "meta": {
    "mocha": {
      "version": "7.0.1"
    },
    "mochawesome": {
      "options": {
        "quiet": false,
        "reportFilename": "mochawesome",
        "saveHtml": false,
        "saveJson": true,
        "consoleReporter": "spec",
        "useInlineDiffs": false,
        "code": true
      },
      "version": "6.2.2"
    },
    "marge": {
      "options": {
        "charts": true,
        "overwrite": false,
        "html": false,
        "json": true,
        "reportDir": "cypress/report/mochawesome-report"
      },
      "version": "5.2.0"
    }
  }
}