{
  "stats": {
    "suites": 1,
    "tests": 3,
    "passes": 3,
    "pending": 0,
    "failures": 0,
    "start": "2021-03-14T23:24:42.078Z",
    "end": "2021-03-14T23:25:03.900Z",
    "duration": 21822,
    "testsRegistered": 3,
    "passPercent": 100,
    "pendingPercent": 0,
    "other": 0,
    "hasOther": false,
    "skipped": 0,
    "hasSkipped": false
  },
  "results": [
    {
      "uuid": "9d9dc39a-a820-4f41-a437-a0497be0d298",
      "title": "",
      "fullFile": "cypress/integration/a-priori/change_site_title_description.spec.js",
      "file": "cypress/integration/a-priori/change_site_title_description.spec.js",
      "beforeHooks": [],
      "afterHooks": [],
      "tests": [],
      "suites": [
        {
          "uuid": "1a544915-12c4-405f-b50d-9bbc4caa0640",
          "title": "Change the site description",
          "fullFile": "",
          "file": "",
          "beforeHooks": [],
          "afterHooks": [],
          "tests": [
            {
              "title": "Change the description",
              "fullTitle": "Change the site description Change the description",
              "timedOut": null,
              "duration": 13195,
              "state": "passed",
              "speed": "slow",
              "pass": true,
              "fail": false,
              "pending": false,
              "context": null,
              "code": "cy.fixture(\"data.json\").then(function (data) {\n  var user = data.correctLogin.username;\n  var password = data.correctLogin.password;\n  var description = data.description;\n  cy.visit(\"signin\");\n  cy.get(\".email\").type(user).should(\"have.value\", user);\n  cy.get(\".password\").type(password).should(\"have.value\", password);\n  cy.get(\".login\").click();\n  cy.get(\"ul.gh-nav-manage > li.gh-nav-list-h:first-child\").should(\"have.text\", \"Manage\");\n  cy.get(\"ul.gh-nav-settings > li.gh-nav-list-h:first-child\").should(\"have.text\", \"Settings\");\n  cy.get(\"ul.gh-nav-settings > li:nth-child(2) > a\").click();\n  cy.get(\".mt2 >.gh-setting-first .gh-setting-action .gh-btn:first-child\").click({\n    force: true\n  });\n  cy.get(\"div.description-container>input.gh-input\").clear({\n    force: true\n  });\n  cy.get(\"div.description-container>input.gh-input\").type(\"Description\").should(\"have.value\", \"Description\");\n  cy.get(\"button.gh-btn-blue\").click();\n});",
              "err": {},
              "uuid": "cabee82c-a05d-4812-a8af-f9f3cd5d2e98",
              "parentUUID": "1a544915-12c4-405f-b50d-9bbc4caa0640",
              "isHook": false,
              "skipped": false
            },
            {
              "title": "Change the description 2",
              "fullTitle": "Change the site description Change the description 2",
              "timedOut": null,
              "duration": 3612,
              "state": "passed",
              "speed": "slow",
              "pass": true,
              "fail": false,
              "pending": false,
              "context": null,
              "code": "cy.fixture(\"data.json\").then(function (data) {\n  var user = data.correctLogin.username;\n  var password = data.correctLogin.password;\n  var description = data.description2;\n  cy.visit(\"signin\");\n  cy.get(\".email\").type(user).should(\"have.value\", user);\n  cy.get(\".password\").type(password).should(\"have.value\", password);\n  cy.get(\".login\").click();\n  cy.get(\"ul.gh-nav-manage > li.gh-nav-list-h:first-child\").should(\"have.text\", \"Manage\");\n  cy.get(\"ul.gh-nav-settings > li.gh-nav-list-h:first-child\").should(\"have.text\", \"Settings\");\n  cy.get(\"ul.gh-nav-settings > li:nth-child(2) > a\").click();\n  cy.get(\".mt2 >.gh-setting-first .gh-setting-action .gh-btn:first-child\").click({\n    force: true\n  });\n  cy.get(\"div.description-container>input.gh-input\").clear({\n    force: true\n  });\n  cy.get(\"div.description-container>input.gh-input\").type(\"Description\").should(\"have.value\", \"Description\");\n  cy.get(\"button.gh-btn-blue\").click();\n});",
              "err": {},
              "uuid": "dbf99bc1-0c40-4338-99b1-8da3878209c2",
              "parentUUID": "1a544915-12c4-405f-b50d-9bbc4caa0640",
              "isHook": false,
              "skipped": false
            },
            {
              "title": "Change the description 3",
              "fullTitle": "Change the site description Change the description 3",
              "timedOut": null,
              "duration": 4749,
              "state": "passed",
              "speed": "slow",
              "pass": true,
              "fail": false,
              "pending": false,
              "context": null,
              "code": "cy.fixture(\"data.json\").then(function (data) {\n  var user = data.correctLogin.username;\n  var password = data.correctLogin.password;\n  var description = data.description3;\n  cy.visit(\"signin\");\n  cy.get(\".email\").type(user).should(\"have.value\", user);\n  cy.get(\".password\").type(password).should(\"have.value\", password);\n  cy.get(\".login\").click();\n  cy.get(\"ul.gh-nav-manage > li.gh-nav-list-h:first-child\").should(\"have.text\", \"Manage\");\n  cy.get(\"ul.gh-nav-settings > li.gh-nav-list-h:first-child\").should(\"have.text\", \"Settings\");\n  cy.get(\"ul.gh-nav-settings > li:nth-child(2) > a\").click();\n  cy.get(\".mt2 >.gh-setting-first .gh-setting-action .gh-btn:first-child\").click({\n    force: true\n  });\n  cy.get(\"div.description-container>input.gh-input\").clear({\n    force: true\n  });\n  cy.get(\"div.description-container>input.gh-input\").type(\"Description\").should(\"have.value\", \"Description\");\n  cy.get(\"button.gh-btn-blue\").click();\n});",
              "err": {},
              "uuid": "94907969-dfdc-4925-8fb6-f59a33b1d8d2",
              "parentUUID": "1a544915-12c4-405f-b50d-9bbc4caa0640",
              "isHook": false,
              "skipped": false
            }
          ],
          "suites": [],
          "passes": [
            "cabee82c-a05d-4812-a8af-f9f3cd5d2e98",
            "dbf99bc1-0c40-4338-99b1-8da3878209c2",
            "94907969-dfdc-4925-8fb6-f59a33b1d8d2"
          ],
          "failures": [],
          "pending": [],
          "skipped": [],
          "duration": 21556,
          "root": false,
          "rootEmpty": false,
          "_timeout": 2000
        }
      ],
      "passes": [],
      "failures": [],
      "pending": [],
      "skipped": [],
      "duration": 0,
      "root": true,
      "rootEmpty": true,
      "_timeout": 2000
    }
  ],
  "meta": {
    "mocha": {
      "version": "7.0.1"
    },
    "mochawesome": {
      "options": {
        "quiet": false,
        "reportFilename": "mochawesome",
        "saveHtml": false,
        "saveJson": true,
        "consoleReporter": "spec",
        "useInlineDiffs": false,
        "code": true
      },
      "version": "6.2.2"
    },
    "marge": {
      "options": {
        "charts": true,
        "overwrite": false,
        "html": false,
        "json": true,
        "reportDir": "cypress/report/mochawesome-report"
      },
      "version": "5.2.0"
    }
  }
}