{
  "stats": {
    "suites": 1,
    "tests": 1,
    "passes": 1,
    "pending": 0,
    "failures": 0,
    "start": "2021-03-08T03:44:31.393Z",
    "end": "2021-03-08T03:44:38.296Z",
    "duration": 6903,
    "testsRegistered": 1,
    "passPercent": 100,
    "pendingPercent": 0,
    "other": 0,
    "hasOther": false,
    "skipped": 0,
    "hasSkipped": false
  },
  "results": [
    {
      "uuid": "68f9a9a6-1ac5-44e1-9a35-fc77f415ba72",
      "title": "",
      "fullFile": "cypress/integration/new_page.spec.js",
      "file": "cypress/integration/new_page.spec.js",
      "beforeHooks": [],
      "afterHooks": [],
      "tests": [],
      "suites": [
        {
          "uuid": "f6a7b8b7-6625-4dad-83be-85f112bb4236",
          "title": "Create new page",
          "fullFile": "",
          "file": "",
          "beforeHooks": [],
          "afterHooks": [],
          "tests": [
            {
              "title": "Create a new page to add content to the site",
              "fullTitle": "Create new page Create a new page to add content to the site",
              "timedOut": null,
              "duration": 6820,
              "state": "passed",
              "speed": "slow",
              "pass": true,
              "fail": false,
              "pending": false,
              "context": null,
              "code": "cy.visit('signin');\ncy.get('.email').type('deyvidm18@gmail.com').should('have.value', 'deyvidm18@gmail.com');\ncy.get('.password').type('m!K5K8V@HkFkPMr').should('have.value', 'm!K5K8V@HkFkPMr');\ncy.get('.login').click();\ncy.get('ul.gh-nav-manage > li.gh-nav-list-h:first-child').should('have.text', 'Manage');\ncy.get('ul.gh-nav-settings > li.gh-nav-list-h:first-child').should('have.text', 'Settings');\ncy.get('ul.gh-nav-manage > li:nth-child(3) > a').click();\ncy.get('.gh-btn-green').click();\ncy.get('textarea.gh-editor-title').type('Title').should('have.value', 'Title');",
              "err": {},
              "uuid": "71ba69c6-3860-4cc9-a1ac-f854940afce3",
              "parentUUID": "f6a7b8b7-6625-4dad-83be-85f112bb4236",
              "isHook": false,
              "skipped": false
            }
          ],
          "suites": [],
          "passes": [
            "71ba69c6-3860-4cc9-a1ac-f854940afce3"
          ],
          "failures": [],
          "pending": [],
          "skipped": [],
          "duration": 6820,
          "root": false,
          "rootEmpty": false,
          "_timeout": 2000
        }
      ],
      "passes": [],
      "failures": [],
      "pending": [],
      "skipped": [],
      "duration": 0,
      "root": true,
      "rootEmpty": true,
      "_timeout": 2000
    }
  ],
  "meta": {
    "mocha": {
      "version": "7.0.1"
    },
    "mochawesome": {
      "options": {
        "quiet": false,
        "reportFilename": "mochawesome",
        "saveHtml": false,
        "saveJson": true,
        "consoleReporter": "spec",
        "useInlineDiffs": false,
        "code": true
      },
      "version": "6.2.2"
    },
    "marge": {
      "options": {
        "charts": true,
        "overwrite": false,
        "html": false,
        "json": true,
        "reportDir": "cypress/report/mochawesome-report"
      },
      "version": "5.2.0"
    }
  }
}