{
  "stats": {
    "suites": 1,
    "tests": 19,
    "passes": 19,
    "pending": 0,
    "failures": 0,
    "start": "2021-03-14T23:30:51.607Z",
    "end": "2021-03-14T23:31:58.947Z",
    "duration": 67340,
    "testsRegistered": 19,
    "passPercent": 100,
    "pendingPercent": 0,
    "other": 0,
    "hasOther": false,
    "skipped": 0,
    "hasSkipped": false
  },
  "results": [
    {
      "uuid": "2f4acd33-8159-4166-a3ac-d579d30b1030",
      "title": "",
      "fullFile": "cypress/integration/aleatorio/new_staff.spec.js",
      "file": "cypress/integration/aleatorio/new_staff.spec.js",
      "beforeHooks": [],
      "afterHooks": [],
      "tests": [],
      "suites": [
        {
          "uuid": "72e49dfd-0581-41b1-bb3a-3fc526c980b9",
          "title": "Invite new people to staff",
          "fullFile": "",
          "file": "",
          "beforeHooks": [],
          "afterHooks": [],
          "tests": [
            {
              "title": "Add staff member",
              "fullTitle": "Invite new people to staff Add staff member",
              "timedOut": null,
              "duration": 8549,
              "state": "passed",
              "speed": "slow",
              "pass": true,
              "fail": false,
              "pending": false,
              "context": null,
              "code": "var email = faker.internet.email();\ncy.visit('signin');\ncy.get('.email').type('deyvidm18@gmail.com').should('have.value', 'deyvidm18@gmail.com');\ncy.get('.password').type('m!K5K8V@HkFkPMr').should('have.value', 'm!K5K8V@HkFkPMr');\ncy.get('.login').click();\ncy.get('ul.gh-nav-manage > li.gh-nav-list-h:first-child').should('have.text', 'Manage');\ncy.get('ul.gh-nav-settings > li.gh-nav-list-h:first-child').should('have.text', 'Settings');\ncy.get('ul.gh-nav-manage > li:nth-child(5) > a').click();\ncy.get('.gh-btn-green').click({\n  \"force\": true\n});\ncy.get('#new-user-email').type(email).should('have.value', email);\ncy.get('.modal-footer > .gh-btn-green').click({\n  \"force\": true\n});",
              "err": {},
              "uuid": "a64716d3-fe10-42b8-8202-849365ae97ec",
              "parentUUID": "72e49dfd-0581-41b1-bb3a-3fc526c980b9",
              "isHook": false,
              "skipped": false
            },
            {
              "title": "Add staff member",
              "fullTitle": "Invite new people to staff Add staff member",
              "timedOut": null,
              "duration": 7652,
              "state": "passed",
              "speed": "slow",
              "pass": true,
              "fail": false,
              "pending": false,
              "context": null,
              "code": "var email = faker.internet.email();\ncy.visit('signin');\ncy.get('.email').type('deyvidm18@gmail.com').should('have.value', 'deyvidm18@gmail.com');\ncy.get('.password').type('m!K5K8V@HkFkPMr').should('have.value', 'm!K5K8V@HkFkPMr');\ncy.get('.login').click();\ncy.get('ul.gh-nav-manage > li.gh-nav-list-h:first-child').should('have.text', 'Manage');\ncy.get('ul.gh-nav-settings > li.gh-nav-list-h:first-child').should('have.text', 'Settings');\ncy.get('ul.gh-nav-manage > li:nth-child(5) > a').click();\ncy.get('.gh-btn-green').click({\n  \"force\": true\n});\ncy.get('#new-user-email').type(email).should('have.value', email);\ncy.get('.modal-footer > .gh-btn-green').click({\n  \"force\": true\n});",
              "err": {},
              "uuid": "69b046f2-001e-4023-be3d-8bed7072d272",
              "parentUUID": "72e49dfd-0581-41b1-bb3a-3fc526c980b9",
              "isHook": false,
              "skipped": false
            },
            {
              "title": "Add staff member",
              "fullTitle": "Invite new people to staff Add staff member",
              "timedOut": null,
              "duration": 3624,
              "state": "passed",
              "speed": "slow",
              "pass": true,
              "fail": false,
              "pending": false,
              "context": null,
              "code": "var email = faker.internet.email();\ncy.visit('signin');\ncy.get('.email').type('deyvidm18@gmail.com').should('have.value', 'deyvidm18@gmail.com');\ncy.get('.password').type('m!K5K8V@HkFkPMr').should('have.value', 'm!K5K8V@HkFkPMr');\ncy.get('.login').click();\ncy.get('ul.gh-nav-manage > li.gh-nav-list-h:first-child').should('have.text', 'Manage');\ncy.get('ul.gh-nav-settings > li.gh-nav-list-h:first-child').should('have.text', 'Settings');\ncy.get('ul.gh-nav-manage > li:nth-child(5) > a').click();\ncy.get('.gh-btn-green').click({\n  \"force\": true\n});\ncy.get('#new-user-email').type(email).should('have.value', email);\ncy.get('.modal-footer > .gh-btn-green').click({\n  \"force\": true\n});",
              "err": {},
              "uuid": "dcdb30df-bff6-404f-aa2b-ecf882dc6a9a",
              "parentUUID": "72e49dfd-0581-41b1-bb3a-3fc526c980b9",
              "isHook": false,
              "skipped": false
            },
            {
              "title": "Add staff member",
              "fullTitle": "Invite new people to staff Add staff member",
              "timedOut": null,
              "duration": 3539,
              "state": "passed",
              "speed": "slow",
              "pass": true,
              "fail": false,
              "pending": false,
              "context": null,
              "code": "var email = faker.internet.email();\ncy.visit('signin');\ncy.get('.email').type('deyvidm18@gmail.com').should('have.value', 'deyvidm18@gmail.com');\ncy.get('.password').type('m!K5K8V@HkFkPMr').should('have.value', 'm!K5K8V@HkFkPMr');\ncy.get('.login').click();\ncy.get('ul.gh-nav-manage > li.gh-nav-list-h:first-child').should('have.text', 'Manage');\ncy.get('ul.gh-nav-settings > li.gh-nav-list-h:first-child').should('have.text', 'Settings');\ncy.get('ul.gh-nav-manage > li:nth-child(5) > a').click();\ncy.get('.gh-btn-green').click({\n  \"force\": true\n});\ncy.get('#new-user-email').type(email).should('have.value', email);\ncy.get('.modal-footer > .gh-btn-green').click({\n  \"force\": true\n});",
              "err": {},
              "uuid": "fc4550ad-a1ed-4872-928b-ac628d8114cf",
              "parentUUID": "72e49dfd-0581-41b1-bb3a-3fc526c980b9",
              "isHook": false,
              "skipped": false
            },
            {
              "title": "Add staff member",
              "fullTitle": "Invite new people to staff Add staff member",
              "timedOut": null,
              "duration": 3537,
              "state": "passed",
              "speed": "slow",
              "pass": true,
              "fail": false,
              "pending": false,
              "context": null,
              "code": "var email = faker.internet.email();\ncy.visit('signin');\ncy.get('.email').type('deyvidm18@gmail.com').should('have.value', 'deyvidm18@gmail.com');\ncy.get('.password').type('m!K5K8V@HkFkPMr').should('have.value', 'm!K5K8V@HkFkPMr');\ncy.get('.login').click();\ncy.get('ul.gh-nav-manage > li.gh-nav-list-h:first-child').should('have.text', 'Manage');\ncy.get('ul.gh-nav-settings > li.gh-nav-list-h:first-child').should('have.text', 'Settings');\ncy.get('ul.gh-nav-manage > li:nth-child(5) > a').click();\ncy.get('.gh-btn-green').click({\n  \"force\": true\n});\ncy.get('#new-user-email').type(email).should('have.value', email);\ncy.get('.modal-footer > .gh-btn-green').click({\n  \"force\": true\n});",
              "err": {},
              "uuid": "e09c355d-e9ba-4084-91a1-c6815432909d",
              "parentUUID": "72e49dfd-0581-41b1-bb3a-3fc526c980b9",
              "isHook": false,
              "skipped": false
            },
            {
              "title": "Add staff member with bad email",
              "fullTitle": "Invite new people to staff Add staff member with bad email",
              "timedOut": null,
              "duration": 2848,
              "state": "passed",
              "speed": "slow",
              "pass": true,
              "fail": false,
              "pending": false,
              "context": null,
              "code": "var email = faker.name.firstName();\ncy.visit(\"signin\");\ncy.get('.email').type('deyvidm18@gmail.com').should('have.value', 'deyvidm18@gmail.com');\ncy.get('.password').type('m!K5K8V@HkFkPMr').should('have.value', 'm!K5K8V@HkFkPMr');\ncy.get(\".login\").click();\ncy.get(\"ul.gh-nav-manage > li.gh-nav-list-h:first-child\").should(\"have.text\", \"Manage\");\ncy.get(\"ul.gh-nav-settings > li.gh-nav-list-h:first-child\").should(\"have.text\", \"Settings\");\ncy.get(\"ul.gh-nav-manage > li:nth-child(5) > a\").click();\ncy.get(\".gh-btn-green\").click({\n  force: true\n});\ncy.get(\"#new-user-email\").type(email).should(\"have.value\", email);\ncy.get(\".modal-footer > .gh-btn-green\").click({\n  force: true\n});\ncy.get(\"p.response\").should(\"have.text\", \"\\n    Invalid Email.\\n\\n    \\n\");",
              "err": {},
              "uuid": "c1c469d1-5753-4c75-86a1-687d374e0fd5",
              "parentUUID": "72e49dfd-0581-41b1-bb3a-3fc526c980b9",
              "isHook": false,
              "skipped": false
            },
            {
              "title": "Add staff member with bad email",
              "fullTitle": "Invite new people to staff Add staff member with bad email",
              "timedOut": null,
              "duration": 3315,
              "state": "passed",
              "speed": "slow",
              "pass": true,
              "fail": false,
              "pending": false,
              "context": null,
              "code": "var email = faker.name.firstName();\ncy.visit(\"signin\");\ncy.get('.email').type('deyvidm18@gmail.com').should('have.value', 'deyvidm18@gmail.com');\ncy.get('.password').type('m!K5K8V@HkFkPMr').should('have.value', 'm!K5K8V@HkFkPMr');\ncy.get(\".login\").click();\ncy.get(\"ul.gh-nav-manage > li.gh-nav-list-h:first-child\").should(\"have.text\", \"Manage\");\ncy.get(\"ul.gh-nav-settings > li.gh-nav-list-h:first-child\").should(\"have.text\", \"Settings\");\ncy.get(\"ul.gh-nav-manage > li:nth-child(5) > a\").click();\ncy.get(\".gh-btn-green\").click({\n  force: true\n});\ncy.get(\"#new-user-email\").type(email).should(\"have.value\", email);\ncy.get(\".modal-footer > .gh-btn-green\").click({\n  force: true\n});\ncy.get(\"p.response\").should(\"have.text\", \"\\n    Invalid Email.\\n\\n    \\n\");",
              "err": {},
              "uuid": "93e1f37d-eb5b-4429-bbf6-0556d548c949",
              "parentUUID": "72e49dfd-0581-41b1-bb3a-3fc526c980b9",
              "isHook": false,
              "skipped": false
            },
            {
              "title": "Add staff member with bad email",
              "fullTitle": "Invite new people to staff Add staff member with bad email",
              "timedOut": null,
              "duration": 2864,
              "state": "passed",
              "speed": "slow",
              "pass": true,
              "fail": false,
              "pending": false,
              "context": null,
              "code": "var email = faker.name.firstName();\ncy.visit(\"signin\");\ncy.get('.email').type('deyvidm18@gmail.com').should('have.value', 'deyvidm18@gmail.com');\ncy.get('.password').type('m!K5K8V@HkFkPMr').should('have.value', 'm!K5K8V@HkFkPMr');\ncy.get(\".login\").click();\ncy.get(\"ul.gh-nav-manage > li.gh-nav-list-h:first-child\").should(\"have.text\", \"Manage\");\ncy.get(\"ul.gh-nav-settings > li.gh-nav-list-h:first-child\").should(\"have.text\", \"Settings\");\ncy.get(\"ul.gh-nav-manage > li:nth-child(5) > a\").click();\ncy.get(\".gh-btn-green\").click({\n  force: true\n});\ncy.get(\"#new-user-email\").type(email).should(\"have.value\", email);\ncy.get(\".modal-footer > .gh-btn-green\").click({\n  force: true\n});\ncy.get(\"p.response\").should(\"have.text\", \"\\n    Invalid Email.\\n\\n    \\n\");",
              "err": {},
              "uuid": "5c64e317-b0e7-4dc0-9be6-2a6ee4bcd60d",
              "parentUUID": "72e49dfd-0581-41b1-bb3a-3fc526c980b9",
              "isHook": false,
              "skipped": false
            },
            {
              "title": "Add staff member with bad email",
              "fullTitle": "Invite new people to staff Add staff member with bad email",
              "timedOut": null,
              "duration": 2704,
              "state": "passed",
              "speed": "slow",
              "pass": true,
              "fail": false,
              "pending": false,
              "context": null,
              "code": "var email = faker.name.firstName();\ncy.visit(\"signin\");\ncy.get('.email').type('deyvidm18@gmail.com').should('have.value', 'deyvidm18@gmail.com');\ncy.get('.password').type('m!K5K8V@HkFkPMr').should('have.value', 'm!K5K8V@HkFkPMr');\ncy.get(\".login\").click();\ncy.get(\"ul.gh-nav-manage > li.gh-nav-list-h:first-child\").should(\"have.text\", \"Manage\");\ncy.get(\"ul.gh-nav-settings > li.gh-nav-list-h:first-child\").should(\"have.text\", \"Settings\");\ncy.get(\"ul.gh-nav-manage > li:nth-child(5) > a\").click();\ncy.get(\".gh-btn-green\").click({\n  force: true\n});\ncy.get(\"#new-user-email\").type(email).should(\"have.value\", email);\ncy.get(\".modal-footer > .gh-btn-green\").click({\n  force: true\n});\ncy.get(\"p.response\").should(\"have.text\", \"\\n    Invalid Email.\\n\\n    \\n\");",
              "err": {},
              "uuid": "f88e1bc4-47fd-4b26-9f27-e92f15ddaee3",
              "parentUUID": "72e49dfd-0581-41b1-bb3a-3fc526c980b9",
              "isHook": false,
              "skipped": false
            },
            {
              "title": "Add staff member with bad email",
              "fullTitle": "Invite new people to staff Add staff member with bad email",
              "timedOut": null,
              "duration": 2771,
              "state": "passed",
              "speed": "slow",
              "pass": true,
              "fail": false,
              "pending": false,
              "context": null,
              "code": "var email = faker.name.firstName();\ncy.visit(\"signin\");\ncy.get('.email').type('deyvidm18@gmail.com').should('have.value', 'deyvidm18@gmail.com');\ncy.get('.password').type('m!K5K8V@HkFkPMr').should('have.value', 'm!K5K8V@HkFkPMr');\ncy.get(\".login\").click();\ncy.get(\"ul.gh-nav-manage > li.gh-nav-list-h:first-child\").should(\"have.text\", \"Manage\");\ncy.get(\"ul.gh-nav-settings > li.gh-nav-list-h:first-child\").should(\"have.text\", \"Settings\");\ncy.get(\"ul.gh-nav-manage > li:nth-child(5) > a\").click();\ncy.get(\".gh-btn-green\").click({\n  force: true\n});\ncy.get(\"#new-user-email\").type(email).should(\"have.value\", email);\ncy.get(\".modal-footer > .gh-btn-green\").click({\n  force: true\n});\ncy.get(\"p.response\").should(\"have.text\", \"\\n    Invalid Email.\\n\\n    \\n\");",
              "err": {},
              "uuid": "6eb04ced-55c3-494d-b3ef-abc5d1b484cf",
              "parentUUID": "72e49dfd-0581-41b1-bb3a-3fc526c980b9",
              "isHook": false,
              "skipped": false
            },
            {
              "title": "Add staff member with bad email",
              "fullTitle": "Invite new people to staff Add staff member with bad email",
              "timedOut": null,
              "duration": 2841,
              "state": "passed",
              "speed": "slow",
              "pass": true,
              "fail": false,
              "pending": false,
              "context": null,
              "code": "var email = faker.name.firstName();\ncy.visit(\"signin\");\ncy.get('.email').type('deyvidm18@gmail.com').should('have.value', 'deyvidm18@gmail.com');\ncy.get('.password').type('m!K5K8V@HkFkPMr').should('have.value', 'm!K5K8V@HkFkPMr');\ncy.get(\".login\").click();\ncy.get(\"ul.gh-nav-manage > li.gh-nav-list-h:first-child\").should(\"have.text\", \"Manage\");\ncy.get(\"ul.gh-nav-settings > li.gh-nav-list-h:first-child\").should(\"have.text\", \"Settings\");\ncy.get(\"ul.gh-nav-manage > li:nth-child(5) > a\").click();\ncy.get(\".gh-btn-green\").click({\n  force: true\n});\ncy.get(\"#new-user-email\").type(email).should(\"have.value\", email);\ncy.get(\".modal-footer > .gh-btn-green\").click({\n  force: true\n});\ncy.get(\"p.response\").should(\"have.text\", \"\\n    Invalid Email.\\n\\n    \\n\");",
              "err": {},
              "uuid": "b842b6ff-f8ec-4fbc-b15a-be4e2d4a0bad",
              "parentUUID": "72e49dfd-0581-41b1-bb3a-3fc526c980b9",
              "isHook": false,
              "skipped": false
            },
            {
              "title": "Add staff member with bad email",
              "fullTitle": "Invite new people to staff Add staff member with bad email",
              "timedOut": null,
              "duration": 2823,
              "state": "passed",
              "speed": "slow",
              "pass": true,
              "fail": false,
              "pending": false,
              "context": null,
              "code": "var email = faker.name.firstName();\ncy.visit(\"signin\");\ncy.get('.email').type('deyvidm18@gmail.com').should('have.value', 'deyvidm18@gmail.com');\ncy.get('.password').type('m!K5K8V@HkFkPMr').should('have.value', 'm!K5K8V@HkFkPMr');\ncy.get(\".login\").click();\ncy.get(\"ul.gh-nav-manage > li.gh-nav-list-h:first-child\").should(\"have.text\", \"Manage\");\ncy.get(\"ul.gh-nav-settings > li.gh-nav-list-h:first-child\").should(\"have.text\", \"Settings\");\ncy.get(\"ul.gh-nav-manage > li:nth-child(5) > a\").click();\ncy.get(\".gh-btn-green\").click({\n  force: true\n});\ncy.get(\"#new-user-email\").type(email).should(\"have.value\", email);\ncy.get(\".modal-footer > .gh-btn-green\").click({\n  force: true\n});\ncy.get(\"p.response\").should(\"have.text\", \"\\n    Invalid Email.\\n\\n    \\n\");",
              "err": {},
              "uuid": "95775f8f-7337-4b6e-9c1d-9411d3ffb152",
              "parentUUID": "72e49dfd-0581-41b1-bb3a-3fc526c980b9",
              "isHook": false,
              "skipped": false
            },
            {
              "title": "Add staff member with bad email",
              "fullTitle": "Invite new people to staff Add staff member with bad email",
              "timedOut": null,
              "duration": 2992,
              "state": "passed",
              "speed": "slow",
              "pass": true,
              "fail": false,
              "pending": false,
              "context": null,
              "code": "var email = faker.name.firstName();\ncy.visit(\"signin\");\ncy.get('.email').type('deyvidm18@gmail.com').should('have.value', 'deyvidm18@gmail.com');\ncy.get('.password').type('m!K5K8V@HkFkPMr').should('have.value', 'm!K5K8V@HkFkPMr');\ncy.get(\".login\").click();\ncy.get(\"ul.gh-nav-manage > li.gh-nav-list-h:first-child\").should(\"have.text\", \"Manage\");\ncy.get(\"ul.gh-nav-settings > li.gh-nav-list-h:first-child\").should(\"have.text\", \"Settings\");\ncy.get(\"ul.gh-nav-manage > li:nth-child(5) > a\").click();\ncy.get(\".gh-btn-green\").click({\n  force: true\n});\ncy.get(\"#new-user-email\").type(email).should(\"have.value\", email);\ncy.get(\".modal-footer > .gh-btn-green\").click({\n  force: true\n});\ncy.get(\"p.response\").should(\"have.text\", \"\\n    Invalid Email.\\n\\n    \\n\");",
              "err": {},
              "uuid": "5369d2b2-8e0c-4e86-8dac-4f1186369e9c",
              "parentUUID": "72e49dfd-0581-41b1-bb3a-3fc526c980b9",
              "isHook": false,
              "skipped": false
            },
            {
              "title": "Add staff member with bad email",
              "fullTitle": "Invite new people to staff Add staff member with bad email",
              "timedOut": null,
              "duration": 2911,
              "state": "passed",
              "speed": "slow",
              "pass": true,
              "fail": false,
              "pending": false,
              "context": null,
              "code": "var email = faker.name.firstName();\ncy.visit(\"signin\");\ncy.get('.email').type('deyvidm18@gmail.com').should('have.value', 'deyvidm18@gmail.com');\ncy.get('.password').type('m!K5K8V@HkFkPMr').should('have.value', 'm!K5K8V@HkFkPMr');\ncy.get(\".login\").click();\ncy.get(\"ul.gh-nav-manage > li.gh-nav-list-h:first-child\").should(\"have.text\", \"Manage\");\ncy.get(\"ul.gh-nav-settings > li.gh-nav-list-h:first-child\").should(\"have.text\", \"Settings\");\ncy.get(\"ul.gh-nav-manage > li:nth-child(5) > a\").click();\ncy.get(\".gh-btn-green\").click({\n  force: true\n});\ncy.get(\"#new-user-email\").type(email).should(\"have.value\", email);\ncy.get(\".modal-footer > .gh-btn-green\").click({\n  force: true\n});\ncy.get(\"p.response\").should(\"have.text\", \"\\n    Invalid Email.\\n\\n    \\n\");",
              "err": {},
              "uuid": "ef5d96c2-51c0-46ac-a3bb-3641efa67f31",
              "parentUUID": "72e49dfd-0581-41b1-bb3a-3fc526c980b9",
              "isHook": false,
              "skipped": false
            },
            {
              "title": "Add staff member with bad email",
              "fullTitle": "Invite new people to staff Add staff member with bad email",
              "timedOut": null,
              "duration": 2994,
              "state": "passed",
              "speed": "slow",
              "pass": true,
              "fail": false,
              "pending": false,
              "context": null,
              "code": "var email = faker.name.firstName();\ncy.visit(\"signin\");\ncy.get('.email').type('deyvidm18@gmail.com').should('have.value', 'deyvidm18@gmail.com');\ncy.get('.password').type('m!K5K8V@HkFkPMr').should('have.value', 'm!K5K8V@HkFkPMr');\ncy.get(\".login\").click();\ncy.get(\"ul.gh-nav-manage > li.gh-nav-list-h:first-child\").should(\"have.text\", \"Manage\");\ncy.get(\"ul.gh-nav-settings > li.gh-nav-list-h:first-child\").should(\"have.text\", \"Settings\");\ncy.get(\"ul.gh-nav-manage > li:nth-child(5) > a\").click();\ncy.get(\".gh-btn-green\").click({\n  force: true\n});\ncy.get(\"#new-user-email\").type(email).should(\"have.value\", email);\ncy.get(\".modal-footer > .gh-btn-green\").click({\n  force: true\n});\ncy.get(\"p.response\").should(\"have.text\", \"\\n    Invalid Email.\\n\\n    \\n\");",
              "err": {},
              "uuid": "66ec0dd4-d1cf-4c86-b33d-79a191771322",
              "parentUUID": "72e49dfd-0581-41b1-bb3a-3fc526c980b9",
              "isHook": false,
              "skipped": false
            },
            {
              "title": "Add staff member with bad email",
              "fullTitle": "Invite new people to staff Add staff member with bad email",
              "timedOut": null,
              "duration": 2760,
              "state": "passed",
              "speed": "slow",
              "pass": true,
              "fail": false,
              "pending": false,
              "context": null,
              "code": "var email = faker.name.firstName();\ncy.visit(\"signin\");\ncy.get('.email').type('deyvidm18@gmail.com').should('have.value', 'deyvidm18@gmail.com');\ncy.get('.password').type('m!K5K8V@HkFkPMr').should('have.value', 'm!K5K8V@HkFkPMr');\ncy.get(\".login\").click();\ncy.get(\"ul.gh-nav-manage > li.gh-nav-list-h:first-child\").should(\"have.text\", \"Manage\");\ncy.get(\"ul.gh-nav-settings > li.gh-nav-list-h:first-child\").should(\"have.text\", \"Settings\");\ncy.get(\"ul.gh-nav-manage > li:nth-child(5) > a\").click();\ncy.get(\".gh-btn-green\").click({\n  force: true\n});\ncy.get(\"#new-user-email\").type(email).should(\"have.value\", email);\ncy.get(\".modal-footer > .gh-btn-green\").click({\n  force: true\n});\ncy.get(\"p.response\").should(\"have.text\", \"\\n    Invalid Email.\\n\\n    \\n\");",
              "err": {},
              "uuid": "b311afd5-93c6-4f6c-8093-c0af00a57aae",
              "parentUUID": "72e49dfd-0581-41b1-bb3a-3fc526c980b9",
              "isHook": false,
              "skipped": false
            },
            {
              "title": "Add staff member with bad email",
              "fullTitle": "Invite new people to staff Add staff member with bad email",
              "timedOut": null,
              "duration": 2798,
              "state": "passed",
              "speed": "slow",
              "pass": true,
              "fail": false,
              "pending": false,
              "context": null,
              "code": "var email = faker.name.firstName();\ncy.visit(\"signin\");\ncy.get('.email').type('deyvidm18@gmail.com').should('have.value', 'deyvidm18@gmail.com');\ncy.get('.password').type('m!K5K8V@HkFkPMr').should('have.value', 'm!K5K8V@HkFkPMr');\ncy.get(\".login\").click();\ncy.get(\"ul.gh-nav-manage > li.gh-nav-list-h:first-child\").should(\"have.text\", \"Manage\");\ncy.get(\"ul.gh-nav-settings > li.gh-nav-list-h:first-child\").should(\"have.text\", \"Settings\");\ncy.get(\"ul.gh-nav-manage > li:nth-child(5) > a\").click();\ncy.get(\".gh-btn-green\").click({\n  force: true\n});\ncy.get(\"#new-user-email\").type(email).should(\"have.value\", email);\ncy.get(\".modal-footer > .gh-btn-green\").click({\n  force: true\n});\ncy.get(\"p.response\").should(\"have.text\", \"\\n    Invalid Email.\\n\\n    \\n\");",
              "err": {},
              "uuid": "5cc8c40a-419b-472b-95f9-376c8e5c375d",
              "parentUUID": "72e49dfd-0581-41b1-bb3a-3fc526c980b9",
              "isHook": false,
              "skipped": false
            },
            {
              "title": "Add staff member with bad email",
              "fullTitle": "Invite new people to staff Add staff member with bad email",
              "timedOut": null,
              "duration": 2627,
              "state": "passed",
              "speed": "slow",
              "pass": true,
              "fail": false,
              "pending": false,
              "context": null,
              "code": "var email = faker.name.firstName();\ncy.visit(\"signin\");\ncy.get('.email').type('deyvidm18@gmail.com').should('have.value', 'deyvidm18@gmail.com');\ncy.get('.password').type('m!K5K8V@HkFkPMr').should('have.value', 'm!K5K8V@HkFkPMr');\ncy.get(\".login\").click();\ncy.get(\"ul.gh-nav-manage > li.gh-nav-list-h:first-child\").should(\"have.text\", \"Manage\");\ncy.get(\"ul.gh-nav-settings > li.gh-nav-list-h:first-child\").should(\"have.text\", \"Settings\");\ncy.get(\"ul.gh-nav-manage > li:nth-child(5) > a\").click();\ncy.get(\".gh-btn-green\").click({\n  force: true\n});\ncy.get(\"#new-user-email\").type(email).should(\"have.value\", email);\ncy.get(\".modal-footer > .gh-btn-green\").click({\n  force: true\n});\ncy.get(\"p.response\").should(\"have.text\", \"\\n    Invalid Email.\\n\\n    \\n\");",
              "err": {},
              "uuid": "963a4560-faef-4f03-a05c-daba23ac4931",
              "parentUUID": "72e49dfd-0581-41b1-bb3a-3fc526c980b9",
              "isHook": false,
              "skipped": false
            },
            {
              "title": "Add staff member with bad email",
              "fullTitle": "Invite new people to staff Add staff member with bad email",
              "timedOut": null,
              "duration": 2872,
              "state": "passed",
              "speed": "slow",
              "pass": true,
              "fail": false,
              "pending": false,
              "context": null,
              "code": "var email = faker.name.firstName();\ncy.visit(\"signin\");\ncy.get('.email').type('deyvidm18@gmail.com').should('have.value', 'deyvidm18@gmail.com');\ncy.get('.password').type('m!K5K8V@HkFkPMr').should('have.value', 'm!K5K8V@HkFkPMr');\ncy.get(\".login\").click();\ncy.get(\"ul.gh-nav-manage > li.gh-nav-list-h:first-child\").should(\"have.text\", \"Manage\");\ncy.get(\"ul.gh-nav-settings > li.gh-nav-list-h:first-child\").should(\"have.text\", \"Settings\");\ncy.get(\"ul.gh-nav-manage > li:nth-child(5) > a\").click();\ncy.get(\".gh-btn-green\").click({\n  force: true\n});\ncy.get(\"#new-user-email\").type(email).should(\"have.value\", email);\ncy.get(\".modal-footer > .gh-btn-green\").click({\n  force: true\n});\ncy.get(\"p.response\").should(\"have.text\", \"\\n    Invalid Email.\\n\\n    \\n\");",
              "err": {},
              "uuid": "a1d7a927-e58d-4126-9ef4-0b7ac11a8e61",
              "parentUUID": "72e49dfd-0581-41b1-bb3a-3fc526c980b9",
              "isHook": false,
              "skipped": false
            }
          ],
          "suites": [],
          "passes": [
            "a64716d3-fe10-42b8-8202-849365ae97ec",
            "69b046f2-001e-4023-be3d-8bed7072d272",
            "dcdb30df-bff6-404f-aa2b-ecf882dc6a9a",
            "fc4550ad-a1ed-4872-928b-ac628d8114cf",
            "e09c355d-e9ba-4084-91a1-c6815432909d",
            "c1c469d1-5753-4c75-86a1-687d374e0fd5",
            "93e1f37d-eb5b-4429-bbf6-0556d548c949",
            "5c64e317-b0e7-4dc0-9be6-2a6ee4bcd60d",
            "f88e1bc4-47fd-4b26-9f27-e92f15ddaee3",
            "6eb04ced-55c3-494d-b3ef-abc5d1b484cf",
            "b842b6ff-f8ec-4fbc-b15a-be4e2d4a0bad",
            "95775f8f-7337-4b6e-9c1d-9411d3ffb152",
            "5369d2b2-8e0c-4e86-8dac-4f1186369e9c",
            "ef5d96c2-51c0-46ac-a3bb-3641efa67f31",
            "66ec0dd4-d1cf-4c86-b33d-79a191771322",
            "b311afd5-93c6-4f6c-8093-c0af00a57aae",
            "5cc8c40a-419b-472b-95f9-376c8e5c375d",
            "963a4560-faef-4f03-a05c-daba23ac4931",
            "a1d7a927-e58d-4126-9ef4-0b7ac11a8e61"
          ],
          "failures": [],
          "pending": [],
          "skipped": [],
          "duration": 67021,
          "root": false,
          "rootEmpty": false,
          "_timeout": 2000
        }
      ],
      "passes": [],
      "failures": [],
      "pending": [],
      "skipped": [],
      "duration": 0,
      "root": true,
      "rootEmpty": true,
      "_timeout": 2000
    }
  ],
  "meta": {
    "mocha": {
      "version": "7.0.1"
    },
    "mochawesome": {
      "options": {
        "quiet": false,
        "reportFilename": "mochawesome",
        "saveHtml": false,
        "saveJson": true,
        "consoleReporter": "spec",
        "useInlineDiffs": false,
        "code": true
      },
      "version": "6.2.2"
    },
    "marge": {
      "options": {
        "charts": true,
        "overwrite": false,
        "html": false,
        "json": true,
        "reportDir": "cypress/report/mochawesome-report"
      },
      "version": "5.2.0"
    }
  }
}