{
  "stats": {
    "suites": 1,
    "tests": 1,
    "passes": 1,
    "pending": 0,
    "failures": 0,
    "start": "2021-03-08T03:44:43.945Z",
    "end": "2021-03-08T03:44:50.741Z",
    "duration": 6796,
    "testsRegistered": 1,
    "passPercent": 100,
    "pendingPercent": 0,
    "other": 0,
    "hasOther": false,
    "skipped": 0,
    "hasSkipped": false
  },
  "results": [
    {
      "uuid": "295dc79a-0aed-43e7-8b4d-f7efd6f913ef",
      "title": "",
      "fullFile": "cypress/integration/new_post.spec.js",
      "file": "cypress/integration/new_post.spec.js",
      "beforeHooks": [],
      "afterHooks": [],
      "tests": [],
      "suites": [
        {
          "uuid": "6dddf2cf-ae80-49f8-bb95-e7fd67380792",
          "title": "Create new Post",
          "fullFile": "",
          "file": "",
          "beforeHooks": [],
          "afterHooks": [],
          "tests": [
            {
              "title": "Create a new post to add content to the site",
              "fullTitle": "Create new Post Create a new post to add content to the site",
              "timedOut": null,
              "duration": 6686,
              "state": "passed",
              "speed": "slow",
              "pass": true,
              "fail": false,
              "pending": false,
              "context": null,
              "code": "cy.visit('signin');\ncy.get('.email').type('deyvidm18@gmail.com').should('have.value', 'deyvidm18@gmail.com');\ncy.get('.password').type('m!K5K8V@HkFkPMr').should('have.value', 'm!K5K8V@HkFkPMr');\ncy.get('.login').click();\ncy.get('ul.gh-nav-manage > li.gh-nav-list-h:first-child').should('have.text', 'Manage');\ncy.get('ul.gh-nav-settings > li.gh-nav-list-h:first-child').should('have.text', 'Settings');\ncy.get('ul.gh-nav-manage > li:nth-child(2) > a:nth-child(2)').click();\ncy.get('textarea.gh-editor-title').type('Title').should('have.value', 'Title');",
              "err": {},
              "uuid": "82bfe96e-69e4-419b-b63a-473a82d85b09",
              "parentUUID": "6dddf2cf-ae80-49f8-bb95-e7fd67380792",
              "isHook": false,
              "skipped": false
            }
          ],
          "suites": [],
          "passes": [
            "82bfe96e-69e4-419b-b63a-473a82d85b09"
          ],
          "failures": [],
          "pending": [],
          "skipped": [],
          "duration": 6686,
          "root": false,
          "rootEmpty": false,
          "_timeout": 2000
        }
      ],
      "passes": [],
      "failures": [],
      "pending": [],
      "skipped": [],
      "duration": 0,
      "root": true,
      "rootEmpty": true,
      "_timeout": 2000
    }
  ],
  "meta": {
    "mocha": {
      "version": "7.0.1"
    },
    "mochawesome": {
      "options": {
        "quiet": false,
        "reportFilename": "mochawesome",
        "saveHtml": false,
        "saveJson": true,
        "consoleReporter": "spec",
        "useInlineDiffs": false,
        "code": true
      },
      "version": "6.2.2"
    },
    "marge": {
      "options": {
        "charts": true,
        "overwrite": false,
        "html": false,
        "json": true,
        "reportDir": "cypress/report/mochawesome-report"
      },
      "version": "5.2.0"
    }
  }
}