{
  "stats": {
    "suites": 1,
    "tests": 10,
    "passes": 10,
    "pending": 0,
    "failures": 0,
    "start": "2021-03-14T23:27:59.348Z",
    "end": "2021-03-14T23:28:16.208Z",
    "duration": 16860,
    "testsRegistered": 10,
    "passPercent": 100,
    "pendingPercent": 0,
    "other": 0,
    "hasOther": false,
    "skipped": 0,
    "hasSkipped": false
  },
  "results": [
    {
      "uuid": "e2c6c6ee-a3c0-4a38-a34b-d46674f964f7",
      "title": "",
      "fullFile": "cypress/integration/aleatorio/login.spec.js",
      "file": "cypress/integration/aleatorio/login.spec.js",
      "beforeHooks": [],
      "afterHooks": [],
      "tests": [],
      "suites": [
        {
          "uuid": "da1f0dae-4ee7-42df-b117-7161f009e901",
          "title": "Login to the admin panel",
          "fullFile": "",
          "file": "",
          "beforeHooks": [],
          "afterHooks": [],
          "tests": [
            {
              "title": "bad user",
              "fullTitle": "Login to the admin panel bad user",
              "timedOut": null,
              "duration": 4260,
              "state": "passed",
              "speed": "slow",
              "pass": true,
              "fail": false,
              "pending": false,
              "context": null,
              "code": "cy.fixture(\"data.json\").then(function (data) {\n  var user = faker.internet.email();\n  var password = \"m!K5K8V@HkFkPMr\";\n  cy.visit(\"signin\");\n  cy.get(\".email\").type(user).should(\"have.value\", user);\n  cy.get(\".password\").type(password).should(\"have.value\", password);\n  cy.get(\".login\").click();\n  cy.get(\".main-error\").should(\"be.visible\");\n});",
              "err": {},
              "uuid": "fe446985-6690-4086-829a-b92d46a897fc",
              "parentUUID": "da1f0dae-4ee7-42df-b117-7161f009e901",
              "isHook": false,
              "skipped": false
            },
            {
              "title": "bad user",
              "fullTitle": "Login to the admin panel bad user",
              "timedOut": null,
              "duration": 1618,
              "state": "passed",
              "speed": "slow",
              "pass": true,
              "fail": false,
              "pending": false,
              "context": null,
              "code": "cy.fixture(\"data.json\").then(function (data) {\n  var user = faker.internet.email();\n  var password = \"m!K5K8V@HkFkPMr\";\n  cy.visit(\"signin\");\n  cy.get(\".email\").type(user).should(\"have.value\", user);\n  cy.get(\".password\").type(password).should(\"have.value\", password);\n  cy.get(\".login\").click();\n  cy.get(\".main-error\").should(\"be.visible\");\n});",
              "err": {},
              "uuid": "9ce40a9c-e728-4b41-a3be-529c91844079",
              "parentUUID": "da1f0dae-4ee7-42df-b117-7161f009e901",
              "isHook": false,
              "skipped": false
            },
            {
              "title": "bad user",
              "fullTitle": "Login to the admin panel bad user",
              "timedOut": null,
              "duration": 1898,
              "state": "passed",
              "speed": "slow",
              "pass": true,
              "fail": false,
              "pending": false,
              "context": null,
              "code": "cy.fixture(\"data.json\").then(function (data) {\n  var user = faker.internet.email();\n  var password = \"m!K5K8V@HkFkPMr\";\n  cy.visit(\"signin\");\n  cy.get(\".email\").type(user).should(\"have.value\", user);\n  cy.get(\".password\").type(password).should(\"have.value\", password);\n  cy.get(\".login\").click();\n  cy.get(\".main-error\").should(\"be.visible\");\n});",
              "err": {},
              "uuid": "b155c2f4-6e15-4b6d-96f1-7bb95c74f1a7",
              "parentUUID": "da1f0dae-4ee7-42df-b117-7161f009e901",
              "isHook": false,
              "skipped": false
            },
            {
              "title": "bad user",
              "fullTitle": "Login to the admin panel bad user",
              "timedOut": null,
              "duration": 1230,
              "state": "passed",
              "speed": "slow",
              "pass": true,
              "fail": false,
              "pending": false,
              "context": null,
              "code": "cy.fixture(\"data.json\").then(function (data) {\n  var user = faker.internet.email();\n  var password = \"m!K5K8V@HkFkPMr\";\n  cy.visit(\"signin\");\n  cy.get(\".email\").type(user).should(\"have.value\", user);\n  cy.get(\".password\").type(password).should(\"have.value\", password);\n  cy.get(\".login\").click();\n  cy.get(\".main-error\").should(\"be.visible\");\n});",
              "err": {},
              "uuid": "6d262fc4-9998-4f06-97b5-98bf93c010ef",
              "parentUUID": "da1f0dae-4ee7-42df-b117-7161f009e901",
              "isHook": false,
              "skipped": false
            },
            {
              "title": "bad user",
              "fullTitle": "Login to the admin panel bad user",
              "timedOut": null,
              "duration": 1258,
              "state": "passed",
              "speed": "slow",
              "pass": true,
              "fail": false,
              "pending": false,
              "context": null,
              "code": "cy.fixture(\"data.json\").then(function (data) {\n  var user = faker.internet.email();\n  var password = \"m!K5K8V@HkFkPMr\";\n  cy.visit(\"signin\");\n  cy.get(\".email\").type(user).should(\"have.value\", user);\n  cy.get(\".password\").type(password).should(\"have.value\", password);\n  cy.get(\".login\").click();\n  cy.get(\".main-error\").should(\"be.visible\");\n});",
              "err": {},
              "uuid": "43fc95ee-5a53-4bfd-a36b-5cacec9d940a",
              "parentUUID": "da1f0dae-4ee7-42df-b117-7161f009e901",
              "isHook": false,
              "skipped": false
            },
            {
              "title": "bad password",
              "fullTitle": "Login to the admin panel bad password",
              "timedOut": null,
              "duration": 1186,
              "state": "passed",
              "speed": "slow",
              "pass": true,
              "fail": false,
              "pending": false,
              "context": null,
              "code": "cy.fixture(\"data.json\").then(function (data) {\n  var user = 'deyvidm18@gmail.com';\n  var password = faker.internet.password();\n  cy.visit(\"signin\");\n  cy.get(\".email\").type(user).should(\"have.value\", user);\n  cy.get(\".password\").type(password).should(\"have.value\", password);\n  cy.get(\".login\").click();\n  cy.get(\".main-error\").should(\"be.visible\");\n});",
              "err": {},
              "uuid": "3dbcf010-c3fc-42d4-b5e4-f62c9c337326",
              "parentUUID": "da1f0dae-4ee7-42df-b117-7161f009e901",
              "isHook": false,
              "skipped": false
            },
            {
              "title": "bad password",
              "fullTitle": "Login to the admin panel bad password",
              "timedOut": null,
              "duration": 1320,
              "state": "passed",
              "speed": "slow",
              "pass": true,
              "fail": false,
              "pending": false,
              "context": null,
              "code": "cy.fixture(\"data.json\").then(function (data) {\n  var user = 'deyvidm18@gmail.com';\n  var password = faker.internet.password();\n  cy.visit(\"signin\");\n  cy.get(\".email\").type(user).should(\"have.value\", user);\n  cy.get(\".password\").type(password).should(\"have.value\", password);\n  cy.get(\".login\").click();\n  cy.get(\".main-error\").should(\"be.visible\");\n});",
              "err": {},
              "uuid": "7a7ed6cc-93e5-45ac-b3e7-6da8b3e2f839",
              "parentUUID": "da1f0dae-4ee7-42df-b117-7161f009e901",
              "isHook": false,
              "skipped": false
            },
            {
              "title": "bad password",
              "fullTitle": "Login to the admin panel bad password",
              "timedOut": null,
              "duration": 1229,
              "state": "passed",
              "speed": "slow",
              "pass": true,
              "fail": false,
              "pending": false,
              "context": null,
              "code": "cy.fixture(\"data.json\").then(function (data) {\n  var user = 'deyvidm18@gmail.com';\n  var password = faker.internet.password();\n  cy.visit(\"signin\");\n  cy.get(\".email\").type(user).should(\"have.value\", user);\n  cy.get(\".password\").type(password).should(\"have.value\", password);\n  cy.get(\".login\").click();\n  cy.get(\".main-error\").should(\"be.visible\");\n});",
              "err": {},
              "uuid": "96976e65-b07a-4afd-b65a-8a9997869a6a",
              "parentUUID": "da1f0dae-4ee7-42df-b117-7161f009e901",
              "isHook": false,
              "skipped": false
            },
            {
              "title": "bad password",
              "fullTitle": "Login to the admin panel bad password",
              "timedOut": null,
              "duration": 1397,
              "state": "passed",
              "speed": "slow",
              "pass": true,
              "fail": false,
              "pending": false,
              "context": null,
              "code": "cy.fixture(\"data.json\").then(function (data) {\n  var user = 'deyvidm18@gmail.com';\n  var password = faker.internet.password();\n  cy.visit(\"signin\");\n  cy.get(\".email\").type(user).should(\"have.value\", user);\n  cy.get(\".password\").type(password).should(\"have.value\", password);\n  cy.get(\".login\").click();\n  cy.get(\".main-error\").should(\"be.visible\");\n});",
              "err": {},
              "uuid": "dcea53ea-96aa-4fe3-81fd-4d8e0a4d541c",
              "parentUUID": "da1f0dae-4ee7-42df-b117-7161f009e901",
              "isHook": false,
              "skipped": false
            },
            {
              "title": "bad password",
              "fullTitle": "Login to the admin panel bad password",
              "timedOut": null,
              "duration": 1287,
              "state": "passed",
              "speed": "slow",
              "pass": true,
              "fail": false,
              "pending": false,
              "context": null,
              "code": "cy.fixture(\"data.json\").then(function (data) {\n  var user = 'deyvidm18@gmail.com';\n  var password = faker.internet.password();\n  cy.visit(\"signin\");\n  cy.get(\".email\").type(user).should(\"have.value\", user);\n  cy.get(\".password\").type(password).should(\"have.value\", password);\n  cy.get(\".login\").click();\n  cy.get(\".main-error\").should(\"be.visible\");\n});",
              "err": {},
              "uuid": "244f6465-1372-4e55-9c20-1c0cf34b2030",
              "parentUUID": "da1f0dae-4ee7-42df-b117-7161f009e901",
              "isHook": false,
              "skipped": false
            }
          ],
          "suites": [],
          "passes": [
            "fe446985-6690-4086-829a-b92d46a897fc",
            "9ce40a9c-e728-4b41-a3be-529c91844079",
            "b155c2f4-6e15-4b6d-96f1-7bb95c74f1a7",
            "6d262fc4-9998-4f06-97b5-98bf93c010ef",
            "43fc95ee-5a53-4bfd-a36b-5cacec9d940a",
            "3dbcf010-c3fc-42d4-b5e4-f62c9c337326",
            "7a7ed6cc-93e5-45ac-b3e7-6da8b3e2f839",
            "96976e65-b07a-4afd-b65a-8a9997869a6a",
            "dcea53ea-96aa-4fe3-81fd-4d8e0a4d541c",
            "244f6465-1372-4e55-9c20-1c0cf34b2030"
          ],
          "failures": [],
          "pending": [],
          "skipped": [],
          "duration": 16683,
          "root": false,
          "rootEmpty": false,
          "_timeout": 2000
        }
      ],
      "passes": [],
      "failures": [],
      "pending": [],
      "skipped": [],
      "duration": 0,
      "root": true,
      "rootEmpty": true,
      "_timeout": 2000
    }
  ],
  "meta": {
    "mocha": {
      "version": "7.0.1"
    },
    "mochawesome": {
      "options": {
        "quiet": false,
        "reportFilename": "mochawesome",
        "saveHtml": false,
        "saveJson": true,
        "consoleReporter": "spec",
        "useInlineDiffs": false,
        "code": true
      },
      "version": "6.2.2"
    },
    "marge": {
      "options": {
        "charts": true,
        "overwrite": false,
        "html": false,
        "json": true,
        "reportDir": "cypress/report/mochawesome-report"
      },
      "version": "5.2.0"
    }
  }
}