{
  "stats": {
    "suites": 1,
    "tests": 5,
    "passes": 5,
    "pending": 0,
    "failures": 0,
    "start": "2021-03-14T23:27:25.668Z",
    "end": "2021-03-14T23:27:44.322Z",
    "duration": 18654,
    "testsRegistered": 5,
    "passPercent": 100,
    "pendingPercent": 0,
    "other": 0,
    "hasOther": false,
    "skipped": 0,
    "hasSkipped": false
  },
  "results": [
    {
      "uuid": "f0ed3986-fe5e-42cb-982f-f59819d697d5",
      "title": "",
      "fullFile": "cypress/integration/aleatorio/change_site_title_description.spec.js",
      "file": "cypress/integration/aleatorio/change_site_title_description.spec.js",
      "beforeHooks": [],
      "afterHooks": [],
      "tests": [],
      "suites": [
        {
          "uuid": "fcd50e85-ab57-4dd2-9c7d-0178927c116f",
          "title": "Change the site description",
          "fullFile": "",
          "file": "",
          "beforeHooks": [],
          "afterHooks": [],
          "tests": [
            {
              "title": "Change the description",
              "fullTitle": "Change the site description Change the description",
              "timedOut": null,
              "duration": 7299,
              "state": "passed",
              "speed": "slow",
              "pass": true,
              "fail": false,
              "pending": false,
              "context": null,
              "code": "var description = faker.commerce.productName();\ncy.visit('signin');\ncy.get('.email').type('deyvidm18@gmail.com').should('have.value', 'deyvidm18@gmail.com');\ncy.get('.password').type('m!K5K8V@HkFkPMr').should('have.value', 'm!K5K8V@HkFkPMr');\ncy.get('.login').click();\ncy.get('ul.gh-nav-manage > li.gh-nav-list-h:first-child').should('have.text', 'Manage');\ncy.get('ul.gh-nav-settings > li.gh-nav-list-h:first-child').should('have.text', 'Settings');\ncy.get('ul.gh-nav-settings > li:nth-child(2) > a').click();\ncy.get('.mt2 >.gh-setting-first .gh-setting-action .gh-btn:first-child').click({\n  force: true\n});\ncy.get('div.description-container>input.gh-input').clear({\n  force: true\n});\ncy.get('div.description-container>input.gh-input').type(description).should('have.value', description);\ncy.get('button.gh-btn-blue').click();",
              "err": {},
              "uuid": "9a6b0175-00bd-4b62-9443-3886e5ac1242",
              "parentUUID": "fcd50e85-ab57-4dd2-9c7d-0178927c116f",
              "isHook": false,
              "skipped": false
            },
            {
              "title": "Change the description",
              "fullTitle": "Change the site description Change the description",
              "timedOut": null,
              "duration": 2943,
              "state": "passed",
              "speed": "slow",
              "pass": true,
              "fail": false,
              "pending": false,
              "context": null,
              "code": "var description = faker.commerce.productName();\ncy.visit('signin');\ncy.get('.email').type('deyvidm18@gmail.com').should('have.value', 'deyvidm18@gmail.com');\ncy.get('.password').type('m!K5K8V@HkFkPMr').should('have.value', 'm!K5K8V@HkFkPMr');\ncy.get('.login').click();\ncy.get('ul.gh-nav-manage > li.gh-nav-list-h:first-child').should('have.text', 'Manage');\ncy.get('ul.gh-nav-settings > li.gh-nav-list-h:first-child').should('have.text', 'Settings');\ncy.get('ul.gh-nav-settings > li:nth-child(2) > a').click();\ncy.get('.mt2 >.gh-setting-first .gh-setting-action .gh-btn:first-child').click({\n  force: true\n});\ncy.get('div.description-container>input.gh-input').clear({\n  force: true\n});\ncy.get('div.description-container>input.gh-input').type(description).should('have.value', description);\ncy.get('button.gh-btn-blue').click();",
              "err": {},
              "uuid": "71ea2c3d-3199-4df7-b645-c80481d78151",
              "parentUUID": "fcd50e85-ab57-4dd2-9c7d-0178927c116f",
              "isHook": false,
              "skipped": false
            },
            {
              "title": "Change the description",
              "fullTitle": "Change the site description Change the description",
              "timedOut": null,
              "duration": 2964,
              "state": "passed",
              "speed": "slow",
              "pass": true,
              "fail": false,
              "pending": false,
              "context": null,
              "code": "var description = faker.commerce.productName();\ncy.visit('signin');\ncy.get('.email').type('deyvidm18@gmail.com').should('have.value', 'deyvidm18@gmail.com');\ncy.get('.password').type('m!K5K8V@HkFkPMr').should('have.value', 'm!K5K8V@HkFkPMr');\ncy.get('.login').click();\ncy.get('ul.gh-nav-manage > li.gh-nav-list-h:first-child').should('have.text', 'Manage');\ncy.get('ul.gh-nav-settings > li.gh-nav-list-h:first-child').should('have.text', 'Settings');\ncy.get('ul.gh-nav-settings > li:nth-child(2) > a').click();\ncy.get('.mt2 >.gh-setting-first .gh-setting-action .gh-btn:first-child').click({\n  force: true\n});\ncy.get('div.description-container>input.gh-input').clear({\n  force: true\n});\ncy.get('div.description-container>input.gh-input').type(description).should('have.value', description);\ncy.get('button.gh-btn-blue').click();",
              "err": {},
              "uuid": "dc0a101d-ba3c-4183-8eeb-fd0548bf6cd0",
              "parentUUID": "fcd50e85-ab57-4dd2-9c7d-0178927c116f",
              "isHook": false,
              "skipped": false
            },
            {
              "title": "Change the description",
              "fullTitle": "Change the site description Change the description",
              "timedOut": null,
              "duration": 2577,
              "state": "passed",
              "speed": "slow",
              "pass": true,
              "fail": false,
              "pending": false,
              "context": null,
              "code": "var description = faker.commerce.productName();\ncy.visit('signin');\ncy.get('.email').type('deyvidm18@gmail.com').should('have.value', 'deyvidm18@gmail.com');\ncy.get('.password').type('m!K5K8V@HkFkPMr').should('have.value', 'm!K5K8V@HkFkPMr');\ncy.get('.login').click();\ncy.get('ul.gh-nav-manage > li.gh-nav-list-h:first-child').should('have.text', 'Manage');\ncy.get('ul.gh-nav-settings > li.gh-nav-list-h:first-child').should('have.text', 'Settings');\ncy.get('ul.gh-nav-settings > li:nth-child(2) > a').click();\ncy.get('.mt2 >.gh-setting-first .gh-setting-action .gh-btn:first-child').click({\n  force: true\n});\ncy.get('div.description-container>input.gh-input').clear({\n  force: true\n});\ncy.get('div.description-container>input.gh-input').type(description).should('have.value', description);\ncy.get('button.gh-btn-blue').click();",
              "err": {},
              "uuid": "b6d70afa-758b-45fc-93d3-7c13e1f8f640",
              "parentUUID": "fcd50e85-ab57-4dd2-9c7d-0178927c116f",
              "isHook": false,
              "skipped": false
            },
            {
              "title": "Change the description",
              "fullTitle": "Change the site description Change the description",
              "timedOut": null,
              "duration": 2645,
              "state": "passed",
              "speed": "slow",
              "pass": true,
              "fail": false,
              "pending": false,
              "context": null,
              "code": "var description = faker.commerce.productName();\ncy.visit('signin');\ncy.get('.email').type('deyvidm18@gmail.com').should('have.value', 'deyvidm18@gmail.com');\ncy.get('.password').type('m!K5K8V@HkFkPMr').should('have.value', 'm!K5K8V@HkFkPMr');\ncy.get('.login').click();\ncy.get('ul.gh-nav-manage > li.gh-nav-list-h:first-child').should('have.text', 'Manage');\ncy.get('ul.gh-nav-settings > li.gh-nav-list-h:first-child').should('have.text', 'Settings');\ncy.get('ul.gh-nav-settings > li:nth-child(2) > a').click();\ncy.get('.mt2 >.gh-setting-first .gh-setting-action .gh-btn:first-child').click({\n  force: true\n});\ncy.get('div.description-container>input.gh-input').clear({\n  force: true\n});\ncy.get('div.description-container>input.gh-input').type(description).should('have.value', description);\ncy.get('button.gh-btn-blue').click();",
              "err": {},
              "uuid": "266ea145-ac9b-42c0-bcea-bf1288f9c7e7",
              "parentUUID": "fcd50e85-ab57-4dd2-9c7d-0178927c116f",
              "isHook": false,
              "skipped": false
            }
          ],
          "suites": [],
          "passes": [
            "9a6b0175-00bd-4b62-9443-3886e5ac1242",
            "71ea2c3d-3199-4df7-b645-c80481d78151",
            "dc0a101d-ba3c-4183-8eeb-fd0548bf6cd0",
            "b6d70afa-758b-45fc-93d3-7c13e1f8f640",
            "266ea145-ac9b-42c0-bcea-bf1288f9c7e7"
          ],
          "failures": [],
          "pending": [],
          "skipped": [],
          "duration": 18428,
          "root": false,
          "rootEmpty": false,
          "_timeout": 2000
        }
      ],
      "passes": [],
      "failures": [],
      "pending": [],
      "skipped": [],
      "duration": 0,
      "root": true,
      "rootEmpty": true,
      "_timeout": 2000
    }
  ],
  "meta": {
    "mocha": {
      "version": "7.0.1"
    },
    "mochawesome": {
      "options": {
        "quiet": false,
        "reportFilename": "mochawesome",
        "saveHtml": false,
        "saveJson": true,
        "consoleReporter": "spec",
        "useInlineDiffs": false,
        "code": true
      },
      "version": "6.2.2"
    },
    "marge": {
      "options": {
        "charts": true,
        "overwrite": false,
        "html": false,
        "json": true,
        "reportDir": "cypress/report/mochawesome-report"
      },
      "version": "5.2.0"
    }
  }
}