{
  "stats": {
    "suites": 1,
    "tests": 5,
    "passes": 5,
    "pending": 0,
    "failures": 0,
    "start": "2021-03-14T23:34:20.462Z",
    "end": "2021-03-14T23:34:42.076Z",
    "duration": 21614,
    "testsRegistered": 5,
    "passPercent": 100,
    "pendingPercent": 0,
    "other": 0,
    "hasOther": false,
    "skipped": 0,
    "hasSkipped": false
  },
  "results": [
    {
      "uuid": "30666f9a-04cc-41a6-a836-59bf0d459482",
      "title": "",
      "fullFile": "cypress/integration/pool-datos/new_page.spec.js",
      "file": "cypress/integration/pool-datos/new_page.spec.js",
      "beforeHooks": [],
      "afterHooks": [],
      "tests": [],
      "suites": [
        {
          "uuid": "c4ad47b9-3089-4951-99f8-57b7e4ceebba",
          "title": "Create new page",
          "fullFile": "",
          "file": "",
          "beforeHooks": [],
          "afterHooks": [],
          "tests": [
            {
              "title": "Create a new page to add content to the site",
              "fullTitle": "Create new page Create a new page to add content to the site",
              "timedOut": null,
              "duration": 7404,
              "state": "passed",
              "speed": "slow",
              "pass": true,
              "fail": false,
              "pending": false,
              "context": null,
              "code": "cy.fixture(\"pool-data.json\").then(function (data) {\n  var user = data.username;\n  var password = data.password;\n  var title = data.description;\n  cy.visit(\"signin\");\n  cy.get(\".email\").type(user).should(\"have.value\", user);\n  cy.get(\".password\").type(password).should(\"have.value\", password);\n  cy.get(\".login\").click();\n  cy.get(\"ul.gh-nav-manage > li.gh-nav-list-h:first-child\").should(\"have.text\", \"Manage\");\n  cy.get(\"ul.gh-nav-settings > li.gh-nav-list-h:first-child\").should(\"have.text\", \"Settings\");\n  cy.get(\"ul.gh-nav-manage > li:nth-child(3) > a\").click();\n  cy.get(\".view-actions >  .gh-btn-green\").click();\n  cy.get(\"textarea.gh-editor-title\").type(title).should(\"have.value\", title);\n});",
              "err": {},
              "uuid": "61a650cd-c1eb-4ab9-908d-f844972ed264",
              "parentUUID": "c4ad47b9-3089-4951-99f8-57b7e4ceebba",
              "isHook": false,
              "skipped": false
            },
            {
              "title": "Create a new page to add content to the site",
              "fullTitle": "Create new page Create a new page to add content to the site",
              "timedOut": null,
              "duration": 3967,
              "state": "passed",
              "speed": "slow",
              "pass": true,
              "fail": false,
              "pending": false,
              "context": null,
              "code": "cy.fixture(\"pool-data.json\").then(function (data) {\n  var user = data.username;\n  var password = data.password;\n  var title = data.description2;\n  cy.visit(\"signin\");\n  cy.get(\".email\").type(user).should(\"have.value\", user);\n  cy.get(\".password\").type(password).should(\"have.value\", password);\n  cy.get(\".login\").click();\n  cy.get(\"ul.gh-nav-manage > li.gh-nav-list-h:first-child\").should(\"have.text\", \"Manage\");\n  cy.get(\"ul.gh-nav-settings > li.gh-nav-list-h:first-child\").should(\"have.text\", \"Settings\");\n  cy.get(\"ul.gh-nav-manage > li:nth-child(3) > a\").click();\n  cy.get(\".view-actions >  .gh-btn-green\").click();\n  cy.get(\"textarea.gh-editor-title\").type(title).should(\"have.value\", title);\n});",
              "err": {},
              "uuid": "fdc2febd-b775-40a5-bed0-a3610d9e6654",
              "parentUUID": "c4ad47b9-3089-4951-99f8-57b7e4ceebba",
              "isHook": false,
              "skipped": false
            },
            {
              "title": "Create a new page to add content to the site",
              "fullTitle": "Create new page Create a new page to add content to the site",
              "timedOut": null,
              "duration": 3420,
              "state": "passed",
              "speed": "slow",
              "pass": true,
              "fail": false,
              "pending": false,
              "context": null,
              "code": "cy.fixture(\"pool-data.json\").then(function (data) {\n  var user = data.username;\n  var password = data.password;\n  var title = data.description3;\n  cy.visit(\"signin\");\n  cy.get(\".email\").type(user).should(\"have.value\", user);\n  cy.get(\".password\").type(password).should(\"have.value\", password);\n  cy.get(\".login\").click();\n  cy.get(\"ul.gh-nav-manage > li.gh-nav-list-h:first-child\").should(\"have.text\", \"Manage\");\n  cy.get(\"ul.gh-nav-settings > li.gh-nav-list-h:first-child\").should(\"have.text\", \"Settings\");\n  cy.get(\"ul.gh-nav-manage > li:nth-child(3) > a\").click();\n  cy.get(\".view-actions >  .gh-btn-green\").click();\n  cy.get(\"textarea.gh-editor-title\").type(title).should(\"have.value\", title);\n});",
              "err": {},
              "uuid": "5347edde-748e-4212-8da7-b3a357e64c3b",
              "parentUUID": "c4ad47b9-3089-4951-99f8-57b7e4ceebba",
              "isHook": false,
              "skipped": false
            },
            {
              "title": "Create a new page to add content to the site",
              "fullTitle": "Create new page Create a new page to add content to the site",
              "timedOut": null,
              "duration": 3234,
              "state": "passed",
              "speed": "slow",
              "pass": true,
              "fail": false,
              "pending": false,
              "context": null,
              "code": "cy.fixture(\"pool-data.json\").then(function (data) {\n  var user = data.username;\n  var password = data.password;\n  var title = data.description4;\n  cy.visit(\"signin\");\n  cy.get(\".email\").type(user).should(\"have.value\", user);\n  cy.get(\".password\").type(password).should(\"have.value\", password);\n  cy.get(\".login\").click();\n  cy.get(\"ul.gh-nav-manage > li.gh-nav-list-h:first-child\").should(\"have.text\", \"Manage\");\n  cy.get(\"ul.gh-nav-settings > li.gh-nav-list-h:first-child\").should(\"have.text\", \"Settings\");\n  cy.get(\"ul.gh-nav-manage > li:nth-child(3) > a\").click();\n  cy.get(\".view-actions >  .gh-btn-green\").click();\n  cy.get(\"textarea.gh-editor-title\").type(title).should(\"have.value\", title);\n});",
              "err": {},
              "uuid": "bc1ccd98-36cb-4c88-a399-edc0686d8855",
              "parentUUID": "c4ad47b9-3089-4951-99f8-57b7e4ceebba",
              "isHook": false,
              "skipped": false
            },
            {
              "title": "Create a new page to add content to the site",
              "fullTitle": "Create new page Create a new page to add content to the site",
              "timedOut": null,
              "duration": 3355,
              "state": "passed",
              "speed": "slow",
              "pass": true,
              "fail": false,
              "pending": false,
              "context": null,
              "code": "cy.fixture(\"pool-data.json\").then(function (data) {\n  var user = data.username;\n  var password = data.password;\n  var title = data.description5;\n  cy.visit(\"signin\");\n  cy.get(\".email\").type(user).should(\"have.value\", user);\n  cy.get(\".password\").type(password).should(\"have.value\", password);\n  cy.get(\".login\").click();\n  cy.get(\"ul.gh-nav-manage > li.gh-nav-list-h:first-child\").should(\"have.text\", \"Manage\");\n  cy.get(\"ul.gh-nav-settings > li.gh-nav-list-h:first-child\").should(\"have.text\", \"Settings\");\n  cy.get(\"ul.gh-nav-manage > li:nth-child(3) > a\").click();\n  cy.get(\".view-actions >  .gh-btn-green\").click();\n  cy.get(\"textarea.gh-editor-title\").type(title).should(\"have.value\", title);\n});",
              "err": {},
              "uuid": "00b308ca-2682-457a-b4db-efc42a73828e",
              "parentUUID": "c4ad47b9-3089-4951-99f8-57b7e4ceebba",
              "isHook": false,
              "skipped": false
            }
          ],
          "suites": [],
          "passes": [
            "61a650cd-c1eb-4ab9-908d-f844972ed264",
            "fdc2febd-b775-40a5-bed0-a3610d9e6654",
            "5347edde-748e-4212-8da7-b3a357e64c3b",
            "bc1ccd98-36cb-4c88-a399-edc0686d8855",
            "00b308ca-2682-457a-b4db-efc42a73828e"
          ],
          "failures": [],
          "pending": [],
          "skipped": [],
          "duration": 21380,
          "root": false,
          "rootEmpty": false,
          "_timeout": 2000
        }
      ],
      "passes": [],
      "failures": [],
      "pending": [],
      "skipped": [],
      "duration": 0,
      "root": true,
      "rootEmpty": true,
      "_timeout": 2000
    }
  ],
  "meta": {
    "mocha": {
      "version": "7.0.1"
    },
    "mochawesome": {
      "options": {
        "quiet": false,
        "reportFilename": "mochawesome",
        "saveHtml": false,
        "saveJson": true,
        "consoleReporter": "spec",
        "useInlineDiffs": false,
        "code": true
      },
      "version": "6.2.2"
    },
    "marge": {
      "options": {
        "charts": true,
        "overwrite": false,
        "html": false,
        "json": true,
        "reportDir": "cypress/report/mochawesome-report"
      },
      "version": "5.2.0"
    }
  }
}